{"E:\\Bitbuckets\\socioboard-4.0-nodejs\\apis\\user\\core\\admin\\utils\\adminlibs.js": {"path":"E:\\Bitbuckets\\socioboard-4.0-nodejs\\apis\\user\\core\\admin\\utils\\adminlibs.js","statementMap":{"0":{"start":{"line":1,"column":15},"end":{"line":1,"column":32}},"1":{"start":{"line":2,"column":15},"end":{"line":2,"column":32}},"2":{"start":{"line":3,"column":11},"end":{"line":3,"column":68}},"3":{"start":{"line":4,"column":15},"end":{"line":4,"column":49}},"4":{"start":{"line":6,"column":23},"end":{"line":6,"column":42}},"5":{"start":{"line":7,"column":20},"end":{"line":7,"column":35}},"6":{"start":{"line":8,"column":21},"end":{"line":8,"column":37}},"7":{"start":{"line":9,"column":16},"end":{"line":9,"column":26}},"8":{"start":{"line":10,"column":20},"end":{"line":10,"column":35}},"9":{"start":{"line":11,"column":32},"end":{"line":11,"column":59}},"10":{"start":{"line":12,"column":17},"end":{"line":12,"column":32}},"11":{"start":{"line":14,"column":26},"end":{"line":14,"column":85}},"12":{"start":{"line":15,"column":26},"end":{"line":15,"column":82}},"13":{"start":{"line":20,"column":8},"end":{"line":20,"column":80}},"14":{"start":{"line":24,"column":8},"end":{"line":63,"column":11}},"15":{"start":{"line":25,"column":12},"end":{"line":62,"column":19}},"16":{"start":{"line":42,"column":35},"end":{"line":42,"column":50}},"17":{"start":{"line":43,"column":20},"end":{"line":55,"column":21}},"18":{"start":{"line":44,"column":36},"end":{"line":51,"column":25}},"19":{"start":{"line":52,"column":24},"end":{"line":52,"column":37}},"20":{"start":{"line":54,"column":24},"end":{"line":54,"column":65}},"21":{"start":{"line":58,"column":20},"end":{"line":58,"column":38}},"22":{"start":{"line":61,"column":20},"end":{"line":61,"column":34}},"23":{"start":{"line":67,"column":8},"end":{"line":86,"column":11}},"24":{"start":{"line":68,"column":12},"end":{"line":85,"column":19}},"25":{"start":{"line":70,"column":20},"end":{"line":70,"column":67}},"26":{"start":{"line":71,"column":20},"end":{"line":71,"column":68}},"27":{"start":{"line":72,"column":20},"end":{"line":81,"column":67}},"28":{"start":{"line":73,"column":50},"end":{"line":73,"column":73}},"29":{"start":{"line":74,"column":24},"end":{"line":79,"column":31}},"30":{"start":{"line":76,"column":32},"end":{"line":76,"column":48}},"31":{"start":{"line":78,"column":32},"end":{"line":78,"column":44}},"32":{"start":{"line":81,"column":24},"end":{"line":81,"column":67}},"33":{"start":{"line":84,"column":20},"end":{"line":84,"column":34}},"34":{"start":{"line":90,"column":21},"end":{"line":90,"column":23}},"35":{"start":{"line":91,"column":8},"end":{"line":104,"column":11}},"36":{"start":{"line":92,"column":12},"end":{"line":103,"column":19}},"37":{"start":{"line":94,"column":20},"end":{"line":94,"column":38}},"38":{"start":{"line":95,"column":44},"end":{"line":95,"column":67}},"39":{"start":{"line":96,"column":20},"end":{"line":96,"column":63}},"40":{"start":{"line":99,"column":20},"end":{"line":99,"column":72}},"41":{"start":{"line":102,"column":20},"end":{"line":102,"column":34}},"42":{"start":{"line":108,"column":8},"end":{"line":121,"column":11}},"43":{"start":{"line":109,"column":12},"end":{"line":120,"column":13}},"44":{"start":{"line":110,"column":16},"end":{"line":110,"column":52}},"45":{"start":{"line":112,"column":40},"end":{"line":112,"column":63}},"46":{"start":{"line":113,"column":16},"end":{"line":119,"column":23}},"47":{"start":{"line":115,"column":24},"end":{"line":115,"column":42}},"48":{"start":{"line":118,"column":24},"end":{"line":118,"column":38}},"49":{"start":{"line":125,"column":8},"end":{"line":176,"column":11}},"50":{"start":{"line":126,"column":12},"end":{"line":127,"column":32}},"51":{"start":{"line":127,"column":16},"end":{"line":127,"column":32}},"52":{"start":{"line":128,"column":12},"end":{"line":129,"column":42}},"53":{"start":{"line":129,"column":16},"end":{"line":129,"column":42}},"54":{"start":{"line":131,"column":12},"end":{"line":175,"column":13}},"55":{"start":{"line":132,"column":16},"end":{"line":132,"column":52}},"56":{"start":{"line":134,"column":29},"end":{"line":134,"column":70}},"57":{"start":{"line":135,"column":16},"end":{"line":174,"column":23}},"58":{"start":{"line":149,"column":46},"end":{"line":149,"column":48}},"59":{"start":{"line":150,"column":24},"end":{"line":169,"column":27}},"60":{"start":{"line":151,"column":39},"end":{"line":167,"column":29}},"61":{"start":{"line":168,"column":28},"end":{"line":168,"column":55}},"62":{"start":{"line":170,"column":24},"end":{"line":170,"column":49}},"63":{"start":{"line":173,"column":24},"end":{"line":173,"column":38}},"64":{"start":{"line":180,"column":8},"end":{"line":226,"column":11}},"65":{"start":{"line":181,"column":12},"end":{"line":225,"column":13}},"66":{"start":{"line":183,"column":20},"end":{"line":185,"column":57}},"67":{"start":{"line":184,"column":44},"end":{"line":184,"column":60}},"68":{"start":{"line":185,"column":42},"end":{"line":185,"column":55}},"69":{"start":{"line":187,"column":20},"end":{"line":193,"column":21}},"70":{"start":{"line":188,"column":24},"end":{"line":188,"column":60}},"71":{"start":{"line":190,"column":24},"end":{"line":192,"column":61}},"72":{"start":{"line":191,"column":48},"end":{"line":191,"column":64}},"73":{"start":{"line":192,"column":46},"end":{"line":192,"column":59}},"74":{"start":{"line":194,"column":20},"end":{"line":194,"column":26}},"75":{"start":{"line":196,"column":20},"end":{"line":202,"column":21}},"76":{"start":{"line":197,"column":24},"end":{"line":197,"column":60}},"77":{"start":{"line":199,"column":24},"end":{"line":201,"column":61}},"78":{"start":{"line":200,"column":48},"end":{"line":200,"column":64}},"79":{"start":{"line":201,"column":46},"end":{"line":201,"column":59}},"80":{"start":{"line":203,"column":20},"end":{"line":203,"column":26}},"81":{"start":{"line":205,"column":20},"end":{"line":219,"column":21}},"82":{"start":{"line":206,"column":24},"end":{"line":206,"column":60}},"83":{"start":{"line":208,"column":42},"end":{"line":208,"column":67}},"84":{"start":{"line":209,"column":24},"end":{"line":218,"column":61}},"85":{"start":{"line":217,"column":48},"end":{"line":217,"column":64}},"86":{"start":{"line":218,"column":46},"end":{"line":218,"column":59}},"87":{"start":{"line":220,"column":20},"end":{"line":220,"column":26}},"88":{"start":{"line":222,"column":20},"end":{"line":224,"column":57}},"89":{"start":{"line":223,"column":44},"end":{"line":223,"column":60}},"90":{"start":{"line":224,"column":42},"end":{"line":224,"column":55}},"91":{"start":{"line":230,"column":8},"end":{"line":244,"column":11}},"92":{"start":{"line":231,"column":12},"end":{"line":243,"column":13}},"93":{"start":{"line":232,"column":16},"end":{"line":232,"column":52}},"94":{"start":{"line":234,"column":16},"end":{"line":242,"column":23}},"95":{"start":{"line":238,"column":24},"end":{"line":238,"column":40}},"96":{"start":{"line":241,"column":24},"end":{"line":241,"column":38}},"97":{"start":{"line":248,"column":8},"end":{"line":274,"column":11}},"98":{"start":{"line":249,"column":12},"end":{"line":273,"column":13}},"99":{"start":{"line":250,"column":16},"end":{"line":250,"column":52}},"100":{"start":{"line":252,"column":16},"end":{"line":272,"column":23}},"101":{"start":{"line":264,"column":24},"end":{"line":268,"column":25}},"102":{"start":{"line":265,"column":28},"end":{"line":265,"column":87}},"103":{"start":{"line":267,"column":28},"end":{"line":267,"column":44}},"104":{"start":{"line":271,"column":24},"end":{"line":271,"column":38}},"105":{"start":{"line":278,"column":8},"end":{"line":293,"column":11}},"106":{"start":{"line":279,"column":12},"end":{"line":292,"column":13}},"107":{"start":{"line":280,"column":16},"end":{"line":280,"column":52}},"108":{"start":{"line":282,"column":16},"end":{"line":291,"column":53}},"109":{"start":{"line":284,"column":24},"end":{"line":286,"column":27}},"110":{"start":{"line":289,"column":24},"end":{"line":289,"column":82}},"111":{"start":{"line":291,"column":38},"end":{"line":291,"column":51}},"112":{"start":{"line":297,"column":8},"end":{"line":325,"column":11}},"113":{"start":{"line":298,"column":12},"end":{"line":324,"column":13}},"114":{"start":{"line":299,"column":16},"end":{"line":299,"column":52}},"115":{"start":{"line":301,"column":16},"end":{"line":323,"column":53}},"116":{"start":{"line":305,"column":24},"end":{"line":308,"column":58}},"117":{"start":{"line":306,"column":28},"end":{"line":306,"column":96}},"118":{"start":{"line":308,"column":28},"end":{"line":308,"column":58}},"119":{"start":{"line":311,"column":24},"end":{"line":318,"column":25}},"120":{"start":{"line":312,"column":28},"end":{"line":312,"column":128}},"121":{"start":{"line":314,"column":28},"end":{"line":317,"column":73}},"122":{"start":{"line":321,"column":24},"end":{"line":321,"column":58}},"123":{"start":{"line":323,"column":38},"end":{"line":323,"column":51}},"124":{"start":{"line":329,"column":8},"end":{"line":348,"column":11}},"125":{"start":{"line":330,"column":12},"end":{"line":347,"column":13}},"126":{"start":{"line":331,"column":16},"end":{"line":331,"column":52}},"127":{"start":{"line":333,"column":16},"end":{"line":346,"column":53}},"128":{"start":{"line":335,"column":24},"end":{"line":341,"column":25}},"129":{"start":{"line":336,"column":28},"end":{"line":338,"column":73}},"130":{"start":{"line":340,"column":28},"end":{"line":340,"column":76}},"131":{"start":{"line":344,"column":24},"end":{"line":344,"column":66}},"132":{"start":{"line":346,"column":38},"end":{"line":346,"column":51}},"133":{"start":{"line":352,"column":8},"end":{"line":359,"column":11}},"134":{"start":{"line":353,"column":12},"end":{"line":358,"column":19}},"135":{"start":{"line":355,"column":20},"end":{"line":355,"column":38}},"136":{"start":{"line":357,"column":20},"end":{"line":357,"column":34}},"137":{"start":{"line":363,"column":8},"end":{"line":423,"column":11}},"138":{"start":{"line":364,"column":12},"end":{"line":422,"column":13}},"139":{"start":{"line":365,"column":16},"end":{"line":365,"column":52}},"140":{"start":{"line":367,"column":34},"end":{"line":367,"column":53}},"141":{"start":{"line":368,"column":16},"end":{"line":421,"column":23}},"142":{"start":{"line":376,"column":47},"end":{"line":376,"column":86}},"143":{"start":{"line":377,"column":24},"end":{"line":409,"column":25}},"144":{"start":{"line":378,"column":28},"end":{"line":378,"column":92}},"145":{"start":{"line":380,"column":48},"end":{"line":380,"column":59}},"146":{"start":{"line":381,"column":40},"end":{"line":407,"column":29}},"147":{"start":{"line":408,"column":28},"end":{"line":408,"column":138}},"148":{"start":{"line":412,"column":55},"end":{"line":412,"column":63}},"149":{"start":{"line":413,"column":24},"end":{"line":417,"column":25}},"150":{"start":{"line":414,"column":28},"end":{"line":414,"column":92}},"151":{"start":{"line":416,"column":28},"end":{"line":416,"column":46}},"152":{"start":{"line":420,"column":24},"end":{"line":420,"column":38}},"153":{"start":{"line":428,"column":8},"end":{"line":451,"column":11}},"154":{"start":{"line":429,"column":12},"end":{"line":450,"column":13}},"155":{"start":{"line":430,"column":16},"end":{"line":430,"column":52}},"156":{"start":{"line":432,"column":16},"end":{"line":449,"column":23}},"157":{"start":{"line":436,"column":24},"end":{"line":442,"column":25}},"158":{"start":{"line":437,"column":28},"end":{"line":437,"column":82}},"159":{"start":{"line":439,"column":28},"end":{"line":441,"column":31}},"160":{"start":{"line":440,"column":32},"end":{"line":440,"column":46}},"161":{"start":{"line":445,"column":24},"end":{"line":445,"column":40}},"162":{"start":{"line":448,"column":24},"end":{"line":448,"column":38}},"163":{"start":{"line":455,"column":8},"end":{"line":482,"column":11}},"164":{"start":{"line":456,"column":12},"end":{"line":481,"column":13}},"165":{"start":{"line":457,"column":16},"end":{"line":457,"column":52}},"166":{"start":{"line":459,"column":16},"end":{"line":480,"column":17}},"167":{"start":{"line":460,"column":20},"end":{"line":476,"column":27}},"168":{"start":{"line":464,"column":28},"end":{"line":470,"column":29}},"169":{"start":{"line":465,"column":32},"end":{"line":465,"column":68}},"170":{"start":{"line":467,"column":32},"end":{"line":469,"column":35}},"171":{"start":{"line":473,"column":28},"end":{"line":473,"column":125}},"172":{"start":{"line":475,"column":28},"end":{"line":475,"column":42}},"173":{"start":{"line":479,"column":20},"end":{"line":479,"column":85}},"174":{"start":{"line":486,"column":8},"end":{"line":522,"column":11}},"175":{"start":{"line":487,"column":12},"end":{"line":521,"column":13}},"176":{"start":{"line":488,"column":16},"end":{"line":488,"column":52}},"177":{"start":{"line":491,"column":16},"end":{"line":520,"column":17}},"178":{"start":{"line":492,"column":20},"end":{"line":492,"column":77}},"179":{"start":{"line":494,"column":21},"end":{"line":520,"column":17}},"180":{"start":{"line":495,"column":20},"end":{"line":495,"column":155}},"181":{"start":{"line":497,"column":21},"end":{"line":520,"column":17}},"182":{"start":{"line":498,"column":20},"end":{"line":498,"column":84}},"183":{"start":{"line":501,"column":20},"end":{"line":501,"column":59}},"184":{"start":{"line":502,"column":20},"end":{"line":502,"column":45}},"185":{"start":{"line":503,"column":20},"end":{"line":503,"column":55}},"186":{"start":{"line":505,"column":20},"end":{"line":519,"column":27}},"187":{"start":{"line":510,"column":59},"end":{"line":510,"column":67}},"188":{"start":{"line":511,"column":28},"end":{"line":515,"column":29}},"189":{"start":{"line":512,"column":32},"end":{"line":512,"column":74}},"190":{"start":{"line":514,"column":32},"end":{"line":514,"column":50}},"191":{"start":{"line":518,"column":28},"end":{"line":518,"column":42}},"192":{"start":{"line":526,"column":8},"end":{"line":546,"column":11}},"193":{"start":{"line":527,"column":12},"end":{"line":545,"column":13}},"194":{"start":{"line":528,"column":16},"end":{"line":528,"column":52}},"195":{"start":{"line":530,"column":16},"end":{"line":544,"column":23}},"196":{"start":{"line":532,"column":24},"end":{"line":543,"column":25}},"197":{"start":{"line":533,"column":43},"end":{"line":533,"column":126}},"198":{"start":{"line":534,"column":28},"end":{"line":534,"column":87}},"199":{"start":{"line":536,"column":28},"end":{"line":542,"column":35}},"200":{"start":{"line":538,"column":36},"end":{"line":538,"column":113}},"201":{"start":{"line":541,"column":36},"end":{"line":541,"column":50}},"202":{"start":{"line":550,"column":8},"end":{"line":557,"column":11}},"203":{"start":{"line":551,"column":12},"end":{"line":556,"column":19}},"204":{"start":{"line":553,"column":20},"end":{"line":553,"column":37}},"205":{"start":{"line":555,"column":20},"end":{"line":555,"column":34}},"206":{"start":{"line":561,"column":8},"end":{"line":609,"column":11}},"207":{"start":{"line":562,"column":12},"end":{"line":608,"column":13}},"208":{"start":{"line":563,"column":16},"end":{"line":563,"column":52}},"209":{"start":{"line":565,"column":37},"end":{"line":565,"column":39}},"210":{"start":{"line":566,"column":33},"end":{"line":577,"column":17}},"211":{"start":{"line":578,"column":16},"end":{"line":607,"column":23}},"212":{"start":{"line":583,"column":24},"end":{"line":593,"column":25}},"213":{"start":{"line":584,"column":28},"end":{"line":584,"column":60}},"214":{"start":{"line":586,"column":28},"end":{"line":586,"column":54}},"215":{"start":{"line":587,"column":28},"end":{"line":592,"column":31}},"216":{"start":{"line":596,"column":24},"end":{"line":603,"column":25}},"217":{"start":{"line":597,"column":28},"end":{"line":597,"column":60}},"218":{"start":{"line":599,"column":28},"end":{"line":601,"column":31}},"219":{"start":{"line":600,"column":32},"end":{"line":600,"column":62}},"220":{"start":{"line":602,"column":28},"end":{"line":602,"column":52}},"221":{"start":{"line":606,"column":24},"end":{"line":606,"column":38}},"222":{"start":{"line":613,"column":8},"end":{"line":630,"column":11}},"223":{"start":{"line":614,"column":12},"end":{"line":629,"column":13}},"224":{"start":{"line":615,"column":16},"end":{"line":615,"column":52}},"225":{"start":{"line":618,"column":16},"end":{"line":628,"column":23}},"226":{"start":{"line":620,"column":24},"end":{"line":624,"column":25}},"227":{"start":{"line":621,"column":28},"end":{"line":621,"column":58}},"228":{"start":{"line":623,"column":28},"end":{"line":623,"column":44}},"229":{"start":{"line":627,"column":24},"end":{"line":627,"column":38}},"230":{"start":{"line":634,"column":8},"end":{"line":658,"column":11}},"231":{"start":{"line":635,"column":12},"end":{"line":657,"column":13}},"232":{"start":{"line":636,"column":16},"end":{"line":636,"column":52}},"233":{"start":{"line":639,"column":16},"end":{"line":656,"column":23}},"234":{"start":{"line":641,"column":24},"end":{"line":649,"column":25}},"235":{"start":{"line":642,"column":28},"end":{"line":642,"column":74}},"236":{"start":{"line":644,"column":28},"end":{"line":648,"column":31}},"237":{"start":{"line":652,"column":24},"end":{"line":652,"column":58}},"238":{"start":{"line":655,"column":24},"end":{"line":655,"column":38}},"239":{"start":{"line":662,"column":0},"end":{"line":662,"column":28}}},"fnMap":{"0":{"name":"(anonymous_0)","decl":{"start":{"line":19,"column":4},"end":{"line":19,"column":5}},"loc":{"start":{"line":19,"column":18},"end":{"line":21,"column":5}},"line":19},"1":{"name":"(anonymous_1)","decl":{"start":{"line":23,"column":4},"end":{"line":23,"column":5}},"loc":{"start":{"line":23,"column":20},"end":{"line":64,"column":5}},"line":23},"2":{"name":"(anonymous_2)","decl":{"start":{"line":24,"column":27},"end":{"line":24,"column":28}},"loc":{"start":{"line":24,"column":48},"end":{"line":63,"column":9}},"line":24},"3":{"name":"(anonymous_3)","decl":{"start":{"line":41,"column":22},"end":{"line":41,"column":23}},"loc":{"start":{"line":41,"column":34},"end":{"line":56,"column":17}},"line":41},"4":{"name":"(anonymous_4)","decl":{"start":{"line":57,"column":22},"end":{"line":57,"column":23}},"loc":{"start":{"line":57,"column":36},"end":{"line":59,"column":17}},"line":57},"5":{"name":"(anonymous_5)","decl":{"start":{"line":60,"column":23},"end":{"line":60,"column":24}},"loc":{"start":{"line":60,"column":34},"end":{"line":62,"column":17}},"line":60},"6":{"name":"(anonymous_6)","decl":{"start":{"line":66,"column":4},"end":{"line":66,"column":5}},"loc":{"start":{"line":66,"column":25},"end":{"line":87,"column":5}},"line":66},"7":{"name":"(anonymous_7)","decl":{"start":{"line":67,"column":27},"end":{"line":67,"column":28}},"loc":{"start":{"line":67,"column":48},"end":{"line":86,"column":9}},"line":67},"8":{"name":"(anonymous_8)","decl":{"start":{"line":69,"column":22},"end":{"line":69,"column":23}},"loc":{"start":{"line":69,"column":36},"end":{"line":82,"column":17}},"line":69},"9":{"name":"(anonymous_9)","decl":{"start":{"line":75,"column":34},"end":{"line":75,"column":35}},"loc":{"start":{"line":75,"column":46},"end":{"line":77,"column":29}},"line":75},"10":{"name":"(anonymous_10)","decl":{"start":{"line":77,"column":37},"end":{"line":77,"column":38}},"loc":{"start":{"line":77,"column":48},"end":{"line":79,"column":29}},"line":77},"11":{"name":"(anonymous_11)","decl":{"start":{"line":83,"column":23},"end":{"line":83,"column":24}},"loc":{"start":{"line":83,"column":34},"end":{"line":85,"column":17}},"line":83},"12":{"name":"(anonymous_12)","decl":{"start":{"line":89,"column":4},"end":{"line":89,"column":5}},"loc":{"start":{"line":89,"column":21},"end":{"line":105,"column":5}},"line":89},"13":{"name":"(anonymous_13)","decl":{"start":{"line":91,"column":27},"end":{"line":91,"column":28}},"loc":{"start":{"line":91,"column":48},"end":{"line":104,"column":9}},"line":91},"14":{"name":"(anonymous_14)","decl":{"start":{"line":93,"column":22},"end":{"line":93,"column":23}},"loc":{"start":{"line":93,"column":36},"end":{"line":97,"column":17}},"line":93},"15":{"name":"(anonymous_15)","decl":{"start":{"line":98,"column":22},"end":{"line":98,"column":23}},"loc":{"start":{"line":98,"column":36},"end":{"line":100,"column":17}},"line":98},"16":{"name":"(anonymous_16)","decl":{"start":{"line":101,"column":23},"end":{"line":101,"column":24}},"loc":{"start":{"line":101,"column":34},"end":{"line":103,"column":17}},"line":101},"17":{"name":"(anonymous_17)","decl":{"start":{"line":107,"column":4},"end":{"line":107,"column":5}},"loc":{"start":{"line":107,"column":37},"end":{"line":122,"column":5}},"line":107},"18":{"name":"(anonymous_18)","decl":{"start":{"line":108,"column":27},"end":{"line":108,"column":28}},"loc":{"start":{"line":108,"column":48},"end":{"line":121,"column":9}},"line":108},"19":{"name":"(anonymous_19)","decl":{"start":{"line":114,"column":26},"end":{"line":114,"column":27}},"loc":{"start":{"line":114,"column":40},"end":{"line":116,"column":21}},"line":114},"20":{"name":"(anonymous_20)","decl":{"start":{"line":117,"column":27},"end":{"line":117,"column":28}},"loc":{"start":{"line":117,"column":38},"end":{"line":119,"column":21}},"line":117},"21":{"name":"(anonymous_21)","decl":{"start":{"line":124,"column":4},"end":{"line":124,"column":5}},"loc":{"start":{"line":124,"column":61},"end":{"line":177,"column":5}},"line":124},"22":{"name":"(anonymous_22)","decl":{"start":{"line":125,"column":27},"end":{"line":125,"column":28}},"loc":{"start":{"line":125,"column":48},"end":{"line":176,"column":9}},"line":125},"23":{"name":"(anonymous_23)","decl":{"start":{"line":148,"column":26},"end":{"line":148,"column":27}},"loc":{"start":{"line":148,"column":43},"end":{"line":171,"column":21}},"line":148},"24":{"name":"(anonymous_24)","decl":{"start":{"line":150,"column":40},"end":{"line":150,"column":41}},"loc":{"start":{"line":150,"column":48},"end":{"line":169,"column":25}},"line":150},"25":{"name":"(anonymous_25)","decl":{"start":{"line":172,"column":27},"end":{"line":172,"column":28}},"loc":{"start":{"line":172,"column":38},"end":{"line":174,"column":21}},"line":172},"26":{"name":"(anonymous_26)","decl":{"start":{"line":179,"column":4},"end":{"line":179,"column":5}},"loc":{"start":{"line":179,"column":77},"end":{"line":227,"column":5}},"line":179},"27":{"name":"(anonymous_27)","decl":{"start":{"line":180,"column":27},"end":{"line":180,"column":28}},"loc":{"start":{"line":180,"column":48},"end":{"line":226,"column":9}},"line":180},"28":{"name":"(anonymous_28)","decl":{"start":{"line":184,"column":30},"end":{"line":184,"column":31}},"loc":{"start":{"line":184,"column":42},"end":{"line":184,"column":62}},"line":184},"29":{"name":"(anonymous_29)","decl":{"start":{"line":185,"column":31},"end":{"line":185,"column":32}},"loc":{"start":{"line":185,"column":42},"end":{"line":185,"column":55}},"line":185},"30":{"name":"(anonymous_30)","decl":{"start":{"line":191,"column":34},"end":{"line":191,"column":35}},"loc":{"start":{"line":191,"column":46},"end":{"line":191,"column":66}},"line":191},"31":{"name":"(anonymous_31)","decl":{"start":{"line":192,"column":35},"end":{"line":192,"column":36}},"loc":{"start":{"line":192,"column":46},"end":{"line":192,"column":59}},"line":192},"32":{"name":"(anonymous_32)","decl":{"start":{"line":200,"column":34},"end":{"line":200,"column":35}},"loc":{"start":{"line":200,"column":46},"end":{"line":200,"column":66}},"line":200},"33":{"name":"(anonymous_33)","decl":{"start":{"line":201,"column":35},"end":{"line":201,"column":36}},"loc":{"start":{"line":201,"column":46},"end":{"line":201,"column":59}},"line":201},"34":{"name":"(anonymous_34)","decl":{"start":{"line":217,"column":34},"end":{"line":217,"column":35}},"loc":{"start":{"line":217,"column":46},"end":{"line":217,"column":66}},"line":217},"35":{"name":"(anonymous_35)","decl":{"start":{"line":218,"column":35},"end":{"line":218,"column":36}},"loc":{"start":{"line":218,"column":46},"end":{"line":218,"column":59}},"line":218},"36":{"name":"(anonymous_36)","decl":{"start":{"line":223,"column":30},"end":{"line":223,"column":31}},"loc":{"start":{"line":223,"column":42},"end":{"line":223,"column":62}},"line":223},"37":{"name":"(anonymous_37)","decl":{"start":{"line":224,"column":31},"end":{"line":224,"column":32}},"loc":{"start":{"line":224,"column":42},"end":{"line":224,"column":55}},"line":224},"38":{"name":"(anonymous_38)","decl":{"start":{"line":229,"column":4},"end":{"line":229,"column":5}},"loc":{"start":{"line":229,"column":34},"end":{"line":245,"column":5}},"line":229},"39":{"name":"(anonymous_39)","decl":{"start":{"line":230,"column":27},"end":{"line":230,"column":28}},"loc":{"start":{"line":230,"column":48},"end":{"line":244,"column":9}},"line":230},"40":{"name":"(anonymous_40)","decl":{"start":{"line":237,"column":26},"end":{"line":237,"column":27}},"loc":{"start":{"line":237,"column":38},"end":{"line":239,"column":21}},"line":237},"41":{"name":"(anonymous_41)","decl":{"start":{"line":240,"column":27},"end":{"line":240,"column":28}},"loc":{"start":{"line":240,"column":38},"end":{"line":242,"column":21}},"line":240},"42":{"name":"(anonymous_42)","decl":{"start":{"line":247,"column":4},"end":{"line":247,"column":5}},"loc":{"start":{"line":247,"column":22},"end":{"line":275,"column":5}},"line":247},"43":{"name":"(anonymous_43)","decl":{"start":{"line":248,"column":27},"end":{"line":248,"column":28}},"loc":{"start":{"line":248,"column":48},"end":{"line":274,"column":9}},"line":248},"44":{"name":"(anonymous_44)","decl":{"start":{"line":263,"column":26},"end":{"line":263,"column":27}},"loc":{"start":{"line":263,"column":38},"end":{"line":269,"column":21}},"line":263},"45":{"name":"(anonymous_45)","decl":{"start":{"line":270,"column":27},"end":{"line":270,"column":28}},"loc":{"start":{"line":270,"column":38},"end":{"line":272,"column":21}},"line":270},"46":{"name":"(anonymous_46)","decl":{"start":{"line":277,"column":4},"end":{"line":277,"column":5}},"loc":{"start":{"line":277,"column":36},"end":{"line":294,"column":5}},"line":277},"47":{"name":"(anonymous_47)","decl":{"start":{"line":278,"column":27},"end":{"line":278,"column":28}},"loc":{"start":{"line":278,"column":48},"end":{"line":293,"column":9}},"line":278},"48":{"name":"(anonymous_48)","decl":{"start":{"line":283,"column":26},"end":{"line":283,"column":27}},"loc":{"start":{"line":283,"column":38},"end":{"line":287,"column":21}},"line":283},"49":{"name":"(anonymous_49)","decl":{"start":{"line":288,"column":26},"end":{"line":288,"column":27}},"loc":{"start":{"line":288,"column":32},"end":{"line":290,"column":21}},"line":288},"50":{"name":"(anonymous_50)","decl":{"start":{"line":291,"column":27},"end":{"line":291,"column":28}},"loc":{"start":{"line":291,"column":38},"end":{"line":291,"column":51}},"line":291},"51":{"name":"(anonymous_51)","decl":{"start":{"line":296,"column":4},"end":{"line":296,"column":5}},"loc":{"start":{"line":296,"column":49},"end":{"line":326,"column":5}},"line":296},"52":{"name":"(anonymous_52)","decl":{"start":{"line":297,"column":27},"end":{"line":297,"column":28}},"loc":{"start":{"line":297,"column":48},"end":{"line":325,"column":9}},"line":297},"53":{"name":"(anonymous_53)","decl":{"start":{"line":304,"column":26},"end":{"line":304,"column":27}},"loc":{"start":{"line":304,"column":38},"end":{"line":309,"column":21}},"line":304},"54":{"name":"(anonymous_54)","decl":{"start":{"line":310,"column":26},"end":{"line":310,"column":27}},"loc":{"start":{"line":310,"column":38},"end":{"line":319,"column":21}},"line":310},"55":{"name":"(anonymous_55)","decl":{"start":{"line":320,"column":26},"end":{"line":320,"column":27}},"loc":{"start":{"line":320,"column":32},"end":{"line":322,"column":21}},"line":320},"56":{"name":"(anonymous_56)","decl":{"start":{"line":323,"column":27},"end":{"line":323,"column":28}},"loc":{"start":{"line":323,"column":38},"end":{"line":323,"column":51}},"line":323},"57":{"name":"(anonymous_57)","decl":{"start":{"line":328,"column":4},"end":{"line":328,"column":5}},"loc":{"start":{"line":328,"column":41},"end":{"line":349,"column":5}},"line":328},"58":{"name":"(anonymous_58)","decl":{"start":{"line":329,"column":27},"end":{"line":329,"column":28}},"loc":{"start":{"line":329,"column":48},"end":{"line":348,"column":9}},"line":329},"59":{"name":"(anonymous_59)","decl":{"start":{"line":334,"column":26},"end":{"line":334,"column":27}},"loc":{"start":{"line":334,"column":38},"end":{"line":342,"column":21}},"line":334},"60":{"name":"(anonymous_60)","decl":{"start":{"line":343,"column":26},"end":{"line":343,"column":27}},"loc":{"start":{"line":343,"column":32},"end":{"line":345,"column":21}},"line":343},"61":{"name":"(anonymous_61)","decl":{"start":{"line":346,"column":27},"end":{"line":346,"column":28}},"loc":{"start":{"line":346,"column":38},"end":{"line":346,"column":51}},"line":346},"62":{"name":"(anonymous_62)","decl":{"start":{"line":351,"column":4},"end":{"line":351,"column":5}},"loc":{"start":{"line":351,"column":18},"end":{"line":360,"column":5}},"line":351},"63":{"name":"(anonymous_63)","decl":{"start":{"line":352,"column":27},"end":{"line":352,"column":28}},"loc":{"start":{"line":352,"column":48},"end":{"line":359,"column":9}},"line":352},"64":{"name":"(anonymous_64)","decl":{"start":{"line":354,"column":22},"end":{"line":354,"column":23}},"loc":{"start":{"line":354,"column":36},"end":{"line":356,"column":17}},"line":354},"65":{"name":"(anonymous_65)","decl":{"start":{"line":356,"column":25},"end":{"line":356,"column":26}},"loc":{"start":{"line":356,"column":36},"end":{"line":358,"column":17}},"line":356},"66":{"name":"(anonymous_66)","decl":{"start":{"line":362,"column":4},"end":{"line":362,"column":5}},"loc":{"start":{"line":362,"column":28},"end":{"line":425,"column":5}},"line":362},"67":{"name":"(anonymous_67)","decl":{"start":{"line":363,"column":27},"end":{"line":363,"column":28}},"loc":{"start":{"line":363,"column":48},"end":{"line":423,"column":9}},"line":363},"68":{"name":"(anonymous_68)","decl":{"start":{"line":374,"column":26},"end":{"line":374,"column":27}},"loc":{"start":{"line":374,"column":48},"end":{"line":410,"column":21}},"line":374},"69":{"name":"(anonymous_69)","decl":{"start":{"line":411,"column":26},"end":{"line":411,"column":27}},"loc":{"start":{"line":411,"column":40},"end":{"line":418,"column":21}},"line":411},"70":{"name":"(anonymous_70)","decl":{"start":{"line":419,"column":27},"end":{"line":419,"column":28}},"loc":{"start":{"line":419,"column":38},"end":{"line":421,"column":21}},"line":419},"71":{"name":"(anonymous_71)","decl":{"start":{"line":427,"column":4},"end":{"line":427,"column":5}},"loc":{"start":{"line":427,"column":37},"end":{"line":452,"column":5}},"line":427},"72":{"name":"(anonymous_72)","decl":{"start":{"line":428,"column":27},"end":{"line":428,"column":28}},"loc":{"start":{"line":428,"column":48},"end":{"line":451,"column":9}},"line":428},"73":{"name":"(anonymous_73)","decl":{"start":{"line":435,"column":26},"end":{"line":435,"column":27}},"loc":{"start":{"line":435,"column":39},"end":{"line":443,"column":21}},"line":435},"74":{"name":"(anonymous_74)","decl":{"start":{"line":439,"column":68},"end":{"line":439,"column":69}},"loc":{"start":{"line":439,"column":80},"end":{"line":441,"column":29}},"line":439},"75":{"name":"(anonymous_75)","decl":{"start":{"line":444,"column":26},"end":{"line":444,"column":27}},"loc":{"start":{"line":444,"column":38},"end":{"line":446,"column":21}},"line":444},"76":{"name":"(anonymous_76)","decl":{"start":{"line":447,"column":27},"end":{"line":447,"column":28}},"loc":{"start":{"line":447,"column":38},"end":{"line":449,"column":21}},"line":447},"77":{"name":"(anonymous_77)","decl":{"start":{"line":454,"column":4},"end":{"line":454,"column":5}},"loc":{"start":{"line":454,"column":55},"end":{"line":483,"column":5}},"line":454},"78":{"name":"(anonymous_78)","decl":{"start":{"line":455,"column":27},"end":{"line":455,"column":28}},"loc":{"start":{"line":455,"column":48},"end":{"line":482,"column":9}},"line":455},"79":{"name":"(anonymous_79)","decl":{"start":{"line":463,"column":30},"end":{"line":463,"column":31}},"loc":{"start":{"line":463,"column":42},"end":{"line":471,"column":25}},"line":463},"80":{"name":"(anonymous_80)","decl":{"start":{"line":472,"column":30},"end":{"line":472,"column":31}},"loc":{"start":{"line":472,"column":36},"end":{"line":474,"column":25}},"line":472},"81":{"name":"(anonymous_81)","decl":{"start":{"line":474,"column":33},"end":{"line":474,"column":34}},"loc":{"start":{"line":474,"column":44},"end":{"line":476,"column":25}},"line":474},"82":{"name":"(anonymous_82)","decl":{"start":{"line":485,"column":4},"end":{"line":485,"column":5}},"loc":{"start":{"line":485,"column":37},"end":{"line":523,"column":5}},"line":485},"83":{"name":"(anonymous_83)","decl":{"start":{"line":486,"column":27},"end":{"line":486,"column":28}},"loc":{"start":{"line":486,"column":48},"end":{"line":522,"column":9}},"line":486},"84":{"name":"(anonymous_84)","decl":{"start":{"line":509,"column":30},"end":{"line":509,"column":31}},"loc":{"start":{"line":509,"column":44},"end":{"line":516,"column":25}},"line":509},"85":{"name":"(anonymous_85)","decl":{"start":{"line":517,"column":31},"end":{"line":517,"column":32}},"loc":{"start":{"line":517,"column":42},"end":{"line":519,"column":25}},"line":517},"86":{"name":"(anonymous_86)","decl":{"start":{"line":525,"column":4},"end":{"line":525,"column":5}},"loc":{"start":{"line":525,"column":43},"end":{"line":547,"column":5}},"line":525},"87":{"name":"(anonymous_87)","decl":{"start":{"line":526,"column":27},"end":{"line":526,"column":28}},"loc":{"start":{"line":526,"column":48},"end":{"line":546,"column":9}},"line":526},"88":{"name":"(anonymous_88)","decl":{"start":{"line":531,"column":26},"end":{"line":531,"column":27}},"loc":{"start":{"line":531,"column":38},"end":{"line":544,"column":21}},"line":531},"89":{"name":"(anonymous_89)","decl":{"start":{"line":537,"column":38},"end":{"line":537,"column":39}},"loc":{"start":{"line":537,"column":44},"end":{"line":539,"column":33}},"line":537},"90":{"name":"(anonymous_90)","decl":{"start":{"line":540,"column":39},"end":{"line":540,"column":40}},"loc":{"start":{"line":540,"column":50},"end":{"line":542,"column":33}},"line":540},"91":{"name":"(anonymous_91)","decl":{"start":{"line":549,"column":4},"end":{"line":549,"column":5}},"loc":{"start":{"line":549,"column":17},"end":{"line":558,"column":5}},"line":549},"92":{"name":"(anonymous_92)","decl":{"start":{"line":550,"column":27},"end":{"line":550,"column":28}},"loc":{"start":{"line":550,"column":48},"end":{"line":557,"column":9}},"line":550},"93":{"name":"(anonymous_93)","decl":{"start":{"line":552,"column":22},"end":{"line":552,"column":23}},"loc":{"start":{"line":552,"column":35},"end":{"line":554,"column":17}},"line":552},"94":{"name":"(anonymous_94)","decl":{"start":{"line":554,"column":25},"end":{"line":554,"column":26}},"loc":{"start":{"line":554,"column":36},"end":{"line":556,"column":17}},"line":554},"95":{"name":"(anonymous_95)","decl":{"start":{"line":560,"column":4},"end":{"line":560,"column":5}},"loc":{"start":{"line":560,"column":24},"end":{"line":610,"column":5}},"line":560},"96":{"name":"(anonymous_96)","decl":{"start":{"line":561,"column":27},"end":{"line":561,"column":28}},"loc":{"start":{"line":561,"column":48},"end":{"line":609,"column":9}},"line":561},"97":{"name":"(anonymous_97)","decl":{"start":{"line":582,"column":26},"end":{"line":582,"column":27}},"loc":{"start":{"line":582,"column":36},"end":{"line":594,"column":21}},"line":582},"98":{"name":"(anonymous_98)","decl":{"start":{"line":595,"column":26},"end":{"line":595,"column":27}},"loc":{"start":{"line":595,"column":44},"end":{"line":604,"column":21}},"line":595},"99":{"name":"(anonymous_99)","decl":{"start":{"line":599,"column":49},"end":{"line":599,"column":50}},"loc":{"start":{"line":599,"column":61},"end":{"line":601,"column":29}},"line":599},"100":{"name":"(anonymous_100)","decl":{"start":{"line":605,"column":27},"end":{"line":605,"column":28}},"loc":{"start":{"line":605,"column":38},"end":{"line":607,"column":21}},"line":605},"101":{"name":"(anonymous_101)","decl":{"start":{"line":612,"column":4},"end":{"line":612,"column":5}},"loc":{"start":{"line":612,"column":39},"end":{"line":631,"column":5}},"line":612},"102":{"name":"(anonymous_102)","decl":{"start":{"line":613,"column":27},"end":{"line":613,"column":28}},"loc":{"start":{"line":613,"column":48},"end":{"line":630,"column":9}},"line":613},"103":{"name":"(anonymous_103)","decl":{"start":{"line":619,"column":26},"end":{"line":619,"column":27}},"loc":{"start":{"line":619,"column":38},"end":{"line":625,"column":21}},"line":619},"104":{"name":"(anonymous_104)","decl":{"start":{"line":626,"column":27},"end":{"line":626,"column":28}},"loc":{"start":{"line":626,"column":38},"end":{"line":628,"column":21}},"line":626},"105":{"name":"(anonymous_105)","decl":{"start":{"line":633,"column":4},"end":{"line":633,"column":5}},"loc":{"start":{"line":633,"column":39},"end":{"line":659,"column":5}},"line":633},"106":{"name":"(anonymous_106)","decl":{"start":{"line":634,"column":27},"end":{"line":634,"column":28}},"loc":{"start":{"line":634,"column":48},"end":{"line":658,"column":9}},"line":634},"107":{"name":"(anonymous_107)","decl":{"start":{"line":640,"column":26},"end":{"line":640,"column":27}},"loc":{"start":{"line":640,"column":38},"end":{"line":650,"column":21}},"line":640},"108":{"name":"(anonymous_108)","decl":{"start":{"line":651,"column":26},"end":{"line":651,"column":27}},"loc":{"start":{"line":651,"column":32},"end":{"line":653,"column":21}},"line":651},"109":{"name":"(anonymous_109)","decl":{"start":{"line":654,"column":27},"end":{"line":654,"column":28}},"loc":{"start":{"line":654,"column":38},"end":{"line":656,"column":21}},"line":654}},"branchMap":{"0":{"loc":{"start":{"line":43,"column":20},"end":{"line":55,"column":21}},"type":"if","locations":[{"start":{"line":43,"column":20},"end":{"line":55,"column":21}},{"start":{"line":43,"column":20},"end":{"line":55,"column":21}}],"line":43},"1":{"loc":{"start":{"line":72,"column":20},"end":{"line":81,"column":67}},"type":"if","locations":[{"start":{"line":72,"column":20},"end":{"line":81,"column":67}},{"start":{"line":72,"column":20},"end":{"line":81,"column":67}}],"line":72},"2":{"loc":{"start":{"line":109,"column":12},"end":{"line":120,"column":13}},"type":"if","locations":[{"start":{"line":109,"column":12},"end":{"line":120,"column":13}},{"start":{"line":109,"column":12},"end":{"line":120,"column":13}}],"line":109},"3":{"loc":{"start":{"line":109,"column":16},"end":{"line":109,"column":31}},"type":"binary-expr","locations":[{"start":{"line":109,"column":16},"end":{"line":109,"column":22}},{"start":{"line":109,"column":26},"end":{"line":109,"column":31}}],"line":109},"4":{"loc":{"start":{"line":126,"column":12},"end":{"line":127,"column":32}},"type":"if","locations":[{"start":{"line":126,"column":12},"end":{"line":127,"column":32}},{"start":{"line":126,"column":12},"end":{"line":127,"column":32}}],"line":126},"5":{"loc":{"start":{"line":128,"column":12},"end":{"line":129,"column":42}},"type":"if","locations":[{"start":{"line":128,"column":12},"end":{"line":129,"column":42}},{"start":{"line":128,"column":12},"end":{"line":129,"column":42}}],"line":128},"6":{"loc":{"start":{"line":131,"column":12},"end":{"line":175,"column":13}},"type":"if","locations":[{"start":{"line":131,"column":12},"end":{"line":175,"column":13}},{"start":{"line":131,"column":12},"end":{"line":175,"column":13}}],"line":131},"7":{"loc":{"start":{"line":181,"column":12},"end":{"line":225,"column":13}},"type":"switch","locations":[{"start":{"line":182,"column":16},"end":{"line":185,"column":57}},{"start":{"line":186,"column":16},"end":{"line":194,"column":26}},{"start":{"line":195,"column":16},"end":{"line":203,"column":26}},{"start":{"line":204,"column":16},"end":{"line":220,"column":26}},{"start":{"line":221,"column":16},"end":{"line":224,"column":57}}],"line":181},"8":{"loc":{"start":{"line":187,"column":20},"end":{"line":193,"column":21}},"type":"if","locations":[{"start":{"line":187,"column":20},"end":{"line":193,"column":21}},{"start":{"line":187,"column":20},"end":{"line":193,"column":21}}],"line":187},"9":{"loc":{"start":{"line":196,"column":20},"end":{"line":202,"column":21}},"type":"if","locations":[{"start":{"line":196,"column":20},"end":{"line":202,"column":21}},{"start":{"line":196,"column":20},"end":{"line":202,"column":21}}],"line":196},"10":{"loc":{"start":{"line":205,"column":20},"end":{"line":219,"column":21}},"type":"if","locations":[{"start":{"line":205,"column":20},"end":{"line":219,"column":21}},{"start":{"line":205,"column":20},"end":{"line":219,"column":21}}],"line":205},"11":{"loc":{"start":{"line":231,"column":12},"end":{"line":243,"column":13}},"type":"if","locations":[{"start":{"line":231,"column":12},"end":{"line":243,"column":13}},{"start":{"line":231,"column":12},"end":{"line":243,"column":13}}],"line":231},"12":{"loc":{"start":{"line":249,"column":12},"end":{"line":273,"column":13}},"type":"if","locations":[{"start":{"line":249,"column":12},"end":{"line":273,"column":13}},{"start":{"line":249,"column":12},"end":{"line":273,"column":13}}],"line":249},"13":{"loc":{"start":{"line":264,"column":24},"end":{"line":268,"column":25}},"type":"if","locations":[{"start":{"line":264,"column":24},"end":{"line":268,"column":25}},{"start":{"line":264,"column":24},"end":{"line":268,"column":25}}],"line":264},"14":{"loc":{"start":{"line":279,"column":12},"end":{"line":292,"column":13}},"type":"if","locations":[{"start":{"line":279,"column":12},"end":{"line":292,"column":13}},{"start":{"line":279,"column":12},"end":{"line":292,"column":13}}],"line":279},"15":{"loc":{"start":{"line":279,"column":16},"end":{"line":279,"column":58}},"type":"binary-expr","locations":[{"start":{"line":279,"column":16},"end":{"line":279,"column":23}},{"start":{"line":279,"column":27},"end":{"line":279,"column":58}}],"line":279},"16":{"loc":{"start":{"line":279,"column":29},"end":{"line":279,"column":57}},"type":"binary-expr","locations":[{"start":{"line":279,"column":29},"end":{"line":279,"column":41}},{"start":{"line":279,"column":45},"end":{"line":279,"column":57}}],"line":279},"17":{"loc":{"start":{"line":289,"column":32},"end":{"line":289,"column":80}},"type":"cond-expr","locations":[{"start":{"line":289,"column":47},"end":{"line":289,"column":63}},{"start":{"line":289,"column":66},"end":{"line":289,"column":80}}],"line":289},"18":{"loc":{"start":{"line":298,"column":12},"end":{"line":324,"column":13}},"type":"if","locations":[{"start":{"line":298,"column":12},"end":{"line":324,"column":13}},{"start":{"line":298,"column":12},"end":{"line":324,"column":13}}],"line":298},"19":{"loc":{"start":{"line":298,"column":16},"end":{"line":298,"column":47}},"type":"binary-expr","locations":[{"start":{"line":298,"column":16},"end":{"line":298,"column":23}},{"start":{"line":298,"column":27},"end":{"line":298,"column":34}},{"start":{"line":298,"column":38},"end":{"line":298,"column":47}}],"line":298},"20":{"loc":{"start":{"line":305,"column":24},"end":{"line":308,"column":58}},"type":"if","locations":[{"start":{"line":305,"column":24},"end":{"line":308,"column":58}},{"start":{"line":305,"column":24},"end":{"line":308,"column":58}}],"line":305},"21":{"loc":{"start":{"line":311,"column":24},"end":{"line":318,"column":25}},"type":"if","locations":[{"start":{"line":311,"column":24},"end":{"line":318,"column":25}},{"start":{"line":311,"column":24},"end":{"line":318,"column":25}}],"line":311},"22":{"loc":{"start":{"line":330,"column":12},"end":{"line":347,"column":13}},"type":"if","locations":[{"start":{"line":330,"column":12},"end":{"line":347,"column":13}},{"start":{"line":330,"column":12},"end":{"line":347,"column":13}}],"line":330},"23":{"loc":{"start":{"line":335,"column":24},"end":{"line":341,"column":25}},"type":"if","locations":[{"start":{"line":335,"column":24},"end":{"line":341,"column":25}},{"start":{"line":335,"column":24},"end":{"line":341,"column":25}}],"line":335},"24":{"loc":{"start":{"line":335,"column":28},"end":{"line":335,"column":54}},"type":"binary-expr","locations":[{"start":{"line":335,"column":28},"end":{"line":335,"column":39}},{"start":{"line":335,"column":43},"end":{"line":335,"column":54}}],"line":335},"25":{"loc":{"start":{"line":364,"column":12},"end":{"line":422,"column":13}},"type":"if","locations":[{"start":{"line":364,"column":12},"end":{"line":422,"column":13}},{"start":{"line":364,"column":12},"end":{"line":422,"column":13}}],"line":364},"26":{"loc":{"start":{"line":377,"column":24},"end":{"line":409,"column":25}},"type":"if","locations":[{"start":{"line":377,"column":24},"end":{"line":409,"column":25}},{"start":{"line":377,"column":24},"end":{"line":409,"column":25}}],"line":377},"27":{"loc":{"start":{"line":413,"column":24},"end":{"line":417,"column":25}},"type":"if","locations":[{"start":{"line":413,"column":24},"end":{"line":417,"column":25}},{"start":{"line":413,"column":24},"end":{"line":417,"column":25}}],"line":413},"28":{"loc":{"start":{"line":429,"column":12},"end":{"line":450,"column":13}},"type":"if","locations":[{"start":{"line":429,"column":12},"end":{"line":450,"column":13}},{"start":{"line":429,"column":12},"end":{"line":450,"column":13}}],"line":429},"29":{"loc":{"start":{"line":429,"column":16},"end":{"line":429,"column":39}},"type":"binary-expr","locations":[{"start":{"line":429,"column":16},"end":{"line":429,"column":28}},{"start":{"line":429,"column":32},"end":{"line":429,"column":39}}],"line":429},"30":{"loc":{"start":{"line":436,"column":24},"end":{"line":442,"column":25}},"type":"if","locations":[{"start":{"line":436,"column":24},"end":{"line":442,"column":25}},{"start":{"line":436,"column":24},"end":{"line":442,"column":25}}],"line":436},"31":{"loc":{"start":{"line":456,"column":12},"end":{"line":481,"column":13}},"type":"if","locations":[{"start":{"line":456,"column":12},"end":{"line":481,"column":13}},{"start":{"line":456,"column":12},"end":{"line":481,"column":13}}],"line":456},"32":{"loc":{"start":{"line":456,"column":16},"end":{"line":456,"column":76}},"type":"binary-expr","locations":[{"start":{"line":456,"column":16},"end":{"line":456,"column":23}},{"start":{"line":456,"column":27},"end":{"line":456,"column":76}}],"line":456},"33":{"loc":{"start":{"line":456,"column":29},"end":{"line":456,"column":75}},"type":"binary-expr","locations":[{"start":{"line":456,"column":29},"end":{"line":456,"column":50}},{"start":{"line":456,"column":54},"end":{"line":456,"column":75}}],"line":456},"34":{"loc":{"start":{"line":459,"column":16},"end":{"line":480,"column":17}},"type":"if","locations":[{"start":{"line":459,"column":16},"end":{"line":480,"column":17}},{"start":{"line":459,"column":16},"end":{"line":480,"column":17}}],"line":459},"35":{"loc":{"start":{"line":459,"column":20},"end":{"line":459,"column":66}},"type":"binary-expr","locations":[{"start":{"line":459,"column":20},"end":{"line":459,"column":41}},{"start":{"line":459,"column":45},"end":{"line":459,"column":66}}],"line":459},"36":{"loc":{"start":{"line":464,"column":28},"end":{"line":470,"column":29}},"type":"if","locations":[{"start":{"line":464,"column":28},"end":{"line":470,"column":29}},{"start":{"line":464,"column":28},"end":{"line":470,"column":29}}],"line":464},"37":{"loc":{"start":{"line":473,"column":36},"end":{"line":473,"column":123}},"type":"cond-expr","locations":[{"start":{"line":473,"column":60},"end":{"line":473,"column":91}},{"start":{"line":473,"column":94},"end":{"line":473,"column":123}}],"line":473},"38":{"loc":{"start":{"line":487,"column":12},"end":{"line":521,"column":13}},"type":"if","locations":[{"start":{"line":487,"column":12},"end":{"line":521,"column":13}},{"start":{"line":487,"column":12},"end":{"line":521,"column":13}}],"line":487},"39":{"loc":{"start":{"line":487,"column":16},"end":{"line":487,"column":38}},"type":"binary-expr","locations":[{"start":{"line":487,"column":16},"end":{"line":487,"column":23}},{"start":{"line":487,"column":27},"end":{"line":487,"column":38}}],"line":487},"40":{"loc":{"start":{"line":491,"column":16},"end":{"line":520,"column":17}},"type":"if","locations":[{"start":{"line":491,"column":16},"end":{"line":520,"column":17}},{"start":{"line":491,"column":16},"end":{"line":520,"column":17}}],"line":491},"41":{"loc":{"start":{"line":491,"column":20},"end":{"line":491,"column":72}},"type":"binary-expr","locations":[{"start":{"line":491,"column":20},"end":{"line":491,"column":45}},{"start":{"line":491,"column":49},"end":{"line":491,"column":72}}],"line":491},"42":{"loc":{"start":{"line":494,"column":21},"end":{"line":520,"column":17}},"type":"if","locations":[{"start":{"line":494,"column":21},"end":{"line":520,"column":17}},{"start":{"line":494,"column":21},"end":{"line":520,"column":17}}],"line":494},"43":{"loc":{"start":{"line":494,"column":25},"end":{"line":494,"column":125}},"type":"binary-expr","locations":[{"start":{"line":494,"column":25},"end":{"line":494,"column":78}},{"start":{"line":494,"column":82},"end":{"line":494,"column":125}}],"line":494},"44":{"loc":{"start":{"line":497,"column":21},"end":{"line":520,"column":17}},"type":"if","locations":[{"start":{"line":497,"column":21},"end":{"line":520,"column":17}},{"start":{"line":497,"column":21},"end":{"line":520,"column":17}}],"line":497},"45":{"loc":{"start":{"line":511,"column":28},"end":{"line":515,"column":29}},"type":"if","locations":[{"start":{"line":511,"column":28},"end":{"line":515,"column":29}},{"start":{"line":511,"column":28},"end":{"line":515,"column":29}}],"line":511},"46":{"loc":{"start":{"line":527,"column":12},"end":{"line":545,"column":13}},"type":"if","locations":[{"start":{"line":527,"column":12},"end":{"line":545,"column":13}},{"start":{"line":527,"column":12},"end":{"line":545,"column":13}}],"line":527},"47":{"loc":{"start":{"line":527,"column":16},"end":{"line":527,"column":60}},"type":"binary-expr","locations":[{"start":{"line":527,"column":16},"end":{"line":527,"column":27}},{"start":{"line":527,"column":31},"end":{"line":527,"column":60}}],"line":527},"48":{"loc":{"start":{"line":527,"column":33},"end":{"line":527,"column":59}},"type":"binary-expr","locations":[{"start":{"line":527,"column":33},"end":{"line":527,"column":44}},{"start":{"line":527,"column":48},"end":{"line":527,"column":59}}],"line":527},"49":{"loc":{"start":{"line":532,"column":24},"end":{"line":543,"column":25}},"type":"if","locations":[{"start":{"line":532,"column":24},"end":{"line":543,"column":25}},{"start":{"line":532,"column":24},"end":{"line":543,"column":25}}],"line":532},"50":{"loc":{"start":{"line":533,"column":43},"end":{"line":533,"column":126}},"type":"cond-expr","locations":[{"start":{"line":533,"column":57},"end":{"line":533,"column":89}},{"start":{"line":533,"column":92},"end":{"line":533,"column":126}}],"line":533},"51":{"loc":{"start":{"line":538,"column":44},"end":{"line":538,"column":111}},"type":"cond-expr","locations":[{"start":{"line":538,"column":58},"end":{"line":538,"column":82}},{"start":{"line":538,"column":85},"end":{"line":538,"column":111}}],"line":538},"52":{"loc":{"start":{"line":562,"column":12},"end":{"line":608,"column":13}},"type":"if","locations":[{"start":{"line":562,"column":12},"end":{"line":608,"column":13}},{"start":{"line":562,"column":12},"end":{"line":608,"column":13}}],"line":562},"53":{"loc":{"start":{"line":583,"column":24},"end":{"line":593,"column":25}},"type":"if","locations":[{"start":{"line":583,"column":24},"end":{"line":593,"column":25}},{"start":{"line":583,"column":24},"end":{"line":593,"column":25}}],"line":583},"54":{"loc":{"start":{"line":596,"column":24},"end":{"line":603,"column":25}},"type":"if","locations":[{"start":{"line":596,"column":24},"end":{"line":603,"column":25}},{"start":{"line":596,"column":24},"end":{"line":603,"column":25}}],"line":596},"55":{"loc":{"start":{"line":614,"column":12},"end":{"line":629,"column":13}},"type":"if","locations":[{"start":{"line":614,"column":12},"end":{"line":629,"column":13}},{"start":{"line":614,"column":12},"end":{"line":629,"column":13}}],"line":614},"56":{"loc":{"start":{"line":614,"column":16},"end":{"line":614,"column":63}},"type":"binary-expr","locations":[{"start":{"line":614,"column":16},"end":{"line":614,"column":35}},{"start":{"line":614,"column":39},"end":{"line":614,"column":63}}],"line":614},"57":{"loc":{"start":{"line":620,"column":24},"end":{"line":624,"column":25}},"type":"if","locations":[{"start":{"line":620,"column":24},"end":{"line":624,"column":25}},{"start":{"line":620,"column":24},"end":{"line":624,"column":25}}],"line":620},"58":{"loc":{"start":{"line":635,"column":12},"end":{"line":657,"column":13}},"type":"if","locations":[{"start":{"line":635,"column":12},"end":{"line":657,"column":13}},{"start":{"line":635,"column":12},"end":{"line":657,"column":13}}],"line":635},"59":{"loc":{"start":{"line":635,"column":16},"end":{"line":635,"column":39}},"type":"binary-expr","locations":[{"start":{"line":635,"column":16},"end":{"line":635,"column":26}},{"start":{"line":635,"column":30},"end":{"line":635,"column":39}}],"line":635},"60":{"loc":{"start":{"line":641,"column":24},"end":{"line":649,"column":25}},"type":"if","locations":[{"start":{"line":641,"column":24},"end":{"line":649,"column":25}},{"start":{"line":641,"column":24},"end":{"line":649,"column":25}}],"line":641}},"s":{"0":1,"1":1,"2":1,"3":1,"4":1,"5":1,"6":1,"7":1,"8":1,"9":1,"10":1,"11":1,"12":1,"13":1,"14":4,"15":4,"16":4,"17":4,"18":4,"19":4,"20":0,"21":4,"22":0,"23":0,"24":0,"25":0,"26":0,"27":0,"28":0,"29":0,"30":0,"31":0,"32":0,"33":0,"34":4,"35":4,"36":4,"37":4,"38":4,"39":4,"40":0,"41":0,"42":3,"43":3,"44":1,"45":2,"46":2,"47":0,"48":0,"49":0,"50":0,"51":0,"52":0,"53":0,"54":0,"55":0,"56":0,"57":0,"58":0,"59":0,"60":0,"61":0,"62":0,"63":0,"64":0,"65":0,"66":0,"67":0,"68":0,"69":0,"70":0,"71":0,"72":0,"73":0,"74":0,"75":0,"76":0,"77":0,"78":0,"79":0,"80":0,"81":0,"82":0,"83":0,"84":0,"85":0,"86":0,"87":0,"88":0,"89":0,"90":0,"91":3,"92":3,"93":1,"94":2,"95":2,"96":0,"97":8,"98":8,"99":0,"100":8,"101":8,"102":3,"103":5,"104":3,"105":3,"106":3,"107":1,"108":2,"109":1,"110":1,"111":1,"112":5,"113":5,"114":2,"115":3,"116":3,"117":0,"118":3,"119":1,"120":1,"121":0,"122":0,"123":3,"124":4,"125":4,"126":1,"127":3,"128":3,"129":2,"130":1,"131":2,"132":1,"133":3,"134":3,"135":3,"136":0,"137":4,"138":4,"139":1,"140":3,"141":3,"142":3,"143":3,"144":0,"145":3,"146":3,"147":3,"148":3,"149":3,"150":0,"151":3,"152":0,"153":4,"154":4,"155":1,"156":3,"157":3,"158":0,"159":3,"160":3,"161":3,"162":0,"163":5,"164":5,"165":0,"166":5,"167":5,"168":5,"169":2,"170":3,"171":3,"172":2,"173":0,"174":6,"175":6,"176":1,"177":5,"178":3,"179":2,"180":2,"181":0,"182":0,"183":0,"184":0,"185":0,"186":0,"187":0,"188":0,"189":0,"190":0,"191":0,"192":4,"193":4,"194":0,"195":4,"196":4,"197":2,"198":2,"199":2,"200":2,"201":0,"202":1,"203":1,"204":1,"205":0,"206":3,"207":3,"208":1,"209":2,"210":2,"211":2,"212":2,"213":1,"214":1,"215":1,"216":1,"217":0,"218":1,"219":3,"220":1,"221":1,"222":0,"223":0,"224":0,"225":0,"226":0,"227":0,"228":0,"229":0,"230":0,"231":0,"232":0,"233":0,"234":0,"235":0,"236":0,"237":0,"238":0,"239":1},"f":{"0":1,"1":4,"2":4,"3":4,"4":4,"5":0,"6":0,"7":0,"8":0,"9":0,"10":0,"11":0,"12":4,"13":4,"14":4,"15":0,"16":0,"17":3,"18":3,"19":0,"20":0,"21":0,"22":0,"23":0,"24":0,"25":0,"26":0,"27":0,"28":0,"29":0,"30":0,"31":0,"32":0,"33":0,"34":0,"35":0,"36":0,"37":0,"38":3,"39":3,"40":2,"41":0,"42":8,"43":8,"44":8,"45":3,"46":3,"47":3,"48":1,"49":1,"50":1,"51":5,"52":5,"53":3,"54":1,"55":0,"56":3,"57":4,"58":4,"59":3,"60":2,"61":1,"62":3,"63":3,"64":3,"65":0,"66":4,"67":4,"68":3,"69":3,"70":0,"71":4,"72":4,"73":3,"74":3,"75":3,"76":0,"77":5,"78":5,"79":5,"80":3,"81":2,"82":6,"83":6,"84":0,"85":0,"86":4,"87":4,"88":4,"89":2,"90":0,"91":1,"92":1,"93":1,"94":0,"95":3,"96":3,"97":2,"98":1,"99":3,"100":1,"101":0,"102":0,"103":0,"104":0,"105":0,"106":0,"107":0,"108":0,"109":0},"b":{"0":[4,0],"1":[0,0],"2":[1,2],"3":[3,2],"4":[0,0],"5":[0,0],"6":[0,0],"7":[0,0,0,0,0],"8":[0,0],"9":[0,0],"10":[0,0],"11":[1,2],"12":[0,8],"13":[3,5],"14":[1,2],"15":[3,3],"16":[3,1],"17":[1,0],"18":[2,3],"19":[5,5,4],"20":[0,3],"21":[1,0],"22":[1,3],"23":[2,1],"24":[3,3],"25":[1,3],"26":[0,3],"27":[0,3],"28":[1,3],"29":[4,3],"30":[0,3],"31":[0,5],"32":[5,5],"33":[5,2],"34":[5,0],"35":[5,2],"36":[2,3],"37":[2,1],"38":[1,5],"39":[6,6],"40":[3,2],"41":[5,5],"42":[2,0],"43":[2,0],"44":[0,0],"45":[0,0],"46":[0,4],"47":[4,4],"48":[4,2],"49":[2,2],"50":[1,1],"51":[1,1],"52":[1,2],"53":[1,1],"54":[0,1],"55":[0,0],"56":[0,0],"57":[0,0],"58":[0,0],"59":[0,0],"60":[0,0]},"_coverageSchema":"43e27e138ebf9cfc5966b082cf9a028302ed4184","hash":"242cb4ffde45737cd154524591c1573ea2c8193a"}
,"E:\\Bitbuckets\\socioboard-4.0-nodejs\\apis\\user\\core\\appinsights\\utils\\appinsightlibs.js": {"path":"E:\\Bitbuckets\\socioboard-4.0-nodejs\\apis\\user\\core\\appinsights\\utils\\appinsightlibs.js","statementMap":{"0":{"start":{"line":1,"column":19},"end":{"line":1,"column":40}},"1":{"start":{"line":2,"column":15},"end":{"line":2,"column":32}},"2":{"start":{"line":3,"column":15},"end":{"line":3,"column":47}},"3":{"start":{"line":8,"column":8},"end":{"line":32,"column":11}},"4":{"start":{"line":9,"column":27},"end":{"line":9,"column":79}},"5":{"start":{"line":10,"column":24},"end":{"line":10,"column":155}},"6":{"start":{"line":11,"column":28},"end":{"line":11,"column":59}},"7":{"start":{"line":12,"column":12},"end":{"line":31,"column":19}},"8":{"start":{"line":14,"column":20},"end":{"line":19,"column":23}},"9":{"start":{"line":22,"column":36},"end":{"line":22,"column":38}},"10":{"start":{"line":24,"column":20},"end":{"line":25,"column":53}},"11":{"start":{"line":25,"column":24},"end":{"line":25,"column":53}},"12":{"start":{"line":27,"column":20},"end":{"line":27,"column":39}},"13":{"start":{"line":30,"column":20},"end":{"line":30,"column":34}},"14":{"start":{"line":36,"column":8},"end":{"line":75,"column":11}},"15":{"start":{"line":37,"column":12},"end":{"line":74,"column":13}},"16":{"start":{"line":38,"column":16},"end":{"line":38,"column":52}},"17":{"start":{"line":40,"column":31},"end":{"line":40,"column":83}},"18":{"start":{"line":41,"column":28},"end":{"line":41,"column":159}},"19":{"start":{"line":42,"column":32},"end":{"line":42,"column":63}},"20":{"start":{"line":43,"column":32},"end":{"line":43,"column":34}},"21":{"start":{"line":44,"column":16},"end":{"line":73,"column":23}},"22":{"start":{"line":46,"column":24},"end":{"line":46,"column":46}},"23":{"start":{"line":47,"column":24},"end":{"line":54,"column":27}},"24":{"start":{"line":58,"column":24},"end":{"line":66,"column":25}},"25":{"start":{"line":59,"column":28},"end":{"line":65,"column":31}},"26":{"start":{"line":60,"column":43},"end":{"line":63,"column":33}},"27":{"start":{"line":64,"column":32},"end":{"line":64,"column":53}},"28":{"start":{"line":67,"column":46},"end":{"line":67,"column":62}},"29":{"start":{"line":69,"column":24},"end":{"line":69,"column":104}},"30":{"start":{"line":72,"column":24},"end":{"line":72,"column":38}},"31":{"start":{"line":79,"column":8},"end":{"line":121,"column":11}},"32":{"start":{"line":80,"column":12},"end":{"line":120,"column":13}},"33":{"start":{"line":81,"column":16},"end":{"line":81,"column":52}},"34":{"start":{"line":83,"column":31},"end":{"line":83,"column":83}},"35":{"start":{"line":84,"column":28},"end":{"line":84,"column":159}},"36":{"start":{"line":85,"column":32},"end":{"line":85,"column":63}},"37":{"start":{"line":86,"column":32},"end":{"line":86,"column":34}},"38":{"start":{"line":87,"column":16},"end":{"line":119,"column":23}},"39":{"start":{"line":89,"column":24},"end":{"line":89,"column":46}},"40":{"start":{"line":90,"column":24},"end":{"line":101,"column":27}},"41":{"start":{"line":104,"column":24},"end":{"line":114,"column":25}},"42":{"start":{"line":105,"column":28},"end":{"line":113,"column":31}},"43":{"start":{"line":106,"column":43},"end":{"line":111,"column":33}},"44":{"start":{"line":112,"column":32},"end":{"line":112,"column":53}},"45":{"start":{"line":115,"column":24},"end":{"line":115,"column":43}},"46":{"start":{"line":118,"column":24},"end":{"line":118,"column":38}},"47":{"start":{"line":125,"column":8},"end":{"line":163,"column":11}},"48":{"start":{"line":126,"column":12},"end":{"line":162,"column":13}},"49":{"start":{"line":127,"column":16},"end":{"line":127,"column":52}},"50":{"start":{"line":129,"column":31},"end":{"line":129,"column":83}},"51":{"start":{"line":130,"column":28},"end":{"line":130,"column":159}},"52":{"start":{"line":131,"column":32},"end":{"line":131,"column":63}},"53":{"start":{"line":132,"column":32},"end":{"line":132,"column":34}},"54":{"start":{"line":133,"column":16},"end":{"line":161,"column":23}},"55":{"start":{"line":135,"column":24},"end":{"line":135,"column":46}},"56":{"start":{"line":136,"column":24},"end":{"line":144,"column":27}},"57":{"start":{"line":147,"column":46},"end":{"line":147,"column":95}},"58":{"start":{"line":148,"column":24},"end":{"line":156,"column":25}},"59":{"start":{"line":149,"column":28},"end":{"line":155,"column":31}},"60":{"start":{"line":150,"column":43},"end":{"line":153,"column":33}},"61":{"start":{"line":154,"column":32},"end":{"line":154,"column":53}},"62":{"start":{"line":157,"column":24},"end":{"line":157,"column":104}},"63":{"start":{"line":160,"column":24},"end":{"line":160,"column":38}},"64":{"start":{"line":167,"column":8},"end":{"line":205,"column":11}},"65":{"start":{"line":168,"column":12},"end":{"line":204,"column":13}},"66":{"start":{"line":169,"column":16},"end":{"line":169,"column":52}},"67":{"start":{"line":171,"column":31},"end":{"line":171,"column":83}},"68":{"start":{"line":172,"column":28},"end":{"line":172,"column":159}},"69":{"start":{"line":173,"column":32},"end":{"line":173,"column":63}},"70":{"start":{"line":174,"column":32},"end":{"line":174,"column":34}},"71":{"start":{"line":175,"column":16},"end":{"line":203,"column":23}},"72":{"start":{"line":177,"column":24},"end":{"line":185,"column":27}},"73":{"start":{"line":188,"column":24},"end":{"line":198,"column":25}},"74":{"start":{"line":189,"column":28},"end":{"line":197,"column":31}},"75":{"start":{"line":190,"column":43},"end":{"line":195,"column":33}},"76":{"start":{"line":196,"column":32},"end":{"line":196,"column":53}},"77":{"start":{"line":199,"column":24},"end":{"line":199,"column":43}},"78":{"start":{"line":202,"column":24},"end":{"line":202,"column":38}},"79":{"start":{"line":209,"column":0},"end":{"line":209,"column":32}}},"fnMap":{"0":{"name":"(anonymous_0)","decl":{"start":{"line":7,"column":4},"end":{"line":7,"column":5}},"loc":{"start":{"line":7,"column":26},"end":{"line":33,"column":5}},"line":7},"1":{"name":"(anonymous_1)","decl":{"start":{"line":8,"column":27},"end":{"line":8,"column":28}},"loc":{"start":{"line":8,"column":48},"end":{"line":32,"column":9}},"line":8},"2":{"name":"(anonymous_2)","decl":{"start":{"line":13,"column":22},"end":{"line":13,"column":23}},"loc":{"start":{"line":13,"column":36},"end":{"line":20,"column":17}},"line":13},"3":{"name":"(anonymous_3)","decl":{"start":{"line":21,"column":22},"end":{"line":21,"column":23}},"loc":{"start":{"line":21,"column":34},"end":{"line":28,"column":17}},"line":21},"4":{"name":"(anonymous_4)","decl":{"start":{"line":29,"column":23},"end":{"line":29,"column":24}},"loc":{"start":{"line":29,"column":34},"end":{"line":31,"column":17}},"line":29},"5":{"name":"(anonymous_5)","decl":{"start":{"line":35,"column":4},"end":{"line":35,"column":5}},"loc":{"start":{"line":35,"column":35},"end":{"line":76,"column":5}},"line":35},"6":{"name":"(anonymous_6)","decl":{"start":{"line":36,"column":27},"end":{"line":36,"column":28}},"loc":{"start":{"line":36,"column":48},"end":{"line":75,"column":9}},"line":36},"7":{"name":"(anonymous_7)","decl":{"start":{"line":45,"column":26},"end":{"line":45,"column":27}},"loc":{"start":{"line":45,"column":40},"end":{"line":55,"column":21}},"line":45},"8":{"name":"(anonymous_8)","decl":{"start":{"line":56,"column":26},"end":{"line":56,"column":27}},"loc":{"start":{"line":56,"column":38},"end":{"line":70,"column":21}},"line":56},"9":{"name":"(anonymous_9)","decl":{"start":{"line":59,"column":49},"end":{"line":59,"column":50}},"loc":{"start":{"line":59,"column":58},"end":{"line":65,"column":29}},"line":59},"10":{"name":"(anonymous_10)","decl":{"start":{"line":71,"column":27},"end":{"line":71,"column":28}},"loc":{"start":{"line":71,"column":38},"end":{"line":73,"column":21}},"line":71},"11":{"name":"(anonymous_11)","decl":{"start":{"line":78,"column":4},"end":{"line":78,"column":5}},"loc":{"start":{"line":78,"column":40},"end":{"line":122,"column":5}},"line":78},"12":{"name":"(anonymous_12)","decl":{"start":{"line":79,"column":27},"end":{"line":79,"column":28}},"loc":{"start":{"line":79,"column":48},"end":{"line":121,"column":9}},"line":79},"13":{"name":"(anonymous_13)","decl":{"start":{"line":88,"column":26},"end":{"line":88,"column":27}},"loc":{"start":{"line":88,"column":40},"end":{"line":102,"column":21}},"line":88},"14":{"name":"(anonymous_14)","decl":{"start":{"line":103,"column":26},"end":{"line":103,"column":27}},"loc":{"start":{"line":103,"column":38},"end":{"line":116,"column":21}},"line":103},"15":{"name":"(anonymous_15)","decl":{"start":{"line":105,"column":49},"end":{"line":105,"column":50}},"loc":{"start":{"line":105,"column":58},"end":{"line":113,"column":29}},"line":105},"16":{"name":"(anonymous_16)","decl":{"start":{"line":117,"column":27},"end":{"line":117,"column":28}},"loc":{"start":{"line":117,"column":38},"end":{"line":119,"column":21}},"line":117},"17":{"name":"(anonymous_17)","decl":{"start":{"line":124,"column":4},"end":{"line":124,"column":5}},"loc":{"start":{"line":124,"column":54},"end":{"line":164,"column":5}},"line":124},"18":{"name":"(anonymous_18)","decl":{"start":{"line":125,"column":27},"end":{"line":125,"column":28}},"loc":{"start":{"line":125,"column":48},"end":{"line":163,"column":9}},"line":125},"19":{"name":"(anonymous_19)","decl":{"start":{"line":134,"column":26},"end":{"line":134,"column":27}},"loc":{"start":{"line":134,"column":40},"end":{"line":145,"column":21}},"line":134},"20":{"name":"(anonymous_20)","decl":{"start":{"line":146,"column":26},"end":{"line":146,"column":27}},"loc":{"start":{"line":146,"column":38},"end":{"line":158,"column":21}},"line":146},"21":{"name":"(anonymous_21)","decl":{"start":{"line":149,"column":49},"end":{"line":149,"column":50}},"loc":{"start":{"line":149,"column":58},"end":{"line":155,"column":29}},"line":149},"22":{"name":"(anonymous_22)","decl":{"start":{"line":159,"column":27},"end":{"line":159,"column":28}},"loc":{"start":{"line":159,"column":38},"end":{"line":161,"column":21}},"line":159},"23":{"name":"(anonymous_23)","decl":{"start":{"line":166,"column":4},"end":{"line":166,"column":5}},"loc":{"start":{"line":166,"column":38},"end":{"line":206,"column":5}},"line":166},"24":{"name":"(anonymous_24)","decl":{"start":{"line":167,"column":27},"end":{"line":167,"column":28}},"loc":{"start":{"line":167,"column":48},"end":{"line":205,"column":9}},"line":167},"25":{"name":"(anonymous_25)","decl":{"start":{"line":176,"column":26},"end":{"line":176,"column":27}},"loc":{"start":{"line":176,"column":40},"end":{"line":186,"column":21}},"line":176},"26":{"name":"(anonymous_26)","decl":{"start":{"line":187,"column":26},"end":{"line":187,"column":27}},"loc":{"start":{"line":187,"column":38},"end":{"line":200,"column":21}},"line":187},"27":{"name":"(anonymous_27)","decl":{"start":{"line":189,"column":49},"end":{"line":189,"column":50}},"loc":{"start":{"line":189,"column":58},"end":{"line":197,"column":29}},"line":189},"28":{"name":"(anonymous_28)","decl":{"start":{"line":201,"column":27},"end":{"line":201,"column":28}},"loc":{"start":{"line":201,"column":38},"end":{"line":203,"column":21}},"line":201}},"branchMap":{"0":{"loc":{"start":{"line":24,"column":20},"end":{"line":25,"column":53}},"type":"if","locations":[{"start":{"line":24,"column":20},"end":{"line":25,"column":53}},{"start":{"line":24,"column":20},"end":{"line":25,"column":53}}],"line":24},"1":{"loc":{"start":{"line":37,"column":12},"end":{"line":74,"column":13}},"type":"if","locations":[{"start":{"line":37,"column":12},"end":{"line":74,"column":13}},{"start":{"line":37,"column":12},"end":{"line":74,"column":13}}],"line":37},"2":{"loc":{"start":{"line":37,"column":16},"end":{"line":37,"column":38}},"type":"binary-expr","locations":[{"start":{"line":37,"column":16},"end":{"line":37,"column":26}},{"start":{"line":37,"column":30},"end":{"line":37,"column":38}}],"line":37},"3":{"loc":{"start":{"line":58,"column":24},"end":{"line":66,"column":25}},"type":"if","locations":[{"start":{"line":58,"column":24},"end":{"line":66,"column":25}},{"start":{"line":58,"column":24},"end":{"line":66,"column":25}}],"line":58},"4":{"loc":{"start":{"line":80,"column":12},"end":{"line":120,"column":13}},"type":"if","locations":[{"start":{"line":80,"column":12},"end":{"line":120,"column":13}},{"start":{"line":80,"column":12},"end":{"line":120,"column":13}}],"line":80},"5":{"loc":{"start":{"line":80,"column":16},"end":{"line":80,"column":35}},"type":"binary-expr","locations":[{"start":{"line":80,"column":16},"end":{"line":80,"column":24}},{"start":{"line":80,"column":28},"end":{"line":80,"column":35}}],"line":80},"6":{"loc":{"start":{"line":104,"column":24},"end":{"line":114,"column":25}},"type":"if","locations":[{"start":{"line":104,"column":24},"end":{"line":114,"column":25}},{"start":{"line":104,"column":24},"end":{"line":114,"column":25}}],"line":104},"7":{"loc":{"start":{"line":126,"column":12},"end":{"line":162,"column":13}},"type":"if","locations":[{"start":{"line":126,"column":12},"end":{"line":162,"column":13}},{"start":{"line":126,"column":12},"end":{"line":162,"column":13}}],"line":126},"8":{"loc":{"start":{"line":126,"column":16},"end":{"line":126,"column":52}},"type":"binary-expr","locations":[{"start":{"line":126,"column":16},"end":{"line":126,"column":26}},{"start":{"line":126,"column":30},"end":{"line":126,"column":40}},{"start":{"line":126,"column":44},"end":{"line":126,"column":52}}],"line":126},"9":{"loc":{"start":{"line":148,"column":24},"end":{"line":156,"column":25}},"type":"if","locations":[{"start":{"line":148,"column":24},"end":{"line":156,"column":25}},{"start":{"line":148,"column":24},"end":{"line":156,"column":25}}],"line":148},"10":{"loc":{"start":{"line":168,"column":12},"end":{"line":204,"column":13}},"type":"if","locations":[{"start":{"line":168,"column":12},"end":{"line":204,"column":13}},{"start":{"line":168,"column":12},"end":{"line":204,"column":13}}],"line":168},"11":{"loc":{"start":{"line":188,"column":24},"end":{"line":198,"column":25}},"type":"if","locations":[{"start":{"line":188,"column":24},"end":{"line":198,"column":25}},{"start":{"line":188,"column":24},"end":{"line":198,"column":25}}],"line":188}},"s":{"0":1,"1":1,"2":1,"3":2,"4":2,"5":2,"6":2,"7":2,"8":2,"9":2,"10":2,"11":2,"12":2,"13":0,"14":0,"15":0,"16":0,"17":0,"18":0,"19":0,"20":0,"21":0,"22":0,"23":0,"24":0,"25":0,"26":0,"27":0,"28":0,"29":0,"30":0,"31":2,"32":2,"33":1,"34":1,"35":1,"36":1,"37":1,"38":1,"39":1,"40":1,"41":1,"42":1,"43":132,"44":132,"45":1,"46":0,"47":6,"48":6,"49":1,"50":5,"51":5,"52":5,"53":5,"54":5,"55":4,"56":4,"57":2,"58":2,"59":2,"60":28,"61":28,"62":2,"63":2,"64":2,"65":2,"66":1,"67":1,"68":1,"69":1,"70":1,"71":1,"72":1,"73":1,"74":1,"75":22,"76":22,"77":1,"78":0,"79":1},"f":{"0":2,"1":2,"2":2,"3":2,"4":0,"5":0,"6":0,"7":0,"8":0,"9":0,"10":0,"11":2,"12":2,"13":1,"14":1,"15":132,"16":0,"17":6,"18":6,"19":4,"20":2,"21":28,"22":2,"23":2,"24":2,"25":1,"26":1,"27":22,"28":0},"b":{"0":[2,0],"1":[0,0],"2":[0,0],"3":[0,0],"4":[1,1],"5":[2,1],"6":[1,0],"7":[1,5],"8":[6,5,5],"9":[2,0],"10":[1,1],"11":[1,0]},"_coverageSchema":"43e27e138ebf9cfc5966b082cf9a028302ed4184","hash":"cf272f5db4f176a95f54f53ba1c1519ce6a51bdc"}
,"E:\\Bitbuckets\\socioboard-4.0-nodejs\\apis\\user\\core\\authorized\\utils\\authorizedlibs.js": {"path":"E:\\Bitbuckets\\socioboard-4.0-nodejs\\apis\\user\\core\\authorized\\utils\\authorizedlibs.js","statementMap":{"0":{"start":{"line":1,"column":15},"end":{"line":1,"column":32}},"1":{"start":{"line":2,"column":15},"end":{"line":2,"column":32}},"2":{"start":{"line":4,"column":27},"end":{"line":4,"column":83}},"3":{"start":{"line":5,"column":21},"end":{"line":5,"column":72}},"4":{"start":{"line":6,"column":24},"end":{"line":6,"column":78}},"5":{"start":{"line":7,"column":17},"end":{"line":7,"column":52}},"6":{"start":{"line":9,"column":11},"end":{"line":9,"column":68}},"7":{"start":{"line":10,"column":20},"end":{"line":10,"column":35}},"8":{"start":{"line":11,"column":23},"end":{"line":11,"column":42}},"9":{"start":{"line":12,"column":17},"end":{"line":12,"column":32}},"10":{"start":{"line":16,"column":8},"end":{"line":16,"column":16}},"11":{"start":{"line":17,"column":8},"end":{"line":17,"column":81}},"12":{"start":{"line":18,"column":8},"end":{"line":18,"column":70}},"13":{"start":{"line":19,"column":8},"end":{"line":19,"column":74}},"14":{"start":{"line":23,"column":8},"end":{"line":51,"column":11}},"15":{"start":{"line":24,"column":12},"end":{"line":50,"column":13}},"16":{"start":{"line":25,"column":16},"end":{"line":25,"column":67}},"17":{"start":{"line":27,"column":17},"end":{"line":50,"column":13}},"18":{"start":{"line":28,"column":16},"end":{"line":28,"column":105}},"19":{"start":{"line":31,"column":16},"end":{"line":49,"column":23}},"20":{"start":{"line":38,"column":24},"end":{"line":39,"column":76}},"21":{"start":{"line":39,"column":28},"end":{"line":39,"column":76}},"22":{"start":{"line":40,"column":24},"end":{"line":41,"column":70}},"23":{"start":{"line":41,"column":28},"end":{"line":41,"column":70}},"24":{"start":{"line":42,"column":24},"end":{"line":42,"column":115}},"25":{"start":{"line":45,"column":24},"end":{"line":45,"column":44}},"26":{"start":{"line":48,"column":24},"end":{"line":48,"column":38}},"27":{"start":{"line":56,"column":8},"end":{"line":86,"column":11}},"28":{"start":{"line":57,"column":12},"end":{"line":85,"column":13}},"29":{"start":{"line":58,"column":16},"end":{"line":58,"column":67}},"30":{"start":{"line":60,"column":16},"end":{"line":84,"column":23}},"31":{"start":{"line":65,"column":24},"end":{"line":77,"column":25}},"32":{"start":{"line":66,"column":28},"end":{"line":66,"column":62}},"33":{"start":{"line":68,"column":28},"end":{"line":76,"column":31}},"34":{"start":{"line":80,"column":24},"end":{"line":80,"column":43}},"35":{"start":{"line":83,"column":24},"end":{"line":83,"column":38}},"36":{"start":{"line":91,"column":8},"end":{"line":131,"column":11}},"37":{"start":{"line":92,"column":12},"end":{"line":130,"column":13}},"38":{"start":{"line":93,"column":16},"end":{"line":93,"column":67}},"39":{"start":{"line":95,"column":16},"end":{"line":129,"column":23}},"40":{"start":{"line":111,"column":24},"end":{"line":122,"column":25}},"41":{"start":{"line":112,"column":28},"end":{"line":112,"column":88}},"42":{"start":{"line":114,"column":28},"end":{"line":121,"column":35}},"43":{"start":{"line":118,"column":36},"end":{"line":118,"column":82}},"44":{"start":{"line":120,"column":36},"end":{"line":120,"column":67}},"45":{"start":{"line":125,"column":24},"end":{"line":125,"column":40}},"46":{"start":{"line":128,"column":24},"end":{"line":128,"column":38}},"47":{"start":{"line":136,"column":8},"end":{"line":173,"column":11}},"48":{"start":{"line":137,"column":12},"end":{"line":170,"column":13}},"49":{"start":{"line":138,"column":16},"end":{"line":138,"column":67}},"50":{"start":{"line":140,"column":16},"end":{"line":169,"column":23}},"51":{"start":{"line":153,"column":24},"end":{"line":162,"column":25}},"52":{"start":{"line":154,"column":28},"end":{"line":154,"column":62}},"53":{"start":{"line":156,"column":28},"end":{"line":161,"column":35}},"54":{"start":{"line":160,"column":36},"end":{"line":160,"column":67}},"55":{"start":{"line":165,"column":24},"end":{"line":165,"column":43}},"56":{"start":{"line":168,"column":24},"end":{"line":168,"column":38}},"57":{"start":{"line":177,"column":30},"end":{"line":177,"column":34}},"58":{"start":{"line":178,"column":30},"end":{"line":178,"column":34}},"59":{"start":{"line":179,"column":8},"end":{"line":260,"column":11}},"60":{"start":{"line":180,"column":12},"end":{"line":259,"column":13}},"61":{"start":{"line":181,"column":16},"end":{"line":181,"column":67}},"62":{"start":{"line":183,"column":17},"end":{"line":259,"column":13}},"63":{"start":{"line":184,"column":16},"end":{"line":184,"column":68}},"64":{"start":{"line":187,"column":16},"end":{"line":258,"column":23}},"65":{"start":{"line":203,"column":24},"end":{"line":215,"column":25}},"66":{"start":{"line":204,"column":28},"end":{"line":204,"column":40}},"67":{"start":{"line":206,"column":28},"end":{"line":206,"column":60}},"68":{"start":{"line":207,"column":28},"end":{"line":214,"column":35}},"69":{"start":{"line":209,"column":36},"end":{"line":209,"column":91}},"70":{"start":{"line":210,"column":36},"end":{"line":210,"column":48}},"71":{"start":{"line":213,"column":36},"end":{"line":213,"column":80}},"72":{"start":{"line":218,"column":24},"end":{"line":223,"column":25}},"73":{"start":{"line":219,"column":28},"end":{"line":219,"column":101}},"74":{"start":{"line":221,"column":28},"end":{"line":221,"column":51}},"75":{"start":{"line":222,"column":28},"end":{"line":222,"column":71}},"76":{"start":{"line":226,"column":24},"end":{"line":251,"column":25}},"77":{"start":{"line":227,"column":28},"end":{"line":236,"column":35}},"78":{"start":{"line":233,"column":36},"end":{"line":233,"column":75}},"79":{"start":{"line":235,"column":36},"end":{"line":235,"column":67}},"80":{"start":{"line":238,"column":29},"end":{"line":251,"column":25}},"81":{"start":{"line":239,"column":28},"end":{"line":247,"column":35}},"82":{"start":{"line":244,"column":36},"end":{"line":244,"column":75}},"83":{"start":{"line":246,"column":36},"end":{"line":246,"column":67}},"84":{"start":{"line":250,"column":28},"end":{"line":250,"column":101}},"85":{"start":{"line":254,"column":24},"end":{"line":254,"column":45}},"86":{"start":{"line":257,"column":24},"end":{"line":257,"column":38}},"87":{"start":{"line":264,"column":0},"end":{"line":264,"column":32}}},"fnMap":{"0":{"name":"(anonymous_0)","decl":{"start":{"line":15,"column":4},"end":{"line":15,"column":5}},"loc":{"start":{"line":15,"column":18},"end":{"line":20,"column":5}},"line":15},"1":{"name":"(anonymous_1)","decl":{"start":{"line":22,"column":4},"end":{"line":22,"column":5}},"loc":{"start":{"line":22,"column":57},"end":{"line":52,"column":5}},"line":22},"2":{"name":"(anonymous_2)","decl":{"start":{"line":23,"column":27},"end":{"line":23,"column":28}},"loc":{"start":{"line":23,"column":48},"end":{"line":51,"column":9}},"line":23},"3":{"name":"(anonymous_3)","decl":{"start":{"line":37,"column":26},"end":{"line":37,"column":27}},"loc":{"start":{"line":37,"column":42},"end":{"line":43,"column":21}},"line":37},"4":{"name":"(anonymous_4)","decl":{"start":{"line":44,"column":26},"end":{"line":44,"column":27}},"loc":{"start":{"line":44,"column":38},"end":{"line":46,"column":21}},"line":44},"5":{"name":"(anonymous_5)","decl":{"start":{"line":47,"column":27},"end":{"line":47,"column":28}},"loc":{"start":{"line":47,"column":38},"end":{"line":49,"column":21}},"line":47},"6":{"name":"(anonymous_6)","decl":{"start":{"line":54,"column":4},"end":{"line":54,"column":5}},"loc":{"start":{"line":54,"column":47},"end":{"line":87,"column":5}},"line":54},"7":{"name":"(anonymous_7)","decl":{"start":{"line":56,"column":27},"end":{"line":56,"column":28}},"loc":{"start":{"line":56,"column":48},"end":{"line":86,"column":9}},"line":56},"8":{"name":"(anonymous_8)","decl":{"start":{"line":64,"column":26},"end":{"line":64,"column":27}},"loc":{"start":{"line":64,"column":42},"end":{"line":78,"column":21}},"line":64},"9":{"name":"(anonymous_9)","decl":{"start":{"line":79,"column":26},"end":{"line":79,"column":27}},"loc":{"start":{"line":79,"column":32},"end":{"line":81,"column":21}},"line":79},"10":{"name":"(anonymous_10)","decl":{"start":{"line":82,"c
[...]
211},"14":{"loc":{"start":{"line":244,"column":24},"end":{"line":248,"column":25}},"type":"if","locations":[{"start":{"line":244,"column":24},"end":{"line":248,"column":25}},{"start":{"line":244,"column":24},"end":{"line":248,"column":25}}],"line":244},"15":{"loc":{"start":{"line":251,"column":37},"end":{"line":251,"column":137}},"type":"cond-expr","locations":[{"start":{"line":251,"column":58},"end":{"line":251,"column":76}},{"start":{"line":251,"column":79},"end":{"line":251,"column":137}}],"line":251},"16":{"loc":{"start":{"line":251,"column":79},"end":{"line":251,"column":137}},"type":"cond-expr","locations":[{"start":{"line":251,"column":106},"end":{"line":251,"column":130}},{"start":{"line":251,"column":133},"end":{"line":251,"column":137}}],"line":251},"17":{"loc":{"start":{"line":255,"column":24},"end":{"line":259,"column":25}},"type":"if","locations":[{"start":{"line":255,"column":24},"end":{"line":259,"column":25}},{"start":{"line":255,"column":24},"end":{"line":259,"column":25}}],"line":255},"18":{"loc":{"start":{"line":273,"column":12},"end":{"line":349,"column":13}},"type":"if","locations":[{"start":{"line":273,"column":12},"end":{"line":349,"column":13}},{"start":{"line":273,"column":12},"end":{"line":349,"column":13}}],"line":273},"19":{"loc":{"start":{"line":282,"column":24},"end":{"line":326,"column":25}},"type":"if","locations":[{"start":{"line":282,"column":24},"end":{"line":326,"column":25}},{"start":{"line":282,"column":24},"end":{"line":326,"column":25}}],"line":282},"20":{"loc":{"start":{"line":287,"column":28},"end":{"line":289,"column":29}},"type":"if","locations":[{"start":{"line":287,"column":28},"end":{"line":289,"column":29}},{"start":{"line":287,"column":28},"end":{"line":289,"column":29}}],"line":287},"21":{"loc":{"start":{"line":329,"column":24},"end":{"line":333,"column":25}},"type":"if","locations":[{"start":{"line":329,"column":24},"end":{"line":333,"column":25}},{"start":{"line":329,"column":24},"end":{"line":333,"column":25}}],"line":329},"22":{"loc":{"start":{"line":336,"column":37},"end":{"line":336,"column":137}},"type":"cond-expr","locations":[{"start":{"line":336,"column":58},"end":{"line":336,"column":76}},{"start":{"line":336,"column":79},"end":{"line":336,"column":137}}],"line":336},"23":{"loc":{"start":{"line":336,"column":79},"end":{"line":336,"column":137}},"type":"cond-expr","locations":[{"start":{"line":336,"column":106},"end":{"line":336,"column":130}},{"start":{"line":336,"column":133},"end":{"line":336,"column":137}}],"line":336},"24":{"loc":{"start":{"line":340,"column":24},"end":{"line":344,"column":25}},"type":"if","locations":[{"start":{"line":340,"column":24},"end":{"line":344,"column":25}},{"start":{"line":340,"column":24},"end":{"line":344,"column":25}}],"line":340},"25":{"loc":{"start":{"line":356,"column":12},"end":{"line":388,"column":13}},"type":"if","locations":[{"start":{"line":356,"column":12},"end":{"line":388,"column":13}},{"start":{"line":356,"column":12},"end":{"line":388,"column":13}}],"line":356},"26":{"loc":{"start":{"line":356,"column":16},"end":{"line":356,"column":38}},"type":"binary-expr","locations":[{"start":{"line":356,"column":16},"end":{"line":356,"column":23}},{"start":{"line":356,"column":27},"end":{"line":356,"column":38}}],"line":356},"27":{"loc":{"start":{"line":361,"column":24},"end":{"line":362,"column":70}},"type":"if","locations":[{"start":{"line":361,"column":24},"end":{"line":362,"column":70}},{"start":{"line":361,"column":24},"end":{"line":362,"column":70}}],"line":361},"28":{"loc":{"start":{"line":372,"column":24},"end":{"line":380,"column":25}},"type":"if","locations":[{"start":{"line":372,"column":24},"end":{"line":380,"column":25}},{"start":{"line":372,"column":24},"end":{"line":380,"column":25}}],"line":372},"29":{"loc":{"start":{"line":394,"column":12},"end":{"line":421,"column":13}},"type":"if","locations":[{"start":{"line":394,"column":12},"end":{"line":421,"column":13}},{"start":{"line":394,"column":12},"end":{"line":421,"column":13}}],"line":394},"30":{"loc":{"start":{"line":394,"column":16},"end":{"line":394,"column":45}},"type":"binary-expr","locations":[{"start":{"line":394,"column":16},"end":{"line":394,"column":32}},{"start":{"line":394,"column":36},"end":{"line":394,"column":45}}],"line":394},"31":{"loc":{"start":{"line":429,"column":12},"end":{"line":459,"column":13}},"type":"if","locations":[{"start":{"line":429,"column":12},"end":{"line":459,"column":13}},{"start":{"line":429,"column":12},"end":{"line":459,"column":13}}],"line":429},"32":{"loc":{"start":{"line":434,"column":24},"end":{"line":454,"column":25}},"type":"if","locations":[{"start":{"line":434,"column":24},"end":{"line":454,"column":25}},{"start":{"line":434,"column":24},"end":{"line":454,"column":25}}],"line":434},"33":{"loc":{"start":{"line":465,"column":12},"end":{"line":483,"column":13}},"type":"if","locations":[{"start":{"line":465,"column":12},"end":{"line":483,"column":13}},{"start":{"line":465,"column":12},"end":{"line":483,"column":13}}],"line":465},"34":{"loc":{"start":{"line":489,"column":12},"end":{"line":516,"column":13}},"type":"if","locations":[{"start":{"line":489,"column":12},"end":{"line":516,"column":13}},{"start":{"line":489,"column":12},"end":{"line":516,"column":13}}],"line":489},"35":{"loc":{"start":{"line":489,"column":16},"end":{"line":489,"column":54}},"type":"binary-expr","locations":[{"start":{"line":489,"column":16},"end":{"line":489,"column":22}},{"start":{"line":489,"column":26},"end":{"line":489,"column":38}},{"start":{"line":489,"column":42},"end":{"line":489,"column":54}}],"line":489},"36":{"loc":{"start":{"line":491,"column":19},"end":{"line":516,"column":13}},"type":"if","locations":[{"start":{"line":491,"column":19},"end":{"line":516,"column":13}},{"start":{"line":491,"column":19},"end":{"line":516,"column":13}}],"line":491},"37":{"loc":{"start":{"line":501,"column":24},"end":{"line":502,"column":76}},"type":"if","locations":[{"start":{"line":501,"column":24},"end":{"line":502,"column":76}},{"start":{"line":501,"column":24},"end":{"line":502,"column":76}}],"line":501},"38":{"loc":{"start":{"line":503,"column":24},"end":{"line":504,"column":70}},"type":"if","locations":[{"start":{"line":503,"column":24},"end":{"line":504,"column":70}},{"start":{"line":503,"column":24},"end":{"line":504,"column":70}}],"line":503},"39":{"loc":{"start":{"line":524,"column":12},"end":{"line":547,"column":13}},"type":"if","locations":[{"start":{"line":524,"column":12},"end":{"line":547,"column":13}},{"start":{"line":524,"column":12},"end":{"line":547,"column":13}}],"line":524},"40":{"loc":{"start":{"line":524,"column":16},"end":{"line":524,"column":38}},"type":"binary-expr","locations":[{"start":{"line":524,"column":16},"end":{"line":524,"column":22}},{"start":{"line":524,"column":26},"end":{"line":524,"column":38}}],"line":524},"41":{"loc":{"start":{"line":534,"column":24},"end":{"line":535,"column":76}},"type":"if","locations":[{"start":{"line":534,"column":24},"end":{"line":535,"column":76}},{"start":{"line":534,"column":24},"end":{"line":535,"column":76}}],"line":534},"42":{"loc":{"start":{"line":554,"column":12},"end":{"line":608,"column":13}},"type":"if","locations":[{"start":{"line":554,"column":12},"end":{"line":608,"column":13}},{"start":{"line":554,"column":12},"end":{"line":608,"column":13}}],"line":554},"43":{"loc":{"start":{"line":571,"column":24},"end":{"line":572,"column":76}},"type":"if","locations":[{"start":{"line":571,"column":24},"end":{"line":572,"column":76}},{"start":{"line":571,"column":24},"end":{"line":572,"column":76}}],"line":571},"44":{"loc":{"start":{"line":588,"column":24},"end":{"line":601,"column":25}},"type":"if","locations":[{"start":{"line":588,"column":24},"end":{"line":601,"column":25}},{"start":{"line":588,"column":24},"end":{"line":601,"column":25}}],"line":588},"45":{"loc":{"start":{"line":588,"column":28},"end":{"line":588,"column":152}},"type":"binary-expr","locations":[{"start":{"line":588,"column":28},"end":{"line":588,"column":65}},{"start":{"line":588,"column":69},"end":{"line":588,"column":107}},{"start":{"line":588,"column":111},"end":{"line":588,"column":152}}],"line":588},"46":{"loc":{"start":{"line":616,"column":12},"end":{"line":679,"column":13}},"type":"if","locations":[{"start":{"line":616,"column":12},"end":{"line":679,"column":13}},{"start":{"line":616,"column":12},"end":{"line":679,"column":13}}],"line":616},"47":{"loc":{"start":{"line":616,"column":16},"end":{"line":616,"column":42}},"type":"binary-expr","locations":[{"start":{"line":616,"column":16},"end":{"line":616,"column":22}},{"start":{"line":616,"column":26},"end":{"line":616,"column":42}}],"line":616},"48":{"loc":{"start":{"line":633,"column":24},"end":{"line":670,"column":25}},"type":"if","locations":[{"start":{"line":633,"column":24},"end":{"line":670,"column":25}},{"start":{"line":633,"column":24},"end":{"line":670,"column":25}}],"line":633},"49":{"loc":{"start":{"line":638,"column":28},"end":{"line":669,"column":29}},"type":"if","locations":[{"start":{"line":638,"column":28},"end":{"line":669,"column":29}},{"start":{"line":638,"column":28},"end":{"line":669,"column":29}}],"line":638},"50":{"loc":{"start":{"line":649,"column":40},"end":{"line":661,"column":41}},"type":"if","locations":[{"start":{"line":649,"column":40},"end":{"line":661,"column":41}},{"start":{"line":649,"column":40},"end":{"line":661,"column":41}}],"line":649},"51":{"loc":{"start":{"line":649,"column":44},"end":{"line":649,"column":168}},"type":"binary-expr","locations":[{"start":{"line":649,"column":44},"end":{"line":649,"column":81}},{"start":{"line":649,"column":85},"end":{"line":649,"column":123}},{"start":{"line":649,"column":127},"end":{"line":649,"column":168}}],"line":649},"52":{"loc":{"start":{"line":664,"column":33},"end":{"line":669,"column":29}},"type":"if","locations":[{"start":{"line":664,"column":33},"end":{"line":669,"column":29}},{"start":{"line":664,"column":33},"end":{"line":669,"column":29}}],"line":664},"53":{"loc":{"start":{"line":688,"column":12},"end":{"line":776,"column":13}},"type":"if","locations":[{"start":{"line":688,"column":12},"end":{"line":776,"column":13}},{"start":{"line":688,"column":12},"end":{"line":776,"column":13}}],"line":688},"54":{"loc":{"start":{"line":688,"column":16},"end":{"line":688,"column":42}},"type":"binary-expr","locations":[{"start":{"line":688,"column":16},"end":{"line":688,"column":22}},{"start":{"line":688,"column":26},"end":{"line":688,"column":42}}],"line":688},"55":{"loc":{"start":{"line":705,"column":24},"end":{"line":707,"column":25}},"type":"if","locations":[{"start":{"line":705,"column":24},"end":{"line":707,"column":25}},{"start":{"line":705,"column":24},"end":{"line":707,"column":25}}],"line":705},"56":{"loc":{"start":{"line":708,"column":24},"end":{"line":710,"column":25}},"type":"if","locations":[{"start":{"line":708,"column":24},"end":{"line":710,"column":25}},{"start":{"line":708,"column":24},"end":{"line":710,"column":25}}],"line":708},"57":{"loc":{"start":{"line":711,"column":24},"end":{"line":713,"column":25}},"type":"if","locations":[{"start":{"line":711,"column":24},"end":{"line":713,"column":25}},{"start":{"line":711,"column":24},"end":{"line":713,"column":25}}],"line":711},"58":{"loc":{"start":{"line":714,"column":24},"end":{"line":767,"column":25}},"type":"if","locations":[{"start":{"line":714,"column":24},"end":{"line":767,"column":25}},{"start":{"line":714,"column":24},"end":{"line":767,"column":25}}],"line":714},"59":{"loc":{"start":{"line":723,"column":28},"end":{"line":763,"column":29}},"type":"if","locations":[{"start":{"line":723,"column":28},"end":{"line":763,"column":29}},{"start":{"line":723,"column":28},"end":{"line":763,"column":29}}],"line":723},"60":{"loc":{"start":{"line":733,"column":48},"end":{"line":746,"column":49}},"type":"if","locations":[{"start":{"line":733,"column":48},"end":{"line":746,"column":49}},{"start":{"line":733,"column":48},"end":{"line":746,"column":49}}],"line":733},"61":{"loc":{"start":{"line":734,"column":52},"end":{"line":742,"column":53}},"type":"if","locations":[{"start":{"line":734,"column":52},"end":{"line":742,"column":53}},{"start":{"line":734,"column":52},"end":{"line":742,"column":53}}],"line":734},"62":{"loc":{"start":{"line":734,"column":56},"end":{"line":734,"column":180}},"type":"binary-expr","locations":[{"start":{"line":734,"column":56},"end":{"line":734,"column":93}},{"start":{"line":734,"column":97},"end":{"line":734,"column":135}},{"start":{"line":734,"column":139},"end":{"line":734,"column":180}}],"line":734},"63":{"loc":{"start":{"line":784,"column":12},"end":{"line":800,"column":13}},"type":"if","locations":[{"start":{"line":784,"column":12},"end":{"line":800,"column":13}},{"start":{"line":784,"column":12},"end":{"line":800,"column":13}}],"line":784},"64":{"loc":{"start":{"line":790,"column":24},"end":{"line":795,"column":49}},"type":"if","locations":[{"start":{"line":790,"column":24},"end":{"line":795,"column":49}},{"start":{"line":790,"column":24},"end":{"line":795,"column":49}}],"line":790},"65":{"loc":{"start":{"line":792,"column":29},"end":{"line":795,"column":49}},"type":"if","locations":[{"start":{"line":792,"column":29},"end":{"line":795,"column":49}},{"start":{"line":792,"column":29},"end":{"line":795,"column":49}}],"line":792},"66":{"loc":{"start":{"line":806,"column":12},"end":{"line":822,"column":13}},"type":"if","locations":[{"start":{"line":806,"column":12},"end":{"line":822,"column":13}},{"start":{"line":806,"column":12},"end":{"line":822,"column":13}}],"line":806},"67":{"loc":{"start":{"line":814,"column":20},"end":{"line":817,"column":74}},"type":"if","locations":[{"start":{"line":814,"column":20},"end":{"line":817,"column":74}},{"start":{"line":814,"column":20},"end":{"line":817,"column":74}}],"line":814},"68":{"loc":{"start":{"line":828,"column":12},"end":{"line":844,"column":13}},"type":"if","locations":[{"start":{"line":828,"column":12},"end":{"line":844,"column":13}},{"start":{"line":828,"column":12},"end":{"line":844,"column":13}}],"line":828},"69":{"loc":{"start":{"line":836,"column":20},"end":{"line":839,"column":70}},"type":"if","locations":[{"start":{"line":836,"column":20},"end":{"line":839,"column":70}},{"start":{"line":836,"column":20},"end":{"line":839,"column":70}}],"line":836}},"s":{"0":1,"1":1,"2":1,"3":1,"4":1,"5":1,"6":1,"7":1,"8":1,"9":1,"10":1,"11":1,"12":1,"13":1,"14":1,"15":1,"16":1,"17":20,"18":20,"19":20,"20":20,"21":20,"22":20,"23":20,"24":3,"25":3,"26":1,"27":2,"28":2,"29":2,"30":0,"31":2,"32":2,"33":0,"34":2,"35":2,"36":2,"37":2,"38":2,"39":2,"40":2,"41":1,"42":1,"43":1,"44":1,"45":1,"46":1,"47":1,"48":1,"49":1,"50":1,"51":1,"52":1,"53":0,"54":1,"55":1,"56":0,"57":0,"58":1,"59":1,"60":0,"61":0,"62":0,"63":1,"64":1,"65":1,"66":1,"67":1,"68":1,"69":0,"70":0,"71":0,"72":0,"73":0,"74":0,"75":0,"76":0,"77":0,"78":0,"79":0,"80":0,"81":0,"82":0,"83":0,"84":1,"85":1,"86":1,"87":1,"88":1,"89":0,"90":0,"91":0,"92":0,"93":0,"94":0,"95":0,"96":0,"97":0,"98":0,"99":0,"100":0,"101":0,"102":0,"103":0,"104":0,"105":0,"106":0,"107":0,"108":0,"109":0,"110":0,"111":0,"112":0,"113":0,"114":0,"115":0,"116":0,"117":0,"118":0,"119":0,"120":0,"121":0,"122":0,"123":3,"124":3,"125":1,"126":2,"127":2,"128":0,"129":2,"130":2,"131":1,"132":1,"133":1,"134":0,"135":1,"136":1,"137":1,"138":1,"139":0,"140":0,"141":1,"142":0,"143":1,"144":1,"145":0,"146":1,"147":1,"148":1,"149":1,"150":0,"151":0,"152":1,"153":0,"154":0,"155":0,"156":0,"157":0,"158":0,"159":0,"160":0,"161":0,"162":0,"163":0,"164":0,"165":0,"166":4,"167":4,"168":2,"169":2,"170":2,"171":1,"172":1,"173":1,"174":1,"175":2,"176":2,"177":2,"178":0,"179":2,"180":2,"181":2,"182":1,"183":1,"184":1,"185":1,"186":1,"187":1,"188":1,"189":1,"190":0,"191":0,"192":0,"193":1,"194":1,"195":5,"196":5,"197":5,"198":2,"199":3,"200":3,"201":3,"202":1,"203":2,"204":2,"205":0,"206":0,"207":0,"208":0,"209":0,"210":0,"211":0,"212":0,"213":0,"214":0,"215":2,"216":1,"217":1,"218":2,"219":1,"220":6,"221":6,"222":6,"223":0,"224":6,"225":6,"226":1,"227":5,"228":1,"229":4,"230":3,"231":1,"232":0,"233":0,"234":0,"235":0,"236":0,"237":0,"238":0,"239":0,"240":0,"241":0,"242":0,"243":0,"244":0,"245":0,"246":0,"247":0,"248":0,"249":0,"250":0,"251":0,"252":0,"253":0,"254":1,"255":5,"256":1,"257":4,"258":4,"259":1,"260":3,"261":2,"262":0,"263":2,"264":1,"265":1,"266":2,"267":3,"268":3,"269":1,"270":2,"271":2,"272":1,"273":1,"274":0,"275":0,"276":0,"277":0,"278":0,"279":0,"280":0,"281":0,"282":0,"283":1},"f":{"0":20,"1":3,"2":3,"3":2,"4":0,"5":2,"6":2,"7":2,"8":1,"9":1,"10":1,"11":1,"12":1,"13":1,"14":1,"15":1,"16":1,"17":1,"18":1,"19":1,"20":1,"21":0,"22":0,"23":0,"24":0,"25":0,"26":0,"27":1,"28":1,"29":0,"30":0,"31":0,"32":0,"33":0,"34":0,"35":0,"36":0,"37":0,"38":0,"39":0,"40":0,"41":0,"42":0,"43":3,"44":3,"45":2,"46":0,"47":2,"48":2,"49":1,"50":0,"51":0,"52":0,"53":1,"54":1,"55":0,"56":0,"57":0,"58":0,"59":0,"60":0,"61":0,"62":4,"63":4,"64":2,"65":1,"66":1,"67":2,"68":2,"69":2,"70":1,"71":1,"72":1,"73":0,"74":1,"75":1,"76":5,"77":5,"78":3,"79":0,"80":0,"81":0,"82":0,"83":2,"84":1,"85":6,"86":6,"87":6,"88":0,"89":0,"90":0,"91":0,"92":0,"93":0,"94":0,"95":0,"96":5,"97":1,"98":4,"99":4,"100":2,"101":2,"102":3,"103":3,"104":2,"105":0,"106":0,"107":0,"108":0,"109":0},"b":{"0":[1,2],"1":[3,1],"2":[1,1],"3":[0,2],"4":[0,1],"5":[1,0],"6":[0,1],"7":[1,0],"8":[0,1],"9":[1,0],"10":[1,0],"11":[0,0],"12":[0,0],"13":[0,0],"14":[0,0],"15":[0,0],"16":[0,0],"17":[0,0],"18":[1,0],"19":[0,0],"20":[0,0],"21":[0,0],"22":[0,0],"23":[0,0],"24":[0,0],"25":[0,0],"26":[0,0],"27":[0,0],"28":[0,0],"29":[1,2],"30":[3,2],"31":[1,1],"32":[0,1],"33":[0,1],"34":[0,0],"35":[0,0,0],"36":[0,0],"37":[0,0],"38":[0,0],"39":[2,2],"40":[4,3],"41":[1,1],"42":[0,2],"43":[1,1],"44":[1,0],"45":[1,1,1],"46":[2,3],"47":[5,4],"48":[1,2],"49":[0,2],"50":[0,0],"51":[0,0,0],"52":[1,1],"53":[0,6],"54":[6,6],"55":[1,5],"56":[1,4],"57":[3,1],"58":[0,1],"59":[0,0],"60":[0,0],"61":[0,0],"62":[0,0,0],"63":[1,3],"64":[0,2],"65":[1,1],"66":[1,2],"67":[1,1],"68":[0,0],"69":[0,0]},"_coverageSchema":"43e27e138ebf9cfc5966b082cf9a028302ed4184","hash":"7dd558875f79f5f435bd9e40264f54feefe5a1c5"}
,"E:\\Bitbuckets\\socioboard-4.0-nodejs\\apis\\user\\utils\\logger.js": {"path":"E:\\Bitbuckets\\socioboard-4.0-nodejs\\apis\\user\\utils\\logger.js","statementMap":{"0":{"start":{"line":1,"column":45},"end":{"line":1,"column":63}},"1":{"start":{"line":2,"column":51},"end":{"line":2,"column":57}},"2":{"start":{"line":3,"column":11},"end":{"line":3,"column":24}},"3":{"start":{"line":4,"column":0},"end":{"line":4,"column":37}},"4":{"start":{"line":6,"column":0},"end":{"line":8,"column":1}},"5":{"start":{"line":7,"column":4},"end":{"line":7,"column":32}},"6":{"start":{"line":9,"column":23},"end":{"line":9,"column":25}},"7":{"start":{"line":11,"column":0},"end":{"line":21,"column":2}},"8":{"start":{"line":35,"column":13},"end":{"line":42,"column":2}},"9":{"start":{"line":44,"column":0},"end":{"line":48,"column":2}},"10":{"start":{"line":46,"column":8},"end":{"line":46,"column":29}},"11":{"start":{"line":50,"column":0},"end":{"line":50,"column":24}}},"fnMap":{"0":{"name":"(anonymous_0)","decl":{"start":{"line":45,"column":11},"end":{"line":45,"column":12}},"loc":{"start":{"line":45,"column":38},"end":{"line":47,"column":5}},"line":45}},"branchMap":{"0":{"loc":{"start":{"line":6,"column":0},"end":{"line":8,"column":1}},"type":"if","locations":[{"start":{"line":6,"column":0},"end":{"line":8,"column":1}},{"start":{"line":6,"column":0},"end":{"line":8,"column":1}}],"line":6},"1":{"loc":{"start":{"line":13,"column":15},"end":{"line":13,"column":70}},"type":"cond-expr","locations":[{"start":{"line":13,"column":54},"end":{"line":13,"column":61}},{"start":{"line":13,"column":64},"end":{"line":13,"column":70}}],"line":13}},"s":{"0":8,"1":8,"2":8,"3":8,"4":8,"5":0,"6":8,"7":8,"8":8,"9":8,"10":0,"11":8},"f":{"0":0},"b":{"0":[0,8],"1":[0,8]},"_coverageSchema":"43e27e138ebf9cfc5966b082cf9a028302ed4184","hash":"eabb3500da5175b0c48202e5f3c980fa483fa071"}
}
