TN:
SF:E:\Bitbuckets\socioboard-4.0-nodejs\apis\user\core\admin\utils\adminlibs.js
FN:19,(anonymous_0)
FN:23,(anonymous_1)
FN:24,(anonymous_2)
FN:41,(anonymous_3)
FN:57,(anonymous_4)
FN:60,(anonymous_5)
FN:66,(anonymous_6)
FN:67,(anonymous_7)
FN:69,(anonymous_8)
FN:75,(anonymous_9)
FN:77,(anonymous_10)
FN:83,(anonymous_11)
FN:89,(anonymous_12)
FN:91,(anonymous_13)
FN:93,(anonymous_14)
FN:98,(anonymous_15)
FN:101,(anonymous_16)
FN:107,(anonymous_17)
FN:108,(anonymous_18)
FN:114,(anonymous_19)
FN:117,(anonymous_20)
FN:124,(anonymous_21)
FN:125,(anonymous_22)
FN:148,(anonymous_23)
FN:150,(anonymous_24)
FN:172,(anonymous_25)
FN:179,(anonymous_26)
FN:180,(anonymous_27)
FN:184,(anonymous_28)
FN:185,(anonymous_29)
FN:191,(anonymous_30)
FN:192,(anonymous_31)
FN:200,(anonymous_32)
FN:201,(anonymous_33)
FN:217,(anonymous_34)
FN:218,(anonymous_35)
FN:223,(anonymous_36)
FN:224,(anonymous_37)
FN:229,(anonymous_38)
FN:230,(anonymous_39)
FN:237,(anonymous_40)
FN:240,(anonymous_41)
FN:247,(anonymous_42)
FN:248,(anonymous_43)
FN:263,(anonymous_44)
FN:270,(anonymous_45)
FN:277,(anonymous_46)
FN:278,(anonymous_47)
FN:283,(anonymous_48)
FN:288,(anonymous_49)
FN:291,(anonymous_50)
FN:296,(anonymous_51)
FN:297,(anonymous_52)
FN:304,(anonymous_53)
FN:310,(anonymous_54)
FN:320,(anonymous_55)
FN:323,(anonymous_56)
FN:328,(anonymous_57)
FN:329,(anonymous_58)
FN:334,(anonymous_59)
FN:343,(anonymous_60)
FN:346,(anonymous_61)
FN:351,(anonymous_62)
FN:352,(anonymous_63)
FN:354,(anonymous_64)
FN:356,(anonymous_65)
FN:362,(anonymous_66)
FN:363,(anonymous_67)
FN:374,(anonymous_68)
FN:411,(anonymous_69)
FN:419,(anonymous_70)
FN:427,(anonymous_71)
FN:428,(anonymous_72)
FN:435,(anonymous_73)
FN:439,(anonymous_74)
FN:444,(anonymous_75)
FN:447,(anonymous_76)
FN:454,(anonymous_77)
FN:455,(anonymous_78)
FN:463,(anonymous_79)
FN:472,(anonymous_80)
FN:474,(anonymous_81)
FN:485,(anonymous_82)
FN:486,(anonymous_83)
FN:509,(anonymous_84)
FN:517,(anonymous_85)
FN:525,(anonymous_86)
FN:526,(anonymous_87)
FN:531,(anonymous_88)
FN:537,(anonymous_89)
FN:540,(anonymous_90)
FN:549,(anonymous_91)
FN:550,(anonymous_92)
FN:552,(anonymous_93)
FN:554,(anonymous_94)
FN:560,(anonymous_95)
FN:561,(anonymous_96)
FN:582,(anonymous_97)
FN:595,(anonymous_98)
FN:599,(anonymous_99)
FN:605,(anonymous_100)
FN:612,(anonymous_101)
FN:613,(anonymous_102)
FN:619,(anonymous_103)
FN:626,(anonymous_104)
FN:633,(anonymous_105)
FN:634,(anonymous_106)
FN:640,(anonymous_107)
FN:651,(anonymous_108)
FN:654,(anonymous_109)
FNF:110
FNH:64
FNDA:1,(anonymous_0)
FNDA:4,(anonymous_1)
FNDA:4,(anonymous_2)
FNDA:4,(anonymous_3)
FNDA:4,(anonymous_4)
FNDA:0,(anonymous_5)
FNDA:0,(anonymous_6)
FNDA:0,(anonymous_7)
FNDA:0,(anonymous_8)
FNDA:0,(anonymous_9)
FNDA:0,(anonymous_10)
FNDA:0,(anonymous_11)
FNDA:4,(anonymous_12)
FNDA:4,(anonymous_13)
FNDA:4,(anonymous_14)
FNDA:0,(anonymous_15)
FNDA:0,(anonymous_16)
FNDA:3,(anonymous_17)
FNDA:3,(anonymous_18)
FNDA:0,(anonymous_19)
FNDA:0,(anonymous_20)
FNDA:0,(anonymous_21)
FNDA:0,(anonymous_22)
FNDA:0,(anonymous_23)
FNDA:0,(anonymous_24)
FNDA:0,(anonymous_25)
FNDA:0,(anonymous_26)
FNDA:0,(anonymous_27)
FNDA:0,(anonymous_28)
FNDA:0,(anonymous_29)
FNDA:0,(anonymous_30)
FNDA:0,(anonymous_31)
FNDA:0,(anonymous_32)
FNDA:0,(anonymous_33)
FNDA:0,(anonymous_34)
FNDA:0,(anonymous_35)
FNDA:0,(anonymous_36)
FNDA:0,(anonymous_37)
FNDA:3,(anonymous_38)
FNDA:3,(anonymous_39)
FNDA:2,(anonymous_40)
FNDA:0,(anonymous_41)
FNDA:8,(anonymous_42)
FNDA:8,(anonymous_43)
FNDA:8,(anonymous_44)
FNDA:3,(anonymous_45)
FNDA:3,(anonymous_46)
FNDA:3,(anonymous_47)
FNDA:1,(anonymous_48)
FNDA:1,(anonymous_49)
FNDA:1,(anonymous_50)
FNDA:5,(anonymous_51)
FNDA:5,(anonymous_52)
FNDA:3,(anonymous_53)
FNDA:1,(anonymous_54)
FNDA:0,(anonymous_55)
FNDA:3,(anonymous_56)
FNDA:4,(anonymous_57)
FNDA:4,(anonymous_58)
FNDA:3,(anonymous_59)
FNDA:2,(anonymous_60)
FNDA:1,(anonymous_61)
FNDA:3,(anonymous_62)
FNDA:3,(anonymous_63)
FNDA:3,(anonymous_64)
FNDA:0,(anonymous_65)
FNDA:4,(anonymous_66)
FNDA:4,(anonymous_67)
FNDA:3,(anonymous_68)
FNDA:3,(anonymous_69)
FNDA:0,(anonymous_70)
FNDA:4,(anonymous_71)
FNDA:4,(anonymous_72)
FNDA:3,(anonymous_73)
FNDA:3,(anonymous_74)
FNDA:3,(anonymous_75)
FNDA:0,(anonymous_76)
FNDA:5,(anonymous_77)
FNDA:5,(anonymous_78)
FNDA:5,(anonymous_79)
FNDA:3,(anonymous_80)
FNDA:2,(anonymous_81)
FNDA:6,(anonymous_82)
FNDA:6,(anonymous_83)
FNDA:0,(anonymous_84)
FNDA:0,(anonymous_85)
FNDA:4,(anonymous_86)
FNDA:4,(anonymous_87)
FNDA:4,(anonymous_88)
FNDA:2,(anonymous_89)
FNDA:0,(anonymous_90)
FNDA:1,(anonymous_91)
FNDA:1,(anonymous_92)
FNDA:1,(anonymous_93)
FNDA:0,(anonymous_94)
FNDA:3,(anonymous_95)
FNDA:3,(anonymous_96)
FNDA:2,(anonymous_97)
FNDA:1,(anonymous_98)
FNDA:3,(anonymous_99)
FNDA:1,(anonymous_100)
FNDA:0,(anonymous_101)
FNDA:0,(anonymous_102)
FNDA:0,(anonymous_103)
FNDA:0,(anonymous_104)
FNDA:0,(anonymous_105)
FNDA:0,(anonymous_106)
FNDA:0,(anonymous_107)
FNDA:0,(anonymous_108)
FNDA:0,(anonymous_109)
DA:1,1
DA:2,1
DA:3,1
DA:4,1
DA:6,1
DA:7,1
DA:8,1
DA:9,1
DA:10,1
DA:11,1
DA:12,1
DA:14,1
DA:15,1
DA:20,1
DA:24,4
DA:25,4
DA:42,4
DA:43,4
DA:44,4
DA:52,4
DA:54,0
DA:58,4
DA:61,0
DA:67,0
DA:68,0
DA:70,0
DA:71,0
DA:72,0
DA:73,0
DA:74,0
DA:76,0
DA:78,0
DA:81,0
DA:84,0
DA:90,4
DA:91,4
DA:92,4
DA:94,4
DA:95,4
DA:96,4
DA:99,0
DA:102,0
DA:108,3
DA:109,3
DA:110,1
DA:112,2
DA:113,2
DA:115,0
DA:118,0
DA:125,0
DA:126,0
DA:127,0
DA:128,0
DA:129,0
DA:131,0
DA:132,0
DA:134,0
DA:135,0
DA:149,0
DA:150,0
DA:151,0
DA:168,0
DA:170,0
DA:173,0
DA:180,0
DA:181,0
DA:183,0
DA:184,0
DA:185,0
DA:187,0
DA:188,0
DA:190,0
DA:191,0
DA:192,0
DA:194,0
DA:196,0
DA:197,0
DA:199,0
DA:200,0
DA:201,0
DA:203,0
DA:205,0
DA:206,0
DA:208,0
DA:209,0
DA:217,0
DA:218,0
DA:220,0
DA:222,0
DA:223,0
DA:224,0
DA:230,3
DA:231,3
DA:232,1
DA:234,2
DA:238,2
DA:241,0
DA:248,8
DA:249,8
DA:250,0
DA:252,8
DA:264,8
DA:265,3
DA:267,5
DA:271,3
DA:278,3
DA:279,3
DA:280,1
DA:282,2
DA:284,1
DA:289,1
DA:291,1
DA:297,5
DA:298,5
DA:299,2
DA:301,3
DA:305,3
DA:306,0
DA:308,3
DA:311,1
DA:312,1
DA:314,0
DA:321,0
DA:323,3
DA:329,4
DA:330,4
DA:331,1
DA:333,3
DA:335,3
DA:336,2
DA:340,1
DA:344,2
DA:346,1
DA:352,3
DA:353,3
DA:355,3
DA:357,0
DA:363,4
DA:364,4
DA:365,1
DA:367,3
DA:368,3
DA:376,3
DA:377,3
DA:378,0
DA:380,3
DA:381,3
DA:408,3
DA:412,3
DA:413,3
DA:414,0
DA:416,3
DA:420,0
DA:428,4
DA:429,4
DA:430,1
DA:432,3
DA:436,3
DA:437,0
DA:439,3
DA:440,3
DA:445,3
DA:448,0
DA:455,5
DA:456,5
DA:457,0
DA:459,5
DA:460,5
DA:464,5
DA:465,2
DA:467,3
DA:473,3
DA:475,2
DA:479,0
DA:486,6
DA:487,6
DA:488,1
DA:491,5
DA:492,3
DA:494,2
DA:495,2
DA:497,0
DA:498,0
DA:501,0
DA:502,0
DA:503,0
DA:505,0
DA:510,0
DA:511,0
DA:512,0
DA:514,0
DA:518,0
DA:526,4
DA:527,4
DA:528,0
DA:530,4
DA:532,4
DA:533,2
DA:534,2
DA:536,2
DA:538,2
DA:541,0
DA:550,1
DA:551,1
DA:553,1
DA:555,0
DA:561,3
DA:562,3
DA:563,1
DA:565,2
DA:566,2
DA:578,2
DA:583,2
DA:584,1
DA:586,1
DA:587,1
DA:596,1
DA:597,0
DA:599,1
DA:600,3
DA:602,1
DA:606,1
DA:613,0
DA:614,0
DA:615,0
DA:618,0
DA:620,0
DA:621,0
DA:623,0
DA:627,0
DA:634,0
DA:635,0
DA:636,0
DA:639,0
DA:641,0
DA:642,0
DA:644,0
DA:652,0
DA:655,0
DA:662,1
LF:240
LH:136
BRDA:43,0,0,4
BRDA:43,0,1,0
BRDA:72,1,0,0
BRDA:72,1,1,0
BRDA:109,2,0,1
BRDA:109,2,1,2
BRDA:109,3,0,3
BRDA:109,3,1,2
BRDA:126,4,0,0
BRDA:126,4,1,0
BRDA:128,5,0,0
BRDA:128,5,1,0
BRDA:131,6,0,0
BRDA:131,6,1,0
BRDA:181,7,0,0
BRDA:181,7,1,0
BRDA:181,7,2,0
BRDA:181,7,3,0
BRDA:181,7,4,0
BRDA:187,8,0,0
BRDA:187,8,1,0
BRDA:196,9,0,0
BRDA:196,9,1,0
BRDA:205,10,0,0
BRDA:205,10,1,0
BRDA:231,11,0,1
BRDA:231,11,1,2
BRDA:249,12,0,0
BRDA:249,12,1,8
BRDA:264,13,0,3
BRDA:264,13,1,5
BRDA:279,14,0,1
BRDA:279,14,1,2
BRDA:279,15,0,3
BRDA:279,15,1,3
BRDA:279,16,0,3
BRDA:279,16,1,1
BRDA:289,17,0,1
BRDA:289,17,1,0
BRDA:298,18,0,2
BRDA:298,18,1,3
BRDA:298,19,0,5
BRDA:298,19,1,5
BRDA:298,19,2,4
BRDA:305,20,0,0
BRDA:305,20,1,3
BRDA:311,21,0,1
BRDA:311,21,1,0
BRDA:330,22,0,1
BRDA:330,22,1,3
BRDA:335,23,0,2
BRDA:335,23,1,1
BRDA:335,24,0,3
BRDA:335,24,1,3
BRDA:364,25,0,1
BRDA:364,25,1,3
BRDA:377,26,0,0
BRDA:377,26,1,3
BRDA:413,27,0,0
BRDA:413,27,1,3
BRDA:429,28,0,1
BRDA:429,28,1,3
BRDA:429,29,0,4
BRDA:429,29,1,3
BRDA:436,30,0,0
BRDA:436,30,1,3
BRDA:456,31,0,0
BRDA:456,31,1,5
BRDA:456,32,0,5
BRDA:456,32,1,5
BRDA:456,33,0,5
BRDA:456,33,1,2
BRDA:459,34,0,5
BRDA:459,34,1,0
BRDA:459,35,0,5
BRDA:459,35,1,2
BRDA:464,36,0,2
BRDA:464,36,1,3
BRDA:473,37,0,2
BRDA:473,37,1,1
BRDA:487,38,0,1
BRDA:487,38,1,5
BRDA:487,39,0,6
BRDA:487,39,1,6
BRDA:491,40,0,3
BRDA:491,40,1,2
BRDA:491,41,0,5
BRDA:491,41,1,5
BRDA:494,42,0,2
BRDA:494,42,1,0
BRDA:494,43,0,2
BRDA:494,43,1,0
BRDA:497,44,0,0
BRDA:497,44,1,0
BRDA:511,45,0,0
BRDA:511,45,1,0
BRDA:527,46,0,0
BRDA:527,46,1,4
BRDA:527,47,0,4
BRDA:527,47,1,4
BRDA:527,48,0,4
BRDA:527,48,1,2
BRDA:532,49,0,2
BRDA:532,49,1,2
BRDA:533,50,0,1
BRDA:533,50,1,1
BRDA:538,51,0,1
BRDA:538,51,1,1
BRDA:562,52,0,1
BRDA:562,52,1,2
BRDA:583,53,0,1
BRDA:583,53,1,1
BRDA:596,54,0,0
BRDA:596,54,1,1
BRDA:614,55,0,0
BRDA:614,55,1,0
BRDA:614,56,0,0
BRDA:614,56,1,0
BRDA:620,57,0,0
BRDA:620,57,1,0
BRDA:635,58,0,0
BRDA:635,58,1,0
BRDA:635,59,0,0
BRDA:635,59,1,0
BRDA:641,60,0,0
BRDA:641,60,1,0
BRF:126
BRH:77
end_of_record
TN:
SF:E:\Bitbuckets\socioboard-4.0-nodejs\apis\user\core\appinsights\utils\appinsightlibs.js
FN:7,(anonymous_0)
FN:8,(anonymous_1)
FN:13,(anonymous_2)
FN:21,(anonymous_3)
FN:29,(anonymous_4)
FN:35,(anonymous_5)
FN:36,(anonymous_6)
FN:45,(anonymous_7)
FN:56,(anonymous_8)
FN:59,(anonymous_9)
FN:71,(anonymous_10)
FN:78,(anonymous_11)
FN:79,(anonymous_12)
FN:88,(anonymous_13)
FN:103,(anonymous_14)
FN:105,(anonymous_15)
FN:117,(anonymous_16)
FN:124,(anonymous_17)
FN:125,(anonymous_18)
FN:134,(anonymous_19)
FN:146,(anonymous_20)
FN:149,(anonymous_21)
FN:159,(anonymous_22)
FN:166,(anonymous_23)
FN:167,(anonymous_24)
FN:176,(anonymous_25)
FN:187,(anonymous_26)
FN:189,(anonymous_27)
FN:201,(anonymous_28)
FNF:29
FNH:20
FNDA:2,(anonymous_0)
FNDA:2,(anonymous_1)
FNDA:2,(anonymous_2)
FNDA:2,(anonymous_3)
FNDA:0,(anonymous_4)
FNDA:0,(anonymous_5)
FNDA:0,(anonymous_6)
FNDA:0,(anonymous_7)
FNDA:0,(anonymous_8)
FNDA:0,(anonymous_9)
FNDA:0,(anonymous_10)
FNDA:2,(anonymous_11)
FNDA:2,(anonymous_12)
FNDA:1,(anonymous_13)
FNDA:1,(anonymous_14)
FNDA:132,(anonymous_15)
FNDA:0,(anonymous_16)
FNDA:6,(anonymous_17)
FNDA:6,(anonymous_18)
FNDA:4,(anonymous_19)
FNDA:2,(anonymous_20)
FNDA:28,(anonymous_21)
FNDA:2,(anonymous_22)
FNDA:2,(anonymous_23)
FNDA:2,(anonymous_24)
FNDA:1,(anonymous_25)
FNDA:1,(anonymous_26)
FNDA:22,(anonymous_27)
FNDA:0,(anonymous_28)
DA:1,1
DA:2,1
DA:3,1
DA:8,2
DA:9,2
DA:10,2
DA:11,2
DA:12,2
DA:14,2
DA:22,2
DA:24,2
DA:25,2
DA:27,2
DA:30,0
DA:36,0
DA:37,0
DA:38,0
DA:40,0
DA:41,0
DA:42,0
DA:43,0
DA:44,0
DA:46,0
DA:47,0
DA:58,0
DA:59,0
DA:60,0
DA:64,0
DA:67,0
DA:69,0
DA:72,0
DA:79,2
DA:80,2
DA:81,1
DA:83,1
DA:84,1
DA:85,1
DA:86,1
DA:87,1
DA:89,1
DA:90,1
DA:104,1
DA:105,1
DA:106,132
DA:112,132
DA:115,1
DA:118,0
DA:125,6
DA:126,6
DA:127,1
DA:129,5
DA:130,5
DA:131,5
DA:132,5
DA:133,5
DA:135,4
DA:136,4
DA:147,2
DA:148,2
DA:149,2
DA:150,28
DA:154,28
DA:157,2
DA:160,2
DA:167,2
DA:168,2
DA:169,1
DA:171,1
DA:172,1
DA:173,1
DA:174,1
DA:175,1
DA:177,1
DA:188,1
DA:189,1
DA:190,22
DA:196,22
DA:199,1
DA:202,0
DA:209,1
LF:80
LH:60
BRDA:24,0,0,2
BRDA:24,0,1,0
BRDA:37,1,0,0
BRDA:37,1,1,0
BRDA:37,2,0,0
BRDA:37,2,1,0
BRDA:58,3,0,0
BRDA:58,3,1,0
BRDA:80,4,0,1
BRDA:80,4,1,1
BRDA:80,5,0,2
BRDA:80,5,1,1
BRDA:104,6,0,1
BRDA:104,6,1,0
BRDA:126,7,0,1
BRDA:126,7,1,5
BRDA:126,8,0,6
BRDA:126,8,1,5
BRDA:126,8,2,5
BRDA:148,9,0,2
BRDA:148,9,1,0
BRDA:168,10,0,1
BRDA:168,10,1,1
BRDA:188,11,0,1
BRDA:188,11,1,0
BRF:25
BRH:15
end_of_record
TN:
SF:E:\Bitbuckets\socioboard-4.0-nodejs\apis\user\core\authorized\utils\authorizedlibs.js
FN:15,(anonymous_0)
FN:22,(anonymous_1)
FN:23,(anonymous_2)
FN:37,(anonymous_3)
FN:44,(anonymous_4)
FN:47,(anonymous_5)
FN:54,(anonymous_6)
FN:56,(anonymous_7)
FN:64,(anonymous_8)
FN:79,(anonymous_9)
FN:82,(anonymous_10)
FN:89,(anonymous_11)
FN:91,(anonymous_12)
FN:110,(anonymous_13)
FN:117,(anonymous_14)
FN:119,(anonymous_15)
FN:124,(anonymous_16)
FN:127,(anonymous_17)
FN:135,(anonymous_18)
FN:136,(anonymous_19)
FN:152,(anonymous_20)
FN:159,(anonymous_21)
FN:164,(anonymous_22)
FN:167,(anonymous_23)
FN:176,(anonymous_24)
FN:179,(anonymous_25)
FN:202,(anonymous_26)
FN:208,(anonymous_27)
FN:212,(anonymous_28)
FN:217,(anonymous_29)
FN:225,(anonymous_30)
FN:232,(anonymous_31)
FN:234,(anonymous_32)
FN:243,(anonymous_33)
FN:245,(anonymous_34)
FN:253,(anonymous_35)
FN:256,(anonymous_36)
FNF:37
FNH:26
FNDA:1,(anonymous_0)
FNDA:5,(anonymous_1)
FNDA:5,(anonymous_2)
FNDA:2,(anonymous_3)
FNDA:0,(anonymous_4)
FNDA:2,(anonymous_5)
FNDA:6,(anonymous_6)
FNDA:6,(anonymous_7)
FNDA:3,(anonymous_8)
FNDA:1,(anonymous_9)
FNDA:2,(anonymous_10)
FNDA:5,(anonymous_11)
FNDA:5,(anonymous_12)
FNDA:2,(anonymous_13)
FNDA:0,(anonymous_14)
FNDA:0,(anonymous_15)
FNDA:0,(anonymous_16)
FNDA:2,(anonymous_17)
FNDA:4,(anonymous_18)
FNDA:4,(anonymous_19)
FNDA:2,(anonymous_20)
FNDA:0,(anonymous_21)
FNDA:2,(anonymous_22)
FNDA:0,(anonymous_23)
FNDA:6,(anonymous_24)
FNDA:6,(anonymous_25)
FNDA:4,(anonymous_26)
FNDA:1,(anonymous_27)
FNDA:1,(anonymous_28)
FNDA:3,(anonymous_29)
FNDA:1,(anonymous_30)
FNDA:0,(anonymous_31)
FNDA:0,(anonymous_32)
FNDA:0,(anonymous_33)
FNDA:0,(anonymous_34)
FNDA:0,(anonymous_35)
FNDA:4,(anonymous_36)
DA:1,1
DA:2,1
DA:4,1
DA:5,1
DA:6,1
DA:7,1
DA:9,1
DA:10,1
DA:11,1
DA:12,1
DA:16,1
DA:17,1
DA:18,1
DA:19,1
DA:23,5
DA:24,5
DA:25,2
DA:27,3
DA:28,1
DA:31,2
DA:38,2
DA:39,0
DA:40,2
DA:41,2
DA:42,0
DA:45,0
DA:48,2
DA:56,6
DA:57,6
DA:58,3
DA:60,3
DA:65,3
DA:66,1
DA:68,2
DA:80,1
DA:83,2
DA:91,5
DA:92,5
DA:93,3
DA:95,2
DA:111,2
DA:112,2
DA:114,0
DA:118,0
DA:120,0
DA:125,0
DA:128,2
DA:136,4
DA:137,4
DA:138,2
DA:140,2
DA:153,2
DA:154,0
DA:156,2
DA:160,0
DA:165,2
DA:168,0
DA:177,6
DA:178,6
DA:179,6
DA:180,6
DA:181,1
DA:183,5
DA:184,1
DA:187,4
DA:203,4
DA:204,2
DA:206,2
DA:207,2
DA:209,1
DA:210,1
DA:213,1
DA:218,3
DA:219,2
DA:221,1
DA:222,1
DA:226,1
DA:227,0
DA:233,0
DA:235,0
DA:238,1
DA:239,0
DA:244,0
DA:246,0
DA:250,1
DA:254,0
DA:257,4
DA:264,1
LF:88
LH:71
BRDA:24,0,0,2
BRDA:24,0,1,3
BRDA:24,1,0,5
BRDA:24,1,1,5
BRDA:24,1,2,4
BRDA:27,2,0,1
BRDA:27,2,1,2
BRDA:38,3,0,0
BRDA:38,3,1,2
BRDA:40,4,0,2
BRDA:40,4,1,0
BRDA:57,5,0,3
BRDA:57,5,1,3
BRDA:57,6,0,6
BRDA:57,6,1,5
BRDA:65,7,0,1
BRDA:65,7,1,2
BRDA:92,8,0,3
BRDA:92,8,1,2
BRDA:92,9,0,5
BRDA:92,9,1,4
BRDA:92,9,2,3
BRDA:92,9,3,2
BRDA:92,9,4,2
BRDA:92,9,5,2
BRDA:111,10,0,2
BRDA:111,10,1,0
BRDA:137,11,0,2
BRDA:137,11,1,2
BRDA:137,12,0,4
BRDA:137,12,1,4
BRDA:137,12,2,3
BRDA:153,13,0,0
BRDA:153,13,1,2
BRDA:180,14,0,1
BRDA:180,14,1,5
BRDA:180,15,0,6
BRDA:180,15,1,6
BRDA:180,15,2,5
BRDA:180,15,3,5
BRDA:180,15,4,5
BRDA:183,16,0,1
BRDA:183,16,1,4
BRDA:203,17,0,2
BRDA:203,17,1,2
BRDA:218,18,0,2
BRDA:218,18,1,1
BRDA:226,19,0,0
BRDA:226,19,1,1
BRDA:238,20,0,0
BRDA:238,20,1,1
BRF:51
BRH:45
end_of_record
TN:
SF:E:\Bitbuckets\socioboard-4.0-nodejs\apis\user\core\libraries\userlibs.js
FN:17,(anonymous_0)
FN:21,(anonymous_1)
FN:22,(anonymous_2)
FN:38,(anonymous_3)
FN:44,(anonymous_4)
FN:51,(anonymous_5)
FN:52,(anonymous_6)
FN:69,(anonymous_7)
FN:75,(anonymous_8)
FN:82,(anonymous_9)
FN:83,(anonymous_10)
FN:92,(anonymous_11)
FN:99,(anonymous_12)
FN:106,(anonymous_13)
FN:107,(anonymous_14)
FN:113,(anonymous_15)
FN:116,(anonymous_16)
FN:120,(anonymous_17)
FN:124,(anonymous_18)
FN:127,(anonymous_19)
FN:134,(anonymous_20)
FN:135,(anonymous_21)
FN:145,(anonymous_22)
FN:148,(anonymous_23)
FN:155,(anonymous_24)
FN:156,(anonymous_25)
FN:161,(anonymous_26)
FN:166,(anonymous_27)
FN:168,(anonymous_28)
FN:171,(anonymous_29)
FN:180,(anonymous_30)
FN:181,(anonymous_31)
FN:196,(anonymous_32)
FN:205,(anonymous_33)
FN:208,(anonymous_34)
FNF:35
FNH:18
FNDA:21,(anonymous_0)
FNDA:8,(anonymous_1)
FNDA:8,(anonymous_2)
FNDA:4,(anonymous_3)
FNDA:0,(anonymous_4)
FNDA:3,(anonymous_5)
FNDA:3,(anonymous_6)
FNDA:3,(anonymous_7)
FNDA:0,(anonymous_8)
FNDA:13,(anonymous_9)
FNDA:13,(anonymous_10)
FNDA:12,(anonymous_11)
FNDA:0,(anonymous_12)
FNDA:0,(anonymous_13)
FNDA:0,(anonymous_14)
FNDA:0,(anonymous_15)
FNDA:0,(anonymous_16)
FNDA:0,(anonymous_17)
FNDA:0,(anonymous_18)
FNDA:0,(anonymous_19)
FNDA:1,(anonymous_20)
FNDA:1,(anonymous_21)
FNDA:1,(anonymous_22)
FNDA:0,(anonymous_23)
FNDA:1,(anonymous_24)
FNDA:1,(anonymous_25)
FNDA:1,(anonymous_26)
FNDA:2,(anonymous_27)
FNDA:1,(anonymous_28)
FNDA:0,(anonymous_29)
FNDA:0,(anonymous_30)
FNDA:0,(anonymous_31)
FNDA:0,(anonymous_32)
FNDA:0,(anonymous_33)
FNDA:0,(anonymous_34)
DA:1,2
DA:2,2
DA:3,2
DA:5,2
DA:6,2
DA:7,2
DA:8,2
DA:9,2
DA:10,2
DA:12,2
DA:18,21
DA:22,8
DA:23,8
DA:24,4
DA:26,4
DA:39,4
DA:40,0
DA:42,4
DA:45,0
DA:52,3
DA:53,3
DA:54,0
DA:57,3
DA:70,3
DA:71,1
DA:73,2
DA:76,0
DA:83,13
DA:84,13
DA:85,1
DA:87,12
DA:93,12
DA:94,2
DA:96,10
DA:100,0
DA:107,0
DA:108,0
DA:109,0
DA:111,0
DA:112,0
DA:114,0
DA:117,0
DA:118,0
DA:121,0
DA:122,0
DA:125,0
DA:128,0
DA:135,1
DA:136,1
DA:137,0
DA:139,1
DA:146,1
DA:149,0
DA:156,1
DA:157,1
DA:158,0
DA:160,1
DA:162,1
DA:163,0
DA:164,1
DA:166,2
DA:169,1
DA:172,0
DA:181,0
DA:182,0
DA:183,0
DA:185,0
DA:197,0
DA:198,0
DA:200,0
DA:206,0
DA:209,0
DA:216,2
LF:73
LH:42
BRDA:23,0,0,4
BRDA:23,0,1,4
BRDA:39,1,0,0
BRDA:39,1,1,4
BRDA:53,2,0,0
BRDA:53,2,1,3
BRDA:70,3,0,1
BRDA:70,3,1,2
BRDA:84,4,0,1
BRDA:84,4,1,12
BRDA:84,5,0,13
BRDA:84,5,1,1
BRDA:93,6,0,2
BRDA:93,6,1,10
BRDA:108,7,0,0
BRDA:108,7,1,0
BRDA:108,8,0,0
BRDA:108,8,1,0
BRDA:136,9,0,0
BRDA:136,9,1,1
BRDA:136,10,0,1
BRDA:136,10,1,0
BRDA:157,11,0,0
BRDA:157,11,1,1
BRDA:157,12,0,1
BRDA:157,12,1,0
BRDA:162,13,0,0
BRDA:162,13,1,1
BRDA:182,14,0,0
BRDA:182,14,1,0
BRDA:182,15,0,0
BRDA:182,15,1,0
BRDA:197,16,0,0
BRDA:197,16,1,0
BRF:34
BRH:17
end_of_record
TN:
SF:E:\Bitbuckets\socioboard-4.0-nodejs\apis\user\core\mail\utils\mailLibs.js
FN:15,(anonymous_0)
FN:16,(anonymous_1)
FN:32,(anonymous_2)
FN:48,(anonymous_3)
FN:51,(anonymous_4)
FN:57,(anonymous_5)
FN:58,(anonymous_6)
FN:74,(anonymous_7)
FN:86,(anonymous_8)
FN:89,(anonymous_9)
FN:95,(anonymous_10)
FN:96,(anonymous_11)
FN:112,(anonymous_12)
FN:124,(anonymous_13)
FN:127,(anonymous_14)
FN:133,(anonymous_15)
FN:137,(anonymous_16)
FN:156,(anonymous_17)
FN:168,(anonymous_18)
FN:171,(anonymous_19)
FN:178,(anonymous_20)
FN:179,(anonymous_21)
FN:186,(anonymous_22)
FN:188,(anonymous_23)
FNF:24
FNH:18
FNDA:3,(anonymous_0)
FNDA:3,(anonymous_1)
FNDA:3,(anonymous_2)
FNDA:3,(anonymous_3)
FNDA:0,(anonymous_4)
FNDA:3,(anonymous_5)
FNDA:3,(anonymous_6)
FNDA:3,(anonymous_7)
FNDA:3,(anonymous_8)
FNDA:0,(anonymous_9)
FNDA:3,(anonymous_10)
FNDA:3,(anonymous_11)
FNDA:3,(anonymous_12)
FNDA:3,(anonymous_13)
FNDA:0,(anonymous_14)
FNDA:3,(anonymous_15)
FNDA:3,(anonymous_16)
FNDA:2,(anonymous_17)
FNDA:2,(anonymous_18)
FNDA:0,(anonymous_19)
FNDA:3,(anonymous_20)
FNDA:3,(anonymous_21)
FNDA:0,(anonymous_22)
FNDA:0,(anonymous_23)
DA:1,1
DA:2,1
DA:3,1
DA:5,1
DA:6,1
DA:7,1
DA:8,1
DA:9,1
DA:10,1
DA:16,3
DA:17,3
DA:35,3
DA:37,3
DA:38,3
DA:46,3
DA:49,3
DA:52,0
DA:58,3
DA:59,3
DA:75,3
DA:76,3
DA:84,3
DA:87,3
DA:90,0
DA:96,3
DA:97,3
DA:113,3
DA:114,3
DA:122,3
DA:125,3
DA:128,0
DA:135,3
DA:137,3
DA:138,3
DA:139,1
DA:141,2
DA:157,2
DA:158,2
DA:166,2
DA:169,2
DA:172,0
DA:179,3
DA:180,3
DA:181,0
DA:183,3
DA:184,3
DA:185,3
DA:187,0
DA:189,0
DA:193,0
DA:201,1
LF:51
LH:43
BRDA:138,0,0,1
BRDA:138,0,1,2
BRDA:180,1,0,0
BRDA:180,1,1,3
BRDA:180,2,0,3
BRDA:180,2,1,3
BRDA:180,2,2,3
BRDA:180,2,3,3
BRDA:180,2,4,3
BRDA:184,3,0,3
BRDA:184,3,1,0
BRDA:184,4,0,3
BRDA:184,4,1,1
BRDA:184,4,2,1
BRF:14
BRH:12
end_of_record
TN:
SF:E:\Bitbuckets\socioboard-4.0-nodejs\apis\user\core\payments\utils\paymentlibs.js
FN:20,(anonymous_0)
FN:25,(anonymous_1)
FN:26,(anonymous_2)
FN:33,(anonymous_3)
FN:39,(anonymous_4)
FN:44,(anonymous_5)
FN:45,(anonymous_6)
FN:51,(anonymous_7)
FN:52,(anonymous_8)
FN:57,(anonymous_9)
FN:66,(anonymous_10)
FN:74,(anonymous_11)
FN:85,(anonymous_12)
FN:90,(anonymous_13)
FN:91,(anonymous_14)
FN:112,(anonymous_15)
FN:116,(anonymous_16)
FN:124,(anonymous_17)
FN:132,(anonymous_18)
FN:135,(anonymous_19)
FN:142,(anonymous_20)
FN:143,(anonymous_21)
FN:158,(anonymous_22)
FN:163,(anonymous_23)
FN:167,(anonymous_24)
FN:180,(anonymous_25)
FN:191,(anonymous_26)
FN:194,(anonymous_27)
FN:199,(anonymous_28)
FN:206,(anonymous_29)
FN:209,(anonymous_30)
FN:216,(anonymous_31)
FN:223,(anonymous_32)
FN:224,(anonymous_33)
FN:239,(anonymous_34)
FN:247,(anonymous_35)
FN:251,(anonymous_36)
FN:264,(anonymous_37)
FN:277,(anonymous_38)
FN:280,(anonymous_39)
FN:287,(anonymous_40)
FN:290,(anonymous_41)
FN:297,(anonymous_42)
FN:299,(anonymous_43)
FN:325,(anonymous_44)
FN:328,(anonymous_45)
FN:336,(anonymous_46)
FN:337,(anonymous_47)
FN:352,(anonymous_48)
FN:361,(anonymous_49)
FN:364,(anonymous_50)
FN:371,(anonymous_51)
FN:372,(anonymous_52)
FN:379,(anonymous_53)
FN:382,(anonymous_54)
FNF:55
FNH:34
FNDA:1,(anonymous_0)
FNDA:6,(anonymous_1)
FNDA:6,(anonymous_2)
FNDA:6,(anonymous_3)
FNDA:1,(anonymous_4)
FNDA:9,(anonymous_5)
FNDA:9,(anonymous_6)
FNDA:2,(anonymous_7)
FNDA:0,(anonymous_8)
FNDA:7,(anonymous_9)
FNDA:2,(anonymous_10)
FNDA:1,(anonymous_11)
FNDA:6,(anonymous_12)
FNDA:7,(anonymous_13)
FNDA:7,(anonymous_14)
FNDA:6,(anonymous_15)
FNDA:2,(anonymous_16)
FNDA:2,(anonymous_17)
FNDA:2,(anonymous_18)
FNDA:4,(anonymous_19)
FNDA:3,(anonymous_20)
FNDA:3,(anonymous_21)
FNDA:2,(anonymous_22)
FNDA:0,(anonymous_23)
FNDA:0,(anonymous_24)
FNDA:0,(anonymous_25)
FNDA:0,(anonymous_26)
FNDA:0,(anonymous_27)
FNDA:0,(anonymous_28)
FNDA:0,(anonymous_29)
FNDA:0,(anonymous_30)
FNDA:0,(anonymous_31)
FNDA:4,(anonymous_32)
FNDA:4,(anonymous_33)
FNDA:2,(anonymous_34)
FNDA:0,(anonymous_35)
FNDA:0,(anonymous_36)
FNDA:0,(anonymous_37)
FNDA:0,(anonymous_38)
FNDA:0,(anonymous_39)
FNDA:0,(anonymous_40)
FNDA:2,(anonymous_41)
FNDA:0,(anonymous_42)
FNDA:0,(anonymous_43)
FNDA:0,(anonymous_44)
FNDA:0,(anonymous_45)
FNDA:3,(anonymous_46)
FNDA:3,(anonymous_47)
FNDA:2,(anonymous_48)
FNDA:1,(anonymous_49)
FNDA:1,(anonymous_50)
FNDA:3,(anonymous_51)
FNDA:3,(anonymous_52)
FNDA:2,(anonymous_53)
FNDA:0,(anonymous_54)
DA:1,1
DA:2,1
DA:4,1
DA:5,1
DA:6,1
DA:8,1
DA:10,1
DA:11,1
DA:12,1
DA:13,1
DA:14,1
DA:15,1
DA:16,1
DA:21,1
DA:22,1
DA:26,6
DA:27,6
DA:28,0
DA:30,6
DA:34,6
DA:35,1
DA:37,5
DA:39,1
DA:45,9
DA:46,9
DA:47,0
DA:49,9
DA:50,2
DA:51,2
DA:52,0
DA:54,7
DA:55,7
DA:56,7
DA:58,7
DA:59,5
DA:61,2
DA:62,2
DA:63,2
DA:67,2
DA:68,2
DA:69,1
DA:71,1
DA:75,1
DA:76,0
DA:78,1
DA:79,1
DA:80,0
DA:81,1
DA:82,1
DA:85,6
DA:91,7
DA:92,7
DA:93,1
DA:95,6
DA:96,0
DA:99,6
DA:100,6
DA:102,6
DA:113,6
DA:114,6
DA:117,2
DA:118,2
DA:119,0
DA:120,0
DA:122,0
DA:125,2
DA:126,2
DA:127,2
DA:128,2
DA:130,0
DA:133,2
DA:136,4
DA:143,3
DA:144,3
DA:145,1
DA:148,2
DA:149,2
DA:151,2
DA:159,2
DA:160,2
DA:162,0
DA:164,0
DA:165,0
DA:166,0
DA:168,0
DA:169,0
DA:170,0
DA:181,0
DA:182,0
DA:184,0
DA:185,0
DA:192,0
DA:195,0
DA:200,0
DA:204,0
DA:207,0
DA:210,0
DA:214,0
DA:216,0
DA:224,4
DA:225,4
DA:226,2
DA:228,2
DA:229,2
DA:230,2
DA:232,2
DA:240,2
DA:241,2
DA:243,0
DA:244,0
DA:248,0
DA:249,0
DA:252,0
DA:253,0
DA:254,0
DA:265,0
DA:266,0
DA:268,0
DA:269,0
DA:278,0
DA:281,0
DA:285,0
DA:288,0
DA:291,2
DA:299,0
DA:300,0
DA:301,0
DA:303,0
DA:304,0
DA:308,0
DA:309,0
DA:318,0
DA:324,0
DA:326,0
DA:329,0
DA:331,0
DA:337,3
DA:338,3
DA:339,1
DA:341,2
DA:342,2
DA:353,2
DA:354,0
DA:356,1
DA:357,1
DA:362,1
DA:365,1
DA:372,3
DA:373,3
DA:374,1
DA:376,2
DA:380,2
DA:383,0
DA:391,1
LF:154
LH:96
BRDA:27,0,0,0
BRDA:27,0,1,6
BRDA:27,1,0,6
BRDA:27,1,1,6
BRDA:34,2,0,1
BRDA:34,2,1,5
BRDA:46,3,0,0
BRDA:46,3,1,9
BRDA:46,4,0,9
BRDA:46,4,1,9
BRDA:46,4,2,9
BRDA:49,5,0,2
BRDA:49,5,1,7
BRDA:58,6,0,5
BRDA:58,6,1,2
BRDA:68,7,0,1
BRDA:68,7,1,1
BRDA:75,8,0,0
BRDA:75,8,1,1
BRDA:79,9,0,0
BRDA:79,9,1,1
BRDA:92,10,0,1
BRDA:92,10,1,6
BRDA:92,11,0,7
BRDA:92,11,1,7
BRDA:92,11,2,7
BRDA:92,11,3,6
BRDA:92,11,4,6
BRDA:95,12,0,0
BRDA:95,12,1,6
BRDA:117,13,0,2
BRDA:117,13,1,0
BRDA:119,14,0,0
BRDA:119,14,1,0
BRDA:125,15,0,2
BRDA:125,15,1,0
BRDA:144,16,0,1
BRDA:144,16,1,2
BRDA:144,17,0,3
BRDA:144,17,1,3
BRDA:144,17,2,2
BRDA:159,18,0,2
BRDA:159,18,1,0
BRDA:164,19,0,0
BRDA:164,19,1,0
BRDA:169,20,0,0
BRDA:169,20,1,0
BRDA:169,21,0,0
BRDA:169,21,1,0
BRDA:181,22,0,0
BRDA:181,22,1,0
BRDA:225,23,0,2
BRDA:225,23,1,2
BRDA:225,24,0,4
BRDA:225,24,1,3
BRDA:240,25,0,2
BRDA:240,25,1,0
BRDA:253,26,0,0
BRDA:253,26,1,0
BRDA:265,27,0,0
BRDA:265,27,1,0
BRDA:300,28,0,0
BRDA:300,28,1,0
BRDA:338,29,0,1
BRDA:338,29,1,2
BRDA:353,30,0,0
BRDA:353,30,1,1
BRDA:373,31,0,1
BRDA:373,31,1,2
BRF:69
BRH:43
end_of_record
TN:
SF:E:\Bitbuckets\socioboard-4.0-nodejs\apis\user\core\profiles\utils\profilelibs.js
FN:19,(anonymous_0)
FN:26,(anonymous_1)
FN:29,(anonymous_2)
FN:34,(anonymous_3)
FN:40,(anonymous_4)
FN:55,(anonymous_5)
FN:61,(anonymous_6)
FN:62,(anonymous_7)
FN:63,(anonymous_8)
FN:68,(anonymous_9)
FN:75,(anonymous_10)
FN:76,(anonymous_11)
FN:94,(anonymous_12)
FN:97,(anonymous_13)
FN:104,(anonymous_14)
FN:105,(anonymous_15)
FN:120,(anonymous_16)
FN:123,(anonymous_17)
FN:130,(anonymous_18)
FN:131,(anonymous_19)
FN:136,(anonymous_20)
FN:141,(anonymous_21)
FN:144,(anonymous_22)
FN:160,(anonymous_23)
FN:169,(anonymous_24)
FN:172,(anonymous_25)
FN:182,(anonymous_26)
FN:189,(anonymous_27)
FN:194,(anonymous_28)
FN:199,(anonymous_29)
FN:202,(anonymous_30)
FN:222,(anonymous_31)
FN:223,(anonymous_32)
FN:224,(anonymous_33)
FN:229,(anonymous_34)
FN:236,(anonymous_35)
FN:239,(anonymous_36)
FN:246,(anonymous_37)
FN:252,(anonymous_38)
FN:284,(anonymous_39)
FN:286,(anonymous_40)
FN:287,(anonymous_41)
FN:295,(anonymous_42)
FN:302,(anonymous_43)
FN:304,(anonymous_44)
FN:309,(anonymous_45)
FN:317,(anonymous_46)
FN:320,(anonymous_47)
FN:350,(anonymous_48)
FN:352,(anonymous_49)
FN:353,(anonymous_50)
FN:360,(anonymous_51)
FN:367,(anonymous_52)
FN:368,(anonymous_53)
FN:379,(anonymous_54)
FN:386,(anonymous_55)
FN:387,(anonymous_56)
FN:391,(anonymous_57)
FN:398,(anonymous_58)
FN:401,(anonymous_59)
FN:402,(anonymous_60)
FN:410,(anonymous_61)
FN:415,(anonymous_62)
FN:421,(anonymous_63)
FN:426,(anonymous_64)
FN:429,(anonymous_65)
FN:436,(anonymous_66)
FN:437,(anonymous_67)
FN:444,(anonymous_68)
FN:452,(anonymous_69)
FN:468,(anonymous_70)
FN:476,(anonymous_71)
FN:479,(anonymous_72)
FN:486,(anonymous_73)
FN:487,(anonymous_74)
FN:494,(anonymous_75)
FN:506,(anonymous_76)
FN:515,(anonymous_77)
FN:521,(anonymous_78)
FN:524,(anonymous_79)
FN:531,(anonymous_80)
FN:532,(anonymous_81)
FN:541,(anonymous_82)
FN:544,(anonymous_83)
FN:556,(anonymous_84)
FN:559,(anonymous_85)
FN:561,(anonymous_86)
FN:569,(anonymous_87)
FN:594,(anonymous_88)
FN:598,(anonymous_89)
FN:603,(anonymous_90)
FN:609,(anonymous_91)
FN:610,(anonymous_92)
FN:611,(anonymous_93)
FN:616,(anonymous_94)
FN:623,(anonymous_95)
FN:624,(anonymous_96)
FN:631,(anonymous_97)
FN:637,(anonymous_98)
FN:644,(anonymous_99)
FN:647,(anonymous_100)
FN:652,(anonymous_101)
FN:654,(anonymous_102)
FN:677,(anonymous_103)
FN:678,(anonymous_104)
FN:679,(anonymous_105)
FN:684,(anonymous_106)
FNF:107
FNH:58
FNDA:1,(anonymous_0)
FNDA:3,(anonymous_1)
FNDA:3,(anonymous_2)
FNDA:0,(anonymous_3)
FNDA:0,(anonymous_4)
FNDA:0,(anonymous_5)
FNDA:0,(anonymous_6)
FNDA:0,(anonymous_7)
FNDA:0,(anonymous_8)
FNDA:2,(anonymous_9)
FNDA:5,(anonymous_10)
FNDA:5,(anonymous_11)
FNDA:4,(anonymous_12)
FNDA:0,(anonymous_13)
FNDA:4,(anonymous_14)
FNDA:4,(anonymous_15)
FNDA:3,(anonymous_16)
FNDA:0,(anonymous_17)
FNDA:3,(anonymous_18)
FNDA:3,(anonymous_19)
FNDA:2,(anonymous_20)
FNDA:1,(anonymous_21)
FNDA:1,(anonymous_22)
FNDA:1,(anonymous_23)
FNDA:0,(anonymous_24)
FNDA:0,(anonymous_25)
FNDA:2,(anonymous_26)
FNDA:3,(anonymous_27)
FNDA:3,(anonymous_28)
FNDA:0,(anonymous_29)
FNDA:0,(anonymous_30)
FNDA:0,(anonymous_31)
FNDA:0,(anonymous_32)
FNDA:0,(anonymous_33)
FNDA:1,(anonymous_34)
FNDA:3,(anonymous_35)
FNDA:3,(anonymous_36)
FNDA:2,(anonymous_37)
FNDA:0,(anonymous_38)
FNDA:2,(anonymous_39)
FNDA:0,(anonymous_40)
FNDA:0,(anonymous_41)
FNDA:0,(anonymous_42)
FNDA:3,(anonymous_43)
FNDA:3,(anonymous_44)
FNDA:2,(anonymous_45)
FNDA:0,(anonymous_46)
FNDA:0,(anonymous_47)
FNDA:2,(anonymous_48)
FNDA:0,(anonymous_49)
FNDA:0,(anonymous_50)
FNDA:0,(anonymous_51)
FNDA:3,(anonymous_52)
FNDA:3,(anonymous_53)
FNDA:2,(anonymous_54)
FNDA:2,(anonymous_55)
FNDA:0,(anonymous_56)
FNDA:0,(anonymous_57)
FNDA:0,(anonymous_58)
FNDA:2,(anonymous_59)
FNDA:0,(anonymous_60)
FNDA:2,(anonymous_61)
FNDA:2,(anonymous_62)
FNDA:2,(anonymous_63)
FNDA:2,(anonymous_64)
FNDA:0,(anonymous_65)
FNDA:3,(anonymous_66)
FNDA:3,(anonymous_67)
FNDA:2,(anonymous_68)
FNDA:2,(anonymous_69)
FNDA:0,(anonymous_70)
FNDA:0,(anonymous_71)
FNDA:2,(anonymous_72)
FNDA:3,(anonymous_73)
FNDA:3,(anonymous_74)
FNDA:2,(anonymous_75)
FNDA:2,(anonymous_76)
FNDA:1,(anonymous_77)
FNDA:1,(anonymous_78)
FNDA:1,(anonymous_79)
FNDA:3,(anonymous_80)
FNDA:3,(anonymous_81)
FNDA:0,(anonymous_82)
FNDA:0,(anonymous_83)
FNDA:0,(anonymous_84)
FNDA:0,(anonymous_85)
FNDA:0,(anonymous_86)
FNDA:0,(anonymous_87)
FNDA:0,(anonymous_88)
FNDA:0,(anonymous_89)
FNDA:0,(anonymous_90)
FNDA:0,(anonymous_91)
FNDA:0,(anonymous_92)
FNDA:0,(anonymous_93)
FNDA:2,(anonymous_94)
FNDA:4,(anonymous_95)
FNDA:4,(anonymous_96)
FNDA:4,(anonymous_97)
FNDA:0,(anonymous_98)
FNDA:3,(anonymous_99)
FNDA:3,(anonymous_100)
FNDA:0,(anonymous_101)
FNDA:0,(anonymous_102)
FNDA:0,(anonymous_103)
FNDA:0,(anonymous_104)
FNDA:0,(anonymous_105)
FNDA:2,(anonymous_106)
DA:1,1
DA:2,1
DA:4,1
DA:5,1
DA:6,1
DA:7,1
DA:8,1
DA:9,1
DA:11,1
DA:12,1
DA:13,1
DA:14,1
DA:15,1
DA:20,1
DA:21,1
DA:22,1
DA:23,1
DA:27,3
DA:28,3
DA:29,3
DA:30,3
DA:31,1
DA:33,2
DA:35,0
DA:36,0
DA:37,0
DA:39,0
DA:40,0
DA:41,0
DA:49,0
DA:50,0
DA:52,0
DA:56,0
DA:62,0
DA:63,0
DA:64,0
DA:66,0
DA:69,2
DA:76,5
DA:77,5
DA:78,1
DA:80,4
DA:95,4
DA:98,0
DA:105,4
DA:106,4
DA:107,1
DA:109,3
DA:121,3
DA:124,0
DA:131,3
DA:132,3
DA:133,1
DA:135,2
DA:137,2
DA:138,1
DA:139,1
DA:142,1
DA:145,1
DA:146,0
DA:148,1
DA:161,1
DA:162,1
DA:164,0
DA:165,0
DA:170,0
DA:171,0
DA:172,0
DA:173,0
DA:178,0
DA:180,0
DA:183,2
DA:191,3
DA:192,3
DA:194,3
DA:195,3
DA:196,1
DA:198,2
DA:200,0
DA:201,0
DA:202,0
DA:203,0
DA:210,0
DA:211,0
DA:214,0
DA:219,0
DA:223,0
DA:224,0
DA:225,0
DA:227,0
DA:230,1
DA:237,3
DA:238,3
DA:239,3
DA:241,3
DA:242,1
DA:245,2
DA:247,2
DA:248,2
DA:250,2
DA:251,0
DA:252,0
DA:253,0
DA:272,0
DA:273,0
DA:276,0
DA:282,2
DA:285,2
DA:286,0
DA:287,0
DA:288,0
DA:290,0
DA:292,2
DA:296,0
DA:303,3
DA:304,3
DA:305,3
DA:306,1
DA:308,2
DA:310,2
DA:311,2
DA:313,2
DA:315,2
DA:316,0
DA:317,0
DA:318,0
DA:319,0
DA:320,0
DA:322,0
DA:327,0
DA:338,0
DA:339,0
DA:343,0
DA:348,2
DA:351,2
DA:352,0
DA:353,0
DA:354,0
DA:356,0
DA:358,2
DA:361,0
DA:368,3
DA:369,3
DA:370,3
DA:371,3
DA:372,3
DA:373,3
DA:375,3
DA:376,1
DA:378,2
DA:380,2
DA:381,2
DA:387,2
DA:388,0
DA:391,2
DA:392,0
DA:395,2
DA:397,2
DA:398,0
DA:399,2
DA:402,2
DA:403,0
DA:404,0
DA:405,0
DA:408,2
DA:411,2
DA:412,0
DA:413,2
DA:416,2
DA:417,0
DA:419,2
DA:422,2
DA:427,2
DA:430,0
DA:437,3
DA:438,3
DA:439,3
DA:440,1
DA:443,2
DA:445,2
DA:446,0
DA:448,2
DA:449,2
DA:453,2
DA:454,0
DA:455,0
DA:456,0
DA:457,0
DA:459,0
DA:461,2
DA:462,0
DA:464,2
DA:469,0
DA:470,0
DA:472,0
DA:473,0
DA:477,0
DA:480,2
DA:487,3
DA:488,3
DA:489,3
DA:490,3
DA:491,1
DA:493,2
DA:495,2
DA:496,2
DA:507,2
DA:508,1
DA:510,1
DA:511,1
DA:512,1
DA:516,1
DA:517,0
DA:519,1
DA:522,1
DA:525,1
DA:532,3
DA:533,3
DA:534,3
DA:535,3
DA:536,3
DA:537,1
DA:540,2
DA:542,0
DA:543,0
DA:544,0
DA:545,0
DA:546,0
DA:551,0
DA:557,0
DA:559,0
DA:560,0
DA:562,0
DA:564,0
DA:566,0
DA:567,0
DA:569,0
DA:570,0
DA:589,0
DA:591,0
DA:592,0
DA:595,0
DA:599,0
DA:604,0
DA:610,0
DA:611,0
DA:612,0
DA:614,0
DA:617,2
DA:624,4
DA:625,4
DA:626,0
DA:628,4
DA:632,4
DA:633,0
DA:635,4
DA:638,0
DA:645,3
DA:646,3
DA:647,3
DA:648,3
DA:649,1
DA:651,2
DA:653,0
DA:654,0
DA:655,0
DA:656,0
DA:664,0
DA:665,0
DA:669,0
DA:674,0
DA:678,0
DA:679,0
DA:680,0
DA:682,0
DA:685,2
DA:691,1
LF:277
LH:152
BRDA:30,0,0,1
BRDA:30,0,1,2
BRDA:36,1,0,0
BRDA:36,1,1,0
BRDA:77,2,0,1
BRDA:77,2,1,4
BRDA:77,3,0,5
BRDA:77,3,1,5
BRDA:95,4,0,2
BRDA:95,4,1,2
BRDA:106,5,0,1
BRDA:106,5,1,3
BRDA:106,6,0,4
BRDA:106,6,1,4
BRDA:121,7,0,0
BRDA:121,7,1,3
BRDA:132,8,0,1
BRDA:132,8,1,2
BRDA:132,9,0,3
BRDA:132,9,1,3
BRDA:132,9,2,2
BRDA:137,10,0,1
BRDA:137,10,1,1
BRDA:145,11,0,0
BRDA:145,11,1,1
BRDA:161,12,0,1
BRDA:161,12,1,0
BRDA:195,13,0,1
BRDA:195,13,1,2
BRDA:201,14,0,0
BRDA:201,14,1,0
BRDA:241,15,0,1
BRDA:241,15,1,2
BRDA:250,16,0,0
BRDA:250,16,1,2
BRDA:267,17,0,0
BRDA:267,17,1,0
BRDA:285,18,0,0
BRDA:285,18,1,2
BRDA:305,19,0,1
BRDA:305,19,1,2
BRDA:315,20,0,0
BRDA:315,20,1,2
BRDA:351,21,0,0
BRDA:351,21,1,2
BRDA:375,22,0,1
BRDA:375,22,1,2
BRDA:375,23,0,3
BRDA:375,23,1,3
BRDA:397,24,0,0
BRDA:397,24,1,2
BRDA:403,25,0,0
BRDA:403,25,1,0
BRDA:411,26,0,0
BRDA:411,26,1,2
BRDA:416,27,0,0
BRDA:416,27,1,2
BRDA:439,28,0,1
BRDA:439,28,1,2
BRDA:439,29,0,3
BRDA:439,29,1,3
BRDA:439,29,2,2
BRDA:445,30,0,0
BRDA:445,30,1,2
BRDA:453,31,0,0
BRDA:453,31,1,2
BRDA:456,32,0,0
BRDA:456,32,1,0
BRDA:461,33,0,0
BRDA:461,33,1,2
BRDA:469,34,0,0
BRDA:469,34,1,0
BRDA:490,35,0,1
BRDA:490,35,1,2
BRDA:490,36,0,3
BRDA:490,36,1,3
BRDA:507,37,0,1
BRDA:507,37,1,1
BRDA:516,38,0,0
BRDA:516,38,1,1
BRDA:536,39,0,1
BRDA:536,39,1,2
BRDA:543,40,0,0
BRDA:543,40,1,0
BRDA:545,41,0,0
BRDA:545,41,1,0
BRDA:545,42,0,0
BRDA:545,42,1,0
BRDA:566,43,0,0
BRDA:566,43,1,0
BRDA:566,44,0,0
BRDA:566,44,1,0
BRDA:584,45,0,0
BRDA:584,45,1,0
BRDA:625,46,0,0
BRDA:625,46,1,4
BRDA:632,47,0,0
BRDA:632,47,1,4
BRDA:648,48,0,1
BRDA:648,48,1,2
BRDA:653,49,0,0
BRDA:653,49,1,0
BRDA:655,50,0,0
BRDA:655,50,1,0
BRF:104
BRH:60
end_of_record
TN:
SF:E:\Bitbuckets\socioboard-4.0-nodejs\apis\user\core\team\utils\teamlibs.js
FN:37,(anonymous_0)
FN:49,(anonymous_1)
FN:55,(anonymous_2)
FN:77,(anonymous_3)
FN:82,(anonymous_4)
FN:100,(anonymous_5)
FN:102,(anonymous_6)
FN:111,(anonymous_7)
FN:113,(anonymous_8)
FN:114,(anonymous_9)
FN:122,(anonymous_10)
FN:129,(anonymous_11)
FN:132,(anonymous_12)
FN:139,(anonymous_13)
FN:147,(anonymous_14)
FN:170,(anonymous_15)
FN:182,(anonymous_16)
FN:200,(anonymous_17)
FN:202,(anonymous_18)
FN:211,(anonymous_19)
FN:213,(anonymous_20)
FN:214,(anonymous_21)
FN:222,(anonymous_22)
FN:229,(anonymous_23)
FN:231,(anonymous_24)
FN:238,(anonymous_25)
FN:240,(anonymous_26)
FN:249,(anonymous_27)
FN:252,(anonymous_28)
FN:259,(anonymous_29)
FN:260,(anonymous_30)
FN:267,(anonymous_31)
FN:270,(anonymous_32)
FN:277,(anonymous_33)
FN:280,(anonymous_34)
FN:284,(anonymous_35)
FN:295,(anonymous_36)
FN:308,(anonymous_37)
FN:315,(anonymous_38)
FN:318,(anonymous_39)
FN:322,(anonymous_40)
FN:330,(anonymous_41)
FN:331,(anonymous_42)
FN:335,(anonymous_43)
FN:346,(anonymous_44)
FN:357,(anonymous_45)
FN:360,(anonymous_46)
FN:370,(anonymous_47)
FN:373,(anonymous_48)
FN:377,(anonymous_49)
FN:388,(anonymous_50)
FN:405,(anonymous_51)
FN:406,(anonymous_52)
FN:420,(anonymous_53)
FN:426,(anonymous_54)
FN:436,(anonymous_55)
FN:454,(anonymous_56)
FN:466,(anonymous_57)
FN:473,(anonymous_58)
FN:476,(anonymous_59)
FN:486,(anonymous_60)
FN:489,(anonymous_61)
FN:493,(anonymous_62)
FN:503,(anonymous_63)
FN:514,(anonymous_64)
FN:522,(anonymous_65)
FN:533,(anonymous_66)
FN:539,(anonymous_67)
FN:550,(anonymous_68)
FN:565,(anonymous_69)
FN:578,(anonymous_70)
FN:582,(anonymous_71)
FN:586,(anonymous_72)
FN:589,(anonymous_73)
FN:597,(anonymous_74)
FN:598,(anonymous_75)
FN:612,(anonymous_76)
FN:613,(anonymous_77)
FN:630,(anonymous_78)
FN:633,(anonymous_79)
FN:639,(anonymous_80)
FN:642,(anonymous_81)
FN:643,(anonymous_82)
FN:654,(anonymous_83)
FN:666,(anonymous_84)
FN:672,(anonymous_85)
FN:685,(anonymous_86)
FN:689,(anonymous_87)
FN:693,(anonymous_88)
FN:696,(anonymous_89)
FN:703,(anonymous_90)
FN:706,(anonymous_91)
FN:707,(anonymous_92)
FN:718,(anonymous_93)
FN:734,(anonymous_94)
FN:740,(anonymous_95)
FN:753,(anonymous_96)
FN:757,(anonymous_97)
FN:761,(anonymous_98)
FN:764,(anonymous_99)
FN:772,(anonymous_100)
FN:773,(anonymous_101)
FN:774,(anonymous_102)
FN:784,(anonymous_103)
FN:794,(anonymous_104)
FN:809,(anonymous_105)
FN:815,(anonymous_106)
FN:822,(anonymous_107)
FN:823,(anonymous_108)
FN:828,(anonymous_109)
FN:838,(anonymous_110)
FN:848,(anonymous_111)
FN:867,(anonymous_112)
FN:873,(anonymous_113)
FN:881,(anonymous_114)
FN:882,(anonymous_115)
FN:901,(anonymous_116)
FN:902,(anonymous_117)
FN:909,(anonymous_118)
FN:916,(anonymous_119)
FN:919,(anonymous_120)
FN:922,(anonymous_121)
FN:929,(anonymous_122)
FN:932,(anonymous_123)
FN:933,(anonymous_124)
FN:945,(anonymous_125)
FN:982,(anonymous_126)
FN:993,(anonymous_127)
FN:1048,(anonymous_128)
FN:1051,(anonymous_129)
FN:1058,(anonymous_130)
FN:1059,(anonymous_131)
FN:1069,(anonymous_132)
FN:1073,(anonymous_133)
FN:1083,(anonymous_134)
FN:1084,(anonymous_135)
FN:1086,(anonymous_136)
FN:1093,(anonymous_137)
FN:1106,(anonymous_138)
FN:1107,(anonymous_139)
FN:1114,(anonymous_140)
FN:1125,(anonymous_141)
FN:1130,(anonymous_142)
FN:1134,(anonymous_143)
FN:1142,(anonymous_144)
FN:1147,(anonymous_145)
FN:1152,(anonymous_146)
FN:1161,(anonymous_147)
FN:1164,(anonymous_148)
FN:1168,(anonymous_149)
FN:1173,(anonymous_150)
FN:1181,(anonymous_151)
FN:1184,(anonymous_152)
FN:1188,(anonymous_153)
FN:1193,(anonymous_154)
FN:1204,(anonymous_155)
FN:1207,(anonymous_156)
FN:1213,(anonymous_157)
FN:1218,(anonymous_158)
FN:1222,(anonymous_159)
FN:1233,(anonymous_160)
FN:1251,(anonymous_161)
FN:1275,(anonymous_162)
FN:1279,(anonymous_163)
FN:1282,(anonymous_164)
FN:1293,(anonymous_165)
FN:1296,(anonymous_166)
FN:1298,(anonymous_167)
FN:1302,(anonymous_168)
FN:1305,(anonymous_169)
FN:1318,(anonymous_170)
FN:1322,(anonymous_171)
FN:1326,(anonymous_172)
FN:1329,(anonymous_173)
FN:1337,(anonymous_174)
FN:1340,(anonymous_175)
FN:1342,(anonymous_176)
FN:1347,(anonymous_177)
FN:1356,(anonymous_178)
FN:1374,(anonymous_179)
FN:1377,(anonymous_180)
FN:1380,(anonymous_181)
FN:1391,(anonymous_182)
FN:1394,(anonymous_183)
FN:1397,(anonymous_184)
FN:1407,(anonymous_185)
FN:1410,(anonymous_186)
FN:1413,(anonymous_187)
FN:1422,(anonymous_188)
FN:1426,(anonymous_189)
FN:1429,(anonymous_190)
FN:1438,(anonymous_191)
FN:1441,(anonymous_192)
FN:1444,(anonymous_193)
FN:1468,(anonymous_194)
FN:1469,(anonymous_195)
FN:1481,(anonymous_196)
FN:1492,(anonymous_197)
FN:1500,(anonymous_198)
FN:1551,(anonymous_199)
FN:1553,(anonymous_200)
FN:1560,(anonymous_201)
FN:1570,(anonymous_202)
FN:1571,(anonymous_203)
FN:1574,(anonymous_204)
FN:1578,(anonymous_205)
FN:1580,(anonymous_206)
FN:1584,(anonymous_207)
FN:1588,(anonymous_208)
FN:1591,(anonymous_209)
FN:1599,(anonymous_210)
FN:1602,(anonymous_211)
FN:1605,(anonymous_212)
FN:1608,(anonymous_213)
FN:1616,(anonymous_214)
FN:1619,(anonymous_215)
FN:1628,(anonymous_216)
FN:1629,(anonymous_217)
FN:1634,(anonymous_218)
FN:1645,(anonymous_219)
FN:1660,(anonymous_220)
FN:1663,(anonymous_221)
FN:1666,(anonymous_222)
FN:1673,(anonymous_223)
FN:1677,(anonymous_224)
FN:1681,(anonymous_225)
FN:1684,(anonymous_226)
FN:1692,(anonymous_227)
FN:1693,(anonymous_228)
FN:1703,(anonymous_229)
FN:1707,(anonymous_230)
FN:1710,(anonymous_231)
FN:1715,(anonymous_232)
FN:1720,(anonymous_233)
FN:1723,(anonymous_234)
FN:1728,(anonymous_235)
FN:1733,(anonymous_236)
FN:1736,(anonymous_237)
FN:1741,(anonymous_238)
FN:1745,(anonymous_239)
FN:1749,(anonymous_240)
FN:1752,(anonymous_241)
FN:1762,(anonymous_242)
FN:1763,(anonymous_243)
FN:1768,(anonymous_244)
FN:1779,(anonymous_245)
FN:1792,(anonymous_246)
FN:1798,(anonymous_247)
FN:1801,(anonymous_248)
FN:1810,(anonymous_249)
FN:1811,(anonymous_250)
FN:1815,(anonymous_251)
FN:1826,(anonymous_252)
FN:1842,(anonymous_253)
FN:1857,(anonymous_254)
FN:1871,(anonymous_255)
FN:1874,(anonymous_256)
FN:1883,(anonymous_257)
FN:1887,(anonymous_258)
FN:1892,(anonymous_259)
FN:1904,(anonymous_260)
FN:1920,(anonymous_261)
FN:1930,(anonymous_262)
FN:1943,(anonymous_263)
FN:1947,(anonymous_264)
FN:1951,(anonymous_265)
FN:1954,(anonymous_266)
FN:1963,(anonymous_267)
FN:1964,(anonymous_268)
FN:1968,(anonymous_269)
FN:1979,(anonymous_270)
FN:1995,(anonymous_271)
FN:2004,(anonymous_272)
FN:2007,(anonymous_273)
FN:2015,(anonymous_274)
FN:2016,(anonymous_275)
FN:2020,(anonymous_276)
FN:2033,(anonymous_277)
FN:2038,(anonymous_278)
FN:2044,(anonymous_279)
FN:2047,(anonymous_280)
FN:2050,(anonymous_281)
FN:2060,(anonymous_282)
FN:2061,(anonymous_283)
FN:2065,(anonymous_284)
FN:2078,(anonymous_285)
FN:2083,(anonymous_286)
FN:2089,(anonymous_287)
FN:2092,(anonymous_288)
FN:2094,(anonymous_289)
FNF:290
FNH:73
FNDA:1,(anonymous_0)
FNDA:5,(anonymous_1)
FNDA:5,(anonymous_2)
FNDA:2,(anonymous_3)
FNDA:6,(anonymous_4)
FNDA:1,(anonymous_5)
FNDA:6,(anonymous_6)
FNDA:1,(anonymous_7)
FNDA:6,(anonymous_8)
FNDA:10,(anonymous_9)
FNDA:1,(anonymous_10)
FNDA:1,(anonymous_11)
FNDA:1,(anonymous_12)
FNDA:6,(anonymous_13)
FNDA:6,(anonymous_14)
FNDA:3,(anonymous_15)
FNDA:2,(anonymous_16)
FNDA:2,(anonymous_17)
FNDA:2,(anonymous_18)
FNDA:2,(anonymous_19)
FNDA:2,(anonymous_20)
FNDA:2,(anonymous_21)
FNDA:2,(anonymous_22)
FNDA:2,(anonymous_23)
FNDA:22,(anonymous_24)
FNDA:2,(anonymous_25)
FNDA:16,(anonymous_26)
FNDA:2,(anonymous_27)
FNDA:1,(anonymous_28)
FNDA:6,(anonymous_29)
FNDA:6,(anonymous_30)
FNDA:3,(anonymous_31)
FNDA:0,(anonymous_32)
FNDA:6,(anonymous_33)
FNDA:6,(anonymous_34)
FNDA:2,(anonymous_35)
FNDA:2,(anonymous_36)
FNDA:1,(anonymous_37)
FNDA:1,(anonymous_38)
FNDA:1,(anonymous_39)
FNDA:1,(anonymous_40)
FNDA:7,(anonymous_41)
FNDA:7,(anonymous_42)
FNDA:4,(anonymous_43)
FNDA:4,(anonymous_44)
FNDA:1,(anonymous_45)
FNDA:3,(anonymous_46)
FNDA:7,(anonymous_47)
FNDA:7,(anonymous_48)
FNDA:4,(anonymous_49)
FNDA:4,(anonymous_50)
FNDA:1,(anonymous_51)
FNDA:7,(anonymous_52)
FNDA:1,(anonymous_53)
FNDA:0,(anonymous_54)
FNDA:0,(anonymous_55)
FNDA:1,(anonymous_56)
FNDA:1,(anonymous_57)
FNDA:1,(anonymous_58)
FNDA:3,(anonymous_59)
FNDA:0,(anonymous_60)
FNDA:0,(anonymous_61)
FNDA:0,(anonymous_62)
FNDA:0,(anonymous_63)
FNDA:0,(anonymous_64)
FNDA:0,(anonymous_65)
FNDA:0,(anonymous_66)
FNDA:0,(anonymous_67)
FNDA:0,(anonymous_68)
FNDA:0,(anonymous_69)
FNDA:0,(anonymous_70)
FNDA:0,(anonymous_71)
FNDA:0,(anonymous_72)
FNDA:0,(anonymous_73)
FNDA:0,(anonymous_74)
FNDA:0,(anonymous_75)
FNDA:0,(anonymous_76)
FNDA:0,(anonymous_77)
FNDA:0,(anonymous_78)
FNDA:0,(anonymous_79)
FNDA:0,(anonymous_80)
FNDA:0,(anonymous_81)
FNDA:0,(anonymous_82)
FNDA:0,(anonymous_83)
FNDA:0,(anonymous_84)
FNDA:0,(anonymous_85)
FNDA:0,(anonymous_86)
FNDA:0,(anonymous_87)
FNDA:0,(anonymous_88)
FNDA:0,(anonymous_89)
FNDA:0,(anonymous_90)
FNDA:0,(anonymous_91)
FNDA:0,(anonymous_92)
FNDA:0,(anonymous_93)
FNDA:0,(anonymous_94)
FNDA:0,(anonymous_95)
FNDA:0,(anonymous_96)
FNDA:0,(anonymous_97)
FNDA:0,(anonymous_98)
FNDA:0,(anonymous_99)
FNDA:0,(anonymous_100)
FNDA:0,(anonymous_101)
FNDA:0,(anonymous_102)
FNDA:0,(anonymous_103)
FNDA:0,(anonymous_104)
FNDA:0,(anonymous_105)
FNDA:0,(anonymous_106)
FNDA:0,(anonymous_107)
FNDA:0,(anonymous_108)
FNDA:0,(anonymous_109)
FNDA:0,(anonymous_110)
FNDA:0,(anonymous_111)
FNDA:0,(anonymous_112)
FNDA:0,(anonymous_113)
FNDA:0,(anonymous_114)
FNDA:0,(anonymous_115)
FNDA:0,(anonymous_116)
FNDA:0,(anonymous_117)
FNDA:0,(anonymous_118)
FNDA:0,(anonymous_119)
FNDA:0,(anonymous_120)
FNDA:0,(anonymous_121)
FNDA:0,(anonymous_122)
FNDA:0,(anonymous_123)
FNDA:0,(anonymous_124)
FNDA:0,(anonymous_125)
FNDA:0,(anonymous_126)
FNDA:0,(anonymous_127)
FNDA:0,(anonymous_128)
FNDA:0,(anonymous_129)
FNDA:0,(anonymous_130)
FNDA:0,(anonymous_131)
FNDA:0,(anonymous_132)
FNDA:0,(anonymous_133)
FNDA:0,(anonymous_134)
FNDA:0,(anonymous_135)
FNDA:0,(anonymous_136)
FNDA:0,(anonymous_137)
FNDA:0,(anonymous_138)
FNDA:0,(anonymous_139)
FNDA:0,(anonymous_140)
FNDA:0,(anonymous_141)
FNDA:0,(anonymous_142)
FNDA:0,(anonymous_143)
FNDA:0,(anonymous_144)
FNDA:0,(anonymous_145)
FNDA:0,(anonymous_146)
FNDA:0,(anonymous_147)
FNDA:0,(anonymous_148)
FNDA:0,(anonymous_149)
FNDA:0,(anonymous_150)
FNDA:0,(anonymous_151)
FNDA:0,(anonymous_152)
FNDA:0,(anonymous_153)
FNDA:0,(anonymous_154)
FNDA:0,(anonymous_155)
FNDA:0,(anonymous_156)
FNDA:0,(anonymous_157)
FNDA:0,(anonymous_158)
FNDA:0,(anonymous_159)
FNDA:0,(anonymous_160)
FNDA:0,(anonymous_161)
FNDA:0,(anonymous_162)
FNDA:0,(anonymous_163)
FNDA:0,(anonymous_164)
FNDA:0,(anonymous_165)
FNDA:0,(anonymous_166)
FNDA:0,(anonymous_167)
FNDA:0,(anonymous_168)
FNDA:0,(anonymous_169)
FNDA:0,(anonymous_170)
FNDA:0,(anonymous_171)
FNDA:0,(anonymous_172)
FNDA:0,(anonymous_173)
FNDA:0,(anonymous_174)
FNDA:0,(anonymous_175)
FNDA:0,(anonymous_176)
FNDA:0,(anonymous_177)
FNDA:0,(anonymous_178)
FNDA:0,(anonymous_179)
FNDA:0,(anonymous_180)
FNDA:0,(anonymous_181)
FNDA:0,(anonymous_182)
FNDA:0,(anonymous_183)
FNDA:0,(anonymous_184)
FNDA:0,(anonymous_185)
FNDA:0,(anonymous_186)
FNDA:0,(anonymous_187)
FNDA:0,(anonymous_188)
FNDA:0,(anonymous_189)
FNDA:0,(anonymous_190)
FNDA:0,(anonymous_191)
FNDA:0,(anonymous_192)
FNDA:0,(anonymous_193)
FNDA:0,(anonymous_194)
FNDA:0,(anonymous_195)
FNDA:0,(anonymous_196)
FNDA:0,(anonymous_197)
FNDA:0,(anonymous_198)
FNDA:0,(anonymous_199)
FNDA:0,(anonymous_200)
FNDA:0,(anonymous_201)
FNDA:0,(anonymous_202)
FNDA:0,(anonymous_203)
FNDA:0,(anonymous_204)
FNDA:0,(anonymous_205)
FNDA:0,(anonymous_206)
FNDA:0,(anonymous_207)
FNDA:0,(anonymous_208)
FNDA:0,(anonymous_209)
FNDA:0,(anonymous_210)
FNDA:0,(anonymous_211)
FNDA:0,(anonymous_212)
FNDA:0,(anonymous_213)
FNDA:0,(anonymous_214)
FNDA:0,(anonymous_215)
FNDA:0,(anonymous_216)
FNDA:0,(anonymous_217)
FNDA:0,(anonymous_218)
FNDA:0,(anonymous_219)
FNDA:0,(anonymous_220)
FNDA:0,(anonymous_221)
FNDA:0,(anonymous_222)
FNDA:0,(anonymous_223)
FNDA:0,(anonymous_224)
FNDA:0,(anonymous_225)
FNDA:0,(anonymous_226)
FNDA:0,(anonymous_227)
FNDA:0,(anonymous_228)
FNDA:0,(anonymous_229)
FNDA:0,(anonymous_230)
FNDA:0,(anonymous_231)
FNDA:0,(anonymous_232)
FNDA:0,(anonymous_233)
FNDA:0,(anonymous_234)
FNDA:0,(anonymous_235)
FNDA:0,(anonymous_236)
FNDA:0,(anonymous_237)
FNDA:0,(anonymous_238)
FNDA:0,(anonymous_239)
FNDA:0,(anonymous_240)
FNDA:0,(anonymous_241)
FNDA:0,(anonymous_242)
FNDA:0,(anonymous_243)
FNDA:0,(anonymous_244)
FNDA:0,(anonymous_245)
FNDA:0,(anonymous_246)
FNDA:0,(anonymous_247)
FNDA:0,(anonymous_248)
FNDA:0,(anonymous_249)
FNDA:0,(anonymous_250)
FNDA:0,(anonymous_251)
FNDA:0,(anonymous_252)
FNDA:0,(anonymous_253)
FNDA:0,(anonymous_254)
FNDA:0,(anonymous_255)
FNDA:0,(anonymous_256)
FNDA:0,(anonymous_257)
FNDA:0,(anonymous_258)
FNDA:0,(anonymous_259)
FNDA:0,(anonymous_260)
FNDA:0,(anonymous_261)
FNDA:0,(anonymous_262)
FNDA:0,(anonymous_263)
FNDA:0,(anonymous_264)
FNDA:0,(anonymous_265)
FNDA:0,(anonymous_266)
FNDA:0,(anonymous_267)
FNDA:0,(anonymous_268)
FNDA:0,(anonymous_269)
FNDA:0,(anonymous_270)
FNDA:0,(anonymous_271)
FNDA:0,(anonymous_272)
FNDA:0,(anonymous_273)
FNDA:5,(anonymous_274)
FNDA:5,(anonymous_275)
FNDA:4,(anonymous_276)
FNDA:4,(anonymous_277)
FNDA:1,(anonymous_278)
FNDA:1,(anonymous_279)
FNDA:1,(anonymous_280)
FNDA:3,(anonymous_281)
FNDA:5,(anonymous_282)
FNDA:5,(anonymous_283)
FNDA:4,(anonymous_284)
FNDA:4,(anonymous_285)
FNDA:1,(anonymous_286)
FNDA:1,(anonymous_287)
FNDA:1,(anonymous_288)
FNDA:3,(anonymous_289)
DA:1,1
DA:2,1
DA:3,1
DA:4,1
DA:6,1
DA:7,1
DA:9,1
DA:10,1
DA:11,1
DA:13,1
DA:14,1
DA:15,1
DA:16,1
DA:17,1
DA:18,1
DA:20,1
DA:21,1
DA:22,1
DA:23,1
DA:24,1
DA:26,1
DA:27,1
DA:28,1
DA:29,1
DA:30,1
DA:31,1
DA:32,1
DA:33,1
DA:38,1
DA:39,1
DA:41,1
DA:42,1
DA:43,1
DA:44,1
DA:45,1
DA:46,1
DA:50,5
DA:51,5
DA:52,5
DA:53,5
DA:55,5
DA:56,5
DA:57,3
DA:59,2
DA:78,2
DA:79,1
DA:81,1
DA:82,1
DA:83,6
DA:101,1
DA:102,1
DA:103,6
DA:112,1
DA:113,1
DA:114,6
DA:115,10
DA:123,1
DA:124,1
DA:130,1
DA:133,1
DA:141,6
DA:142,6
DA:143,6
DA:144,6
DA:145,6
DA:147,6
DA:148,6
DA:149,3
DA:151,3
DA:171,3
DA:172,1
DA:174,2
DA:175,0
DA:181,2
DA:182,2
DA:183,2
DA:201,2
DA:202,2
DA:203,2
DA:212,2
DA:213,2
DA:214,2
DA:215,2
DA:223,2
DA:224,2
DA:230,2
DA:231,2
DA:232,22
DA:233,2
DA:239,2
DA:240,2
DA:241,16
DA:243,2
DA:244,2
DA:250,2
DA:253,1
DA:260,6
DA:261,6
DA:262,3
DA:264,3
DA:268,3
DA:271,0
DA:279,6
DA:280,6
DA:281,6
DA:282,4
DA:284,2
DA:285,2
DA:296,2
DA:297,1
DA:306,1
DA:309,1
DA:310,1
DA:316,1
DA:319,1
DA:320,1
DA:323,1
DA:331,7
DA:332,7
DA:333,3
DA:335,4
DA:336,4
DA:347,4
DA:348,2
DA:350,2
DA:358,1
DA:361,3
DA:371,7
DA:372,7
DA:373,7
DA:374,7
DA:375,3
DA:377,4
DA:378,4
DA:389,4
DA:390,2
DA:392,2
DA:393,1
DA:396,1
DA:406,1
DA:407,7
DA:409,1
DA:410,0
DA:418,1
DA:421,1
DA:422,0
DA:423,0
DA:424,0
DA:426,0
DA:427,0
DA:428,0
DA:430,0
DA:432,0
DA:433,0
DA:434,0
DA:436,0
DA:437,0
DA:438,0
DA:439,0
DA:442,0
DA:443,0
DA:444,0
DA:448,0
DA:450,0
DA:452,1
DA:455,1
DA:467,1
DA:474,1
DA:477,3
DA:487,0
DA:488,0
DA:489,0
DA:490,0
DA:491,0
DA:493,0
DA:494,0
DA:504,0
DA:505,0
DA:507,0
DA:509,0
DA:515,0
DA:516,0
DA:518,0
DA:519,0
DA:523,0
DA:534,0
DA:535,0
DA:536,0
DA:537,0
DA:540,0
DA:552,0
DA:553,0
DA:555,0
DA:566,0
DA:567,0
DA:569,0
DA:570,0
DA:571,0
DA:572,0
DA:573,0
DA:574,0
DA:575,0
DA:577,0
DA:579,0
DA:580,0
DA:583,0
DA:587,0
DA:590,0
DA:598,0
DA:599,0
DA:613,0
DA:614,0
DA:631,0
DA:634,0
DA:640,0
DA:641,0
DA:642,0
DA:643,0
DA:644,0
DA:656,0
DA:657,0
DA:659,0
DA:661,0
DA:667,0
DA:668,0
DA:673,0
DA:674,0
DA:676,0
DA:677,0
DA:678,0
DA:679,0
DA:680,0
DA:681,0
DA:682,0
DA:684,0
DA:686,0
DA:687,0
DA:690,0
DA:694,0
DA:697,0
DA:704,0
DA:705,0
DA:706,0
DA:707,0
DA:708,0
DA:720,0
DA:721,0
DA:723,0
DA:724,0
DA:735,0
DA:736,0
DA:741,0
DA:742,0
DA:744,0
DA:745,0
DA:746,0
DA:747,0
DA:748,0
DA:749,0
DA:750,0
DA:752,0
DA:754,0
DA:755,0
DA:758,0
DA:762,0
DA:765,0
DA:773,0
DA:774,0
DA:775,0
DA:785,0
DA:786,0
DA:788,0
DA:795,0
DA:796,0
DA:798,0
DA:810,0
DA:811,0
DA:813,0
DA:816,0
DA:823,0
DA:824,0
DA:825,0
DA:827,0
DA:828,0
DA:829,0
DA:839,0
DA:840,0
DA:842,0
DA:849,0
DA:850,0
DA:852,0
DA:853,0
DA:868,0
DA:869,0
DA:871,0
DA:874,0
DA:882,0
DA:883,0
DA:884,0
DA:886,0
DA:887,0
DA:888,0
DA:889,0
DA:891,0
DA:892,0
DA:893,0
DA:896,0
DA:897,0
DA:902,0
DA:903,0
DA:910,0
DA:911,0
DA:912,0
DA:913,0
DA:920,0
DA:923,0
DA:931,0
DA:932,0
DA:933,0
DA:934,0
DA:946,0
DA:951,0
DA:952,0
DA:954,0
DA:955,0
DA:959,0
DA:963,0
DA:964,0
DA:965,0
DA:968,0
DA:969,0
DA:971,0
DA:972,0
DA:973,0
DA:974,0
DA:977,0
DA:978,0
DA:980,0
DA:981,0
DA:983,0
DA:990,0
DA:991,0
DA:994,0
DA:998,0
DA:1000,0
DA:1001,0
DA:1002,0
DA:1004,0
DA:1006,0
DA:1008,0
DA:1009,0
DA:1010,0
DA:1012,0
DA:1014,0
DA:1016,0
DA:1017,0
DA:1018,0
DA:1020,0
DA:1021,0
DA:1023,0
DA:1024,0
DA:1025,0
DA:1027,0
DA:1028,0
DA:1030,0
DA:1031,0
DA:1032,0
DA:1034,0
DA:1035,0
DA:1037,0
DA:1038,0
DA:1039,0
DA:1041,0
DA:1042,0
DA:1044,0
DA:1049,0
DA:1052,0
DA:1059,0
DA:1060,0
DA:1061,0
DA:1063,0
DA:1065,0
DA:1069,0
DA:1071,0
DA:1072,0
DA:1074,0
DA:1078,0
DA:1079,0
DA:1084,0
DA:1085,0
DA:1086,0
DA:1087,0
DA:1088,0
DA:1089,0
DA:1092,0
DA:1093,0
DA:1094,0
DA:1095,0
DA:1097,0
DA:1099,0
DA:1102,0
DA:1107,0
DA:1108,0
DA:1115,0
DA:1116,0
DA:1118,0
DA:1119,0
DA:1123,0
DA:1124,0
DA:1126,0
DA:1127,0
DA:1128,0
DA:1132,0
DA:1136,0
DA:1137,0
DA:1140,0
DA:1141,0
DA:1143,0
DA:1144,0
DA:1145,0
DA:1148,0
DA:1150,0
DA:1154,0
DA:1155,0
DA:1159,0
DA:1160,0
DA:1162,0
DA:1163,0
DA:1165,0
DA:1166,0
DA:1169,0
DA:1170,0
DA:1175,0
DA:1176,0
DA:1179,0
DA:1180,0
DA:1182,0
DA:1183,0
DA:1185,0
DA:1186,0
DA:1189,0
DA:1190,0
DA:1195,0
DA:1196,0
DA:1199,0
DA:1200,0
DA:1205,0
DA:1208,0
DA:1215,0
DA:1216,0
DA:1217,0
DA:1218,0
DA:1219,0
DA:1220,0
DA:1222,0
DA:1223,0
DA:1234,0
DA:1235,0
DA:1237,0
DA:1239,0
DA:1252,0
DA:1253,0
DA:1254,0
DA:1257,0
DA:1276,0
DA:1277,0
DA:1280,0
DA:1281,0
DA:1282,0
DA:1283,0
DA:1285,0
DA:1288,0
DA:1291,0
DA:1294,0
DA:1295,0
DA:1296,0
DA:1299,0
DA:1300,0
DA:1301,0
DA:1302,0
DA:1306,0
DA:1307,0
DA:1309,0
DA:1310,0
DA:1311,0
DA:1312,0
DA:1313,0
DA:1314,0
DA:1315,0
DA:1317,0
DA:1319,0
DA:1320,0
DA:1323,0
DA:1327,0
DA:1330,0
DA:1338,0
DA:1339,0
DA:1340,0
DA:1342,0
DA:1343,0
DA:1348,0
DA:1349,0
DA:1350,0
DA:1351,0
DA:1352,0
DA:1354,0
DA:1358,0
DA:1360,0
DA:1361,0
DA:1363,0
DA:1364,0
DA:1367,0
DA:1368,0
DA:1370,0
DA:1372,0
DA:1373,0
DA:1375,0
DA:1378,0
DA:1381,0
DA:1384,0
DA:1386,0
DA:1388,0
DA:1389,0
DA:1390,0
DA:1392,0
DA:1395,0
DA:1398,0
DA:1401,0
DA:1403,0
DA:1405,0
DA:1406,0
DA:1408,0
DA:1411,0
DA:1414,0
DA:1417,0
DA:1418,0
DA:1420,0
DA:1421,0
DA:1423,0
DA:1424,0
DA:1427,0
DA:1430,0
DA:1433,0
DA:1434,0
DA:1436,0
DA:1437,0
DA:1439,0
DA:1442,0
DA:1445,0
DA:1448,0
DA:1449,0
DA:1451,0
DA:1452,0
DA:1456,0
DA:1457,0
DA:1459,0
DA:1460,0
DA:1469,0
DA:1470,0
DA:1471,0
DA:1473,0
DA:1474,0
DA:1475,0
DA:1476,0
DA:1477,0
DA:1478,0
DA:1479,0
DA:1481,0
DA:1482,0
DA:1493,0
DA:1494,0
DA:1496,0
DA:1497,0
DA:1498,0
DA:1500,0
DA:1501,0
DA:1502,0
DA:1503,0
DA:1509,0
DA:1510,0
DA:1512,0
DA:1515,0
DA:1516,0
DA:1517,0
DA:1519,0
DA:1520,0
DA:1521,0
DA:1529,0
DA:1530,0
DA:1531,0
DA:1533,0
DA:1534,0
DA:1536,0
DA:1537,0
DA:1540,0
DA:1541,0
DA:1547,0
DA:1552,0
DA:1553,0
DA:1554,0
DA:1556,0
DA:1561,0
DA:1562,0
DA:1563,0
DA:1564,0
DA:1565,0
DA:1566,0
DA:1567,0
DA:1568,0
DA:1571,0
DA:1572,0
DA:1575,0
DA:1576,0
DA:1579,0
DA:1580,0
DA:1581,0
DA:1583,0
DA:1585,0
DA:1589,0
DA:1590,0
DA:1591,0
DA:1593,0
DA:1595,0
DA:1597,0
DA:1598,0
DA:1599,0
DA:1601,0
DA:1602,0
DA:1604,0
DA:1605,0
DA:1607,0
DA:1608,0
DA:1610,0
DA:1614,0
DA:1617,0
DA:1620,0
DA:1629,0
DA:1630,0
DA:1631,0
DA:1633,0
DA:1634,0
DA:1635,0
DA:1646,0
DA:1647,0
DA:1649,0
DA:1650,0
DA:1651,0
DA:1652,0
DA:1658,0
DA:1660,0
DA:1661,0
DA:1662,0
DA:1664,0
DA:1667,0
DA:1670,0
DA:1674,0
DA:1678,0
DA:1682,0
DA:1685,0
DA:1693,0
DA:1694,0
DA:1695,0
DA:1698,0
DA:1699,0
DA:1700,0
DA:1702,0
DA:1704,0
DA:1705,0
DA:1708,0
DA:1711,0
DA:1714,0
DA:1716,0
DA:1717,0
DA:1718,0
DA:1721,0
DA:1724,0
DA:1727,0
DA:1729,0
DA:1730,0
DA:1731,0
DA:1734,0
DA:1737,0
DA:1740,0
DA:1742,0
DA:1743,0
DA:1746,0
DA:1747,0
DA:1750,0
DA:1753,0
DA:1756,0
DA:1757,0
DA:1763,0
DA:1764,0
DA:1765,0
DA:1767,0
DA:1768,0
DA:1769,0
DA:1780,0
DA:1781,0
DA:1783,0
DA:1784,0
DA:1793,0
DA:1794,0
DA:1796,0
DA:1799,0
DA:1802,0
DA:1811,0
DA:1812,0
DA:1813,0
DA:1815,0
DA:1816,0
DA:1827,0
DA:1828,0
DA:1830,0
DA:1843,0
DA:1844,0
DA:1846,0
DA:1858,0
DA:1866,0
DA:1868,0
DA:1869,0
DA:1872,0
DA:1875,0
DA:1885,0
DA:1886,0
DA:1887,0
DA:1888,0
DA:1889,0
DA:1891,0
DA:1892,0
DA:1893,0
DA:1906,0
DA:1907,0
DA:1909,0
DA:1910,0
DA:1912,0
DA:1914,0
DA:1922,0
DA:1923,0
DA:1925,0
DA:1926,0
DA:1931,0
DA:1932,0
DA:1934,0
DA:1935,0
DA:1936,0
DA:1937,0
DA:1938,0
DA:1939,0
DA:1940,0
DA:1942,0
DA:1944,0
DA:1945,0
DA:1948,0
DA:1952,0
DA:1955,0
DA:1964,0
DA:1965,0
DA:1966,0
DA:1968,0
DA:1970,0
DA:1980,0
DA:1981,0
DA:1983,0
DA:1996,0
DA:1997,0
DA:1999,0
DA:2005,0
DA:2008,0
DA:2016,5
DA:2017,5
DA:2018,1
DA:2020,4
DA:2021,4
DA:2022,4
DA:2023,4
DA:2034,4
DA:2035,3
DA:2038,1
DA:2039,1
DA:2041,1
DA:2042,1
DA:2044,1
DA:2048,1
DA:2051,3
DA:2061,5
DA:2062,5
DA:2063,1
DA:2065,4
DA:2066,4
DA:2067,4
DA:2068,4
DA:2079,4
DA:2080,3
DA:2083,1
DA:2084,1
DA:2086,1
DA:2087,1
DA:2089,1
DA:2093,1
DA:2095,3
DA:2102,1
LF:802
LH:180
BRDA:56,0,0,3
BRDA:56,0,1,2
BRDA:78,1,0,1
BRDA:78,1,1,1
BRDA:148,2,0,3
BRDA:148,2,1,3
BRDA:148,3,0,6
BRDA:148,3,1,3
BRDA:171,4,0,1
BRDA:171,4,1,2
BRDA:174,5,0,0
BRDA:174,5,1,2
BRDA:232,6,0,2
BRDA:232,6,1,20
BRDA:261,7,0,3
BRDA:261,7,1,3
BRDA:281,8,0,4
BRDA:281,8,1,2
BRDA:281,9,0,6
BRDA:281,9,1,3
BRDA:296,10,0,1
BRDA:296,10,1,1
BRDA:332,11,0,3
BRDA:332,11,1,4
BRDA:332,12,0,7
BRDA:332,12,1,6
BRDA:332,12,2,5
BRDA:347,13,0,2
BRDA:347,13,1,2
BRDA:374,14,0,3
BRDA:374,14,1,4
BRDA:374,15,0,7
BRDA:374,15,1,5
BRDA:389,16,0,2
BRDA:389,16,1,2
BRDA:392,17,0,1
BRDA:392,17,1,1
BRDA:409,18,0,0
BRDA:409,18,1,1
BRDA:421,19,0,0
BRDA:421,19,1,1
BRDA:421,20,0,1
BRDA:421,20,1,0
BRDA:427,21,0,0
BRDA:427,21,1,0
BRDA:432,22,0,0
BRDA:432,22,1,0
BRDA:438,23,0,0
BRDA:438,23,1,0
BRDA:443,24,0,0
BRDA:443,24,1,0
BRDA:490,25,0,0
BRDA:490,25,1,0
BRDA:490,26,0,0
BRDA:490,26,1,0
BRDA:490,26,2,0
BRDA:490,26,3,0
BRDA:490,26,4,0
BRDA:490,26,5,0
BRDA:504,27,0,0
BRDA:504,27,1,0
BRDA:515,28,0,0
BRDA:515,28,1,0
BRDA:535,29,0,0
BRDA:535,29,1,0
BRDA:552,30,0,0
BRDA:552,30,1,0
BRDA:656,31,0,0
BRDA:656,31,1,0
BRDA:720,32,0,0
BRDA:720,32,1,0
BRDA:785,33,0,0
BRDA:785,33,1,0
BRDA:795,34,0,0
BRDA:795,34,1,0
BRDA:810,35,0,0
BRDA:810,35,1,0
BRDA:824,36,0,0
BRDA:824,36,1,0
BRDA:824,37,0,0
BRDA:824,37,1,0
BRDA:824,37,2,0
BRDA:839,38,0,0
BRDA:839,38,1,0
BRDA:849,39,0,0
BRDA:849,39,1,0
BRDA:868,40,0,0
BRDA:868,40,1,0
BRDA:883,41,0,0
BRDA:883,41,1,0
BRDA:883,42,0,0
BRDA:883,42,1,0
BRDA:887,43,0,0
BRDA:887,43,1,0
BRDA:887,44,0,0
BRDA:887,44,1,0
BRDA:888,45,0,0
BRDA:888,45,1,0
BRDA:891,46,0,0
BRDA:891,46,1,0
BRDA:910,47,0,0
BRDA:910,47,1,0
BRDA:954,48,0,0
BRDA:954,48,1,0
BRDA:959,49,0,0
BRDA:959,49,1,0
BRDA:959,49,2,0
BRDA:959,49,3,0
BRDA:959,49,4,0
BRDA:959,49,5,0
BRDA:959,49,6,0
BRDA:959,49,7,0
BRDA:959,49,8,0
BRDA:959,49,9,0
BRDA:959,49,10,0
BRDA:959,49,11,0
BRDA:963,50,0,0
BRDA:963,50,1,0
BRDA:971,51,0,0
BRDA:971,51,1,0
BRDA:980,52,0,0
BRDA:980,52,1,0
BRDA:1000,53,0,0
BRDA:1000,53,1,0
BRDA:1008,54,0,0
BRDA:1008,54,1,0
BRDA:1016,55,0,0
BRDA:1016,55,1,0
BRDA:1023,56,0,0
BRDA:1023,56,1,0
BRDA:1030,57,0,0
BRDA:1030,57,1,0
BRDA:1037,58,0,0
BRDA:1037,58,1,0
BRDA:1085,59,0,0
BRDA:1085,59,1,0
BRDA:1115,60,0,0
BRDA:1115,60,1,0
BRDA:1119,61,0,0
BRDA:1119,61,1,0
BRDA:1119,61,2,0
BRDA:1119,61,3,0
BRDA:1119,61,4,0
BRDA:1119,61,5,0
BRDA:1119,61,6,0
BRDA:1219,62,0,0
BRDA:1219,62,1,0
BRDA:1234,63,0,0
BRDA:1234,63,1,0
BRDA:1252,64,0,0
BRDA:1252,64,1,0
BRDA:1280,65,0,0
BRDA:1280,65,1,0
BRDA:1281,66,0,0
BRDA:1281,66,1,0
BRDA:1299,67,0,0
BRDA:1299,67,1,0
BRDA:1299,68,0,0
BRDA:1299,68,1,0
BRDA:1351,69,0,0
BRDA:1351,69,1,0
BRDA:1360,70,0,0
BRDA:1360,70,1,0
BRDA:1363,71,0,0
BRDA:1363,71,1,0
BRDA:1370,72,0,0
BRDA:1370,72,1,0
BRDA:1370,72,2,0
BRDA:1370,72,3,0
BRDA:1370,72,4,0
BRDA:1370,72,5,0
BRDA:1370,72,6,0
BRDA:1370,72,7,0
BRDA:1370,72,8,0
BRDA:1370,72,9,0
BRDA:1372,73,0,0
BRDA:1372,73,1,0
BRDA:1389,74,0,0
BRDA:1389,74,1,0
BRDA:1405,75,0,0
BRDA:1405,75,1,0
BRDA:1420,76,0,0
BRDA:1420,76,1,0
BRDA:1436,77,0,0
BRDA:1436,77,1,0
BRDA:1470,78,0,0
BRDA:1470,78,1,0
BRDA:1470,79,0,0
BRDA:1470,79,1,0
BRDA:1470,79,2,0
BRDA:1470,79,3,0
BRDA:1470,79,4,0
BRDA:1493,80,0,0
BRDA:1493,80,1,0
BRDA:1501,81,0,0
BRDA:1501,81,1,0
BRDA:1502,82,0,0
BRDA:1502,82,1,0
BRDA:1512,83,0,0
BRDA:1512,83,1,0
BRDA:1512,83,2,0
BRDA:1512,83,3,0
BRDA:1512,83,4,0
BRDA:1512,83,5,0
BRDA:1512,83,6,0
BRDA:1512,83,7,0
BRDA:1512,83,8,0
BRDA:1512,83,9,0
BRDA:1512,83,10,0
BRDA:1515,84,0,0
BRDA:1515,84,1,0
BRDA:1519,85,0,0
BRDA:1519,85,1,0
BRDA:1529,86,0,0
BRDA:1529,86,1,0
BRDA:1540,87,0,0
BRDA:1540,87,1,0
BRDA:1564,88,0,0
BRDA:1564,88,1,0
BRDA:1566,89,0,0
BRDA:1566,89,1,0
BRDA:1590,90,0,0
BRDA:1590,90,1,0
BRDA:1595,91,0,0
BRDA:1595,91,1,0
BRDA:1595,91,2,0
BRDA:1595,91,3,0
BRDA:1595,91,4,0
BRDA:1630,92,0,0
BRDA:1630,92,1,0
BRDA:1630,93,0,0
BRDA:1630,93,1,0
BRDA:1646,94,0,0
BRDA:1646,94,1,0
BRDA:1695,95,0,0
BRDA:1695,95,1,0
BRDA:1695,95,2,0
BRDA:1695,95,3,0
BRDA:1695,95,4,0
BRDA:1695,95,5,0
BRDA:1695,95,6,0
BRDA:1764,96,0,0
BRDA:1764,96,1,0
BRDA:1764,97,0,0
BRDA:1764,97,1,0
BRDA:1764,97,2,0
BRDA:1780,98,0,0
BRDA:1780,98,1,0
BRDA:1793,99,0,0
BRDA:1793,99,1,0
BRDA:1793,100,0,0
BRDA:1793,100,1,0
BRDA:1793,100,2,0
BRDA:1812,101,0,0
BRDA:1812,101,1,0
BRDA:1812,102,0,0
BRDA:1812,102,1,0
BRDA:1812,102,2,0
BRDA:1812,102,3,0
BRDA:1827,103,0,0
BRDA:1827,103,1,0
BRDA:1843,104,0,0
BRDA:1843,104,1,0
BRDA:1888,105,0,0
BRDA:1888,105,1,0
BRDA:1888,106,0,0
BRDA:1888,106,1,0
BRDA:1888,106,2,0
BRDA:1906,107,0,0
BRDA:1906,107,1,0
BRDA:1909,108,0,0
BRDA:1909,108,1,0
BRDA:1922,109,0,0
BRDA:1922,109,1,0
BRDA:1965,110,0,0
BRDA:1965,110,1,0
BRDA:1965,111,0,0
BRDA:1965,111,1,0
BRDA:1965,111,2,0
BRDA:1965,111,3,0
BRDA:1980,112,0,0
BRDA:1980,112,1,0
BRDA:1996,113,0,0
BRDA:1996,113,1,0
BRDA:2017,114,0,1
BRDA:2017,114,1,4
BRDA:2017,115,0,5
BRDA:2017,115,1,4
BRDA:2034,116,0,3
BRDA:2034,116,1,1
BRDA:2062,117,0,1
BRDA:2062,117,1,4
BRDA:2062,118,0,5
BRDA:2062,118,1,4
BRDA:2079,119,0,3
BRDA:2079,119,1,1
BRF:296
BRH:51
end_of_record
TN:
SF:E:\Bitbuckets\socioboard-4.0-nodejs\apis\user\core\unauthorized\utils\unauthorizedlibs.js
FN:23,(anonymous_0)
FN:34,(anonymous_1)
FN:35,(anonymous_2)
FN:50,(anonymous_3)
FN:54,(anonymous_4)
FN:61,(anonymous_5)
FN:62,(anonymous_6)
FN:72,(anonymous_7)
FN:92,(anonymous_8)
FN:104,(anonymous_9)
FN:108,(anonymous_10)
FN:120,(anonymous_11)
FN:125,(anonymous_12)
FN:134,(anonymous_13)
FN:139,(anonymous_14)
FN:161,(anonymous_15)
FN:168,(anonymous_16)
FN:177,(anonymous_17)
FN:180,(anonymous_18)
FN:190,(anonymous_19)
FN:192,(anonymous_20)
FN:197,(anonymous_21)
FN:200,(anonymous_22)
FN:243,(anonymous_23)
FN:250,(anonymous_24)
FN:254,(anonymous_25)
FN:261,(anonymous_26)
FN:268,(anonymous_27)
FN:272,(anonymous_28)
FN:277,(anonymous_29)
FN:281,(anonymous_30)
FN:328,(anonymous_31)
FN:335,(anonymous_32)
FN:339,(anonymous_33)
FN:346,(anonymous_34)
FN:353,(anonymous_35)
FN:355,(anonymous_36)
FN:360,(anonymous_37)
FN:364,(anonymous_38)
FN:367,(anonymous_39)
FN:371,(anonymous_40)
FN:382,(anonymous_41)
FN:385,(anonymous_42)
FN:392,(anonymous_43)
FN:393,(anonymous_44)
FN:415,(anonymous_45)
FN:418,(anonymous_46)
FN:427,(anonymous_47)
FN:428,(anonymous_48)
FN:433,(anonymous_49)
FN:447,(anonymous_50)
FN:450,(anonymous_51)
FN:456,(anonymous_52)
FN:463,(anonymous_53)
FN:464,(anonymous_54)
FN:476,(anonymous_55)
FN:479,(anonymous_56)
FN:487,(anonymous_57)
FN:488,(anonymous_58)
FN:500,(anonymous_59)
FN:511,(anonymous_60)
FN:513,(anonymous_61)
FN:522,(anonymous_62)
FN:523,(anonymous_63)
FN:533,(anonymous_64)
FN:542,(anonymous_65)
FN:544,(anonymous_66)
FN:551,(anonymous_67)
FN:553,(anonymous_68)
FN:569,(anonymous_69)
FN:584,(anonymous_70)
FN:587,(anonymous_71)
FN:590,(anonymous_72)
FN:593,(anonymous_73)
FN:603,(anonymous_74)
FN:605,(anonymous_75)
FN:613,(anonymous_76)
FN:615,(anonymous_77)
FN:631,(anonymous_78)
FN:645,(anonymous_79)
FN:648,(anonymous_80)
FN:651,(anonymous_81)
FN:654,(anonymous_82)
FN:673,(anonymous_83)
FN:676,(anonymous_84)
FN:685,(anonymous_85)
FN:687,(anonymous_86)
FN:704,(anonymous_87)
FN:730,(anonymous_88)
FN:732,(anonymous_89)
FN:736,(anonymous_90)
FN:737,(anonymous_91)
FN:748,(anonymous_92)
FN:752,(anonymous_93)
FN:759,(anonymous_94)
FN:760,(anonymous_95)
FN:769,(anonymous_96)
FN:772,(anonymous_97)
FN:782,(anonymous_98)
FN:783,(anonymous_99)
FN:789,(anonymous_100)
FN:797,(anonymous_101)
FN:804,(anonymous_102)
FN:805,(anonymous_103)
FN:813,(anonymous_104)
FN:819,(anonymous_105)
FN:826,(anonymous_106)
FN:827,(anonymous_107)
FN:835,(anonymous_108)
FN:841,(anonymous_109)
FNF:110
FNH:60
FNDA:20,(anonymous_0)
FNDA:3,(anonymous_1)
FNDA:3,(anonymous_2)
FNDA:2,(anonymous_3)
FNDA:0,(anonymous_4)
FNDA:2,(anonymous_5)
FNDA:2,(anonymous_6)
FNDA:2,(anonymous_7)
FNDA:1,(anonymous_8)
FNDA:1,(anonymous_9)
FNDA:1,(anonymous_10)
FNDA:1,(anonymous_11)
FNDA:1,(anonymous_12)
FNDA:1,(anonymous_13)
FNDA:1,(anonymous_14)
FNDA:1,(anonymous_15)
FNDA:1,(anonymous_16)
FNDA:1,(anonymous_17)
FNDA:1,(anonymous_18)
FNDA:1,(anonymous_19)
FNDA:1,(anonymous_20)
FNDA:0,(anonymous_21)
FNDA:0,(anonymous_22)
FNDA:0,(anonymous_23)
FNDA:0,(anonymous_24)
FNDA:0,(anonymous_25)
FNDA:0,(anonymous_26)
FNDA:1,(anonymous_27)
FNDA:1,(anonymous_28)
FNDA:0,(anonymous_29)
FNDA:0,(anonymous_30)
FNDA:0,(anonymous_31)
FNDA:0,(anonymous_32)
FNDA:0,(anonymous_33)
FNDA:0,(anonymous_34)
FNDA:0,(anonymous_35)
FNDA:0,(anonymous_36)
FNDA:0,(anonymous_37)
FNDA:0,(anonymous_38)
FNDA:0,(anonymous_39)
FNDA:0,(anonymous_40)
FNDA:0,(anonymous_41)
FNDA:0,(anonymous_42)
FNDA:3,(anonymous_43)
FNDA:3,(anonymous_44)
FNDA:2,(anonymous_45)
FNDA:0,(anonymous_46)
FNDA:2,(anonymous_47)
FNDA:2,(anonymous_48)
FNDA:1,(anonymous_49)
FNDA:0,(anonymous_50)
FNDA:0,(anonymous_51)
FNDA:0,(anonymous_52)
FNDA:1,(anonymous_53)
FNDA:1,(anonymous_54)
FNDA:0,(anonymous_55)
FNDA:0,(anonymous_56)
FNDA:0,(anonymous_57)
FNDA:0,(anonymous_58)
FNDA:0,(anonymous_59)
FNDA:0,(anonymous_60)
FNDA:0,(anonymous_61)
FNDA:4,(anonymous_62)
FNDA:4,(anonymous_63)
FNDA:2,(anonymous_64)
FNDA:1,(anonymous_65)
FNDA:1,(anonymous_66)
FNDA:2,(anonymous_67)
FNDA:2,(anonymous_68)
FNDA:2,(anonymous_69)
FNDA:1,(anonymous_70)
FNDA:1,(anonymous_71)
FNDA:1,(anonymous_72)
FNDA:0,(anonymous_73)
FNDA:1,(anonymous_74)
FNDA:1,(anonymous_75)
FNDA:5,(anonymous_76)
FNDA:5,(anonymous_77)
FNDA:3,(anonymous_78)
FNDA:0,(anonymous_79)
FNDA:0,(anonymous_80)
FNDA:0,(anonymous_81)
FNDA:0,(anonymous_82)
FNDA:2,(anonymous_83)
FNDA:1,(anonymous_84)
FNDA:6,(anonymous_85)
FNDA:6,(anonymous_86)
FNDA:6,(anonymous_87)
FNDA:0,(anonymous_88)
FNDA:0,(anonymous_89)
FNDA:0,(anonymous_90)
FNDA:0,(anonymous_91)
FNDA:0,(anonymous_92)
FNDA:0,(anonymous_93)
FNDA:0,(anonymous_94)
FNDA:0,(anonymous_95)
FNDA:5,(anonymous_96)
FNDA:1,(anonymous_97)
FNDA:4,(anonymous_98)
FNDA:4,(anonymous_99)
FNDA:2,(anonymous_100)
FNDA:2,(anonymous_101)
FNDA:3,(anonymous_102)
FNDA:3,(anonymous_103)
FNDA:2,(anonymous_104)
FNDA:0,(anonymous_105)
FNDA:0,(anonymous_106)
FNDA:0,(anonymous_107)
FNDA:0,(anonymous_108)
FNDA:0,(anonymous_109)
DA:1,1
DA:2,1
DA:4,1
DA:5,1
DA:6,1
DA:7,1
DA:8,1
DA:9,1
DA:10,1
DA:11,1
DA:12,1
DA:14,1
DA:15,1
DA:16,1
DA:17,1
DA:18,1
DA:19,1
DA:24,20
DA:25,20
DA:26,20
DA:27,20
DA:29,20
DA:30,20
DA:31,20
DA:35,3
DA:36,3
DA:37,1
DA:40,2
DA:51,2
DA:52,2
DA:55,0
DA:62,2
DA:63,2
DA:64,0
DA:66,2
DA:67,2
DA:68,2
DA:69,2
DA:70,2
DA:72,2
DA:74,2
DA:93,1
DA:94,1
DA:95,1
DA:96,1
DA:105,1
DA:109,1
DA:121,1
DA:122,1
DA:126,1
DA:135,1
DA:136,1
DA:140,1
DA:141,0
DA:158,1
DA:162,1
DA:163,0
DA:164,0
DA:166,1
DA:169,1
DA:170,0
DA:171,0
DA:173,0
DA:178,1
DA:181,1
DA:191,1
DA:192,1
DA:193,1
DA:194,1
DA:196,0
DA:198,0
DA:201,0
DA:202,0
DA:204,0
DA:240,0
DA:244,0
DA:245,0
DA:247,0
DA:251,0
DA:252,0
DA:255,0
DA:256,0
DA:258,0
DA:262,0
DA:269,1
DA:270,1
DA:272,1
DA:273,1
DA:274,1
DA:276,0
DA:278,0
DA:279,0
DA:282,0
DA:283,0
DA:285,0
DA:286,0
DA:287,0
DA:288,0
DA:290,0
DA:325,0
DA:329,0
DA:330,0
DA:332,0
DA:336,0
DA:337,0
DA:340,0
DA:341,0
DA:343,0
DA:347,0
DA:355,0
DA:356,0
DA:357,0
DA:359,0
DA:361,0
DA:362,0
DA:363,0
DA:365,0
DA:368,0
DA:372,0
DA:373,0
DA:375,0
DA:383,0
DA:386,0
DA:393,3
DA:394,3
DA:395,1
DA:397,2
DA:416,2
DA:419,0
DA:428,2
DA:429,2
DA:430,1
DA:432,1
DA:434,1
DA:435,0
DA:439,1
DA:440,1
DA:441,1
DA:446,1
DA:448,0
DA:451,0
DA:453,1
DA:457,0
DA:464,1
DA:465,1
DA:466,0
DA:468,1
DA:469,1
DA:470,1
DA:475,1
DA:477,0
DA:480,0
DA:482,1
DA:488,0
DA:489,0
DA:490,0
DA:491,0
DA:492,0
DA:494,0
DA:501,0
DA:502,0
DA:503,0
DA:504,0
DA:505,0
DA:512,0
DA:514,0
DA:523,4
DA:524,4
DA:525,2
DA:527,2
DA:534,2
DA:535,1
DA:536,1
DA:543,1
DA:545,1
DA:552,2
DA:553,2
DA:554,2
DA:555,0
DA:557,2
DA:570,2
DA:571,2
DA:572,1
DA:573,1
DA:574,1
DA:575,1
DA:585,1
DA:588,1
DA:589,1
DA:591,1
DA:594,0
DA:599,0
DA:600,0
DA:604,1
DA:606,1
DA:614,5
DA:615,5
DA:616,5
DA:617,2
DA:619,3
DA:632,3
DA:633,3
DA:634,1
DA:636,2
DA:638,2
DA:639,0
DA:640,0
DA:641,0
DA:646,0
DA:649,0
DA:650,0
DA:652,0
DA:655,0
DA:659,0
DA:660,0
DA:664,2
DA:665,1
DA:668,1
DA:674,2
DA:677,1
DA:686,6
DA:687,6
DA:688,6
DA:689,0
DA:692,6
DA:705,6
DA:706,1
DA:708,5
DA:709,1
DA:711,4
DA:712,3
DA:714,1
DA:715,0
DA:716,0
DA:719,0
DA:721,0
DA:723,0
DA:724,0
DA:725,0
DA:726,0
DA:731,0
DA:733,0
DA:734,0
DA:735,0
DA:736,0
DA:737,0
DA:740,0
DA:741,0
DA:745,0
DA:749,0
DA:753,0
DA:757,0
DA:759,0
DA:761,0
DA:766,1
DA:770,5
DA:773,1
DA:783,4
DA:784,4
DA:785,1
DA:788,3
DA:790,2
DA:791,0
DA:792,2
DA:793,1
DA:795,1
DA:798,2
DA:805,3
DA:806,3
DA:807,1
DA:809,2
DA:814,2
DA:815,1
DA:817,1
DA:820,0
DA:827,0
DA:828,0
DA:829,0
DA:831,0
DA:836,0
DA:837,0
DA:839,0
DA:842,0
DA:854,1
LF:284
LH:159
BRDA:36,0,0,1
BRDA:36,0,1,2
BRDA:36,1,0,3
BRDA:36,1,1,1
BRDA:51,2,0,1
BRDA:51,2,1,1
BRDA:63,3,0,0
BRDA:63,3,1,2
BRDA:140,4,0,0
BRDA:140,4,1,1
BRDA:140,5,0,1
BRDA:140,5,1,0
BRDA:162,6,0,0
BRDA:162,6,1,1
BRDA:162,7,0,1
BRDA:162,7,1,0
BRDA:169,8,0,0
BRDA:169,8,1,1
BRDA:169,9,0,1
BRDA:169,9,1,0
BRDA:193,10,0,1
BRDA:193,10,1,0
BRDA:201,11,0,0
BRDA:201,11,1,0
BRDA:211,12,0,0
BRDA:211,12,1,0
BRDA:211,13,0,0
BRDA:211,13,1,0
BRDA:244,14,0,0
BRDA:244,14,1,0
BRDA:251,15,0,0
BRDA:251,15,1,0
BRDA:251,16,0,0
BRDA:251,16,1,0
BRDA:255,17,0,0
BRDA:255,17,1,0
BRDA:273,18,0,1
BRDA:273,18,1,0
BRDA:282,19,0,0
BRDA:282,19,1,0
BRDA:287,20,0,0
BRDA:287,20,1,0
BRDA:329,21,0,0
BRDA:329,21,1,0
BRDA:336,22,0,0
BRDA:336,22,1,0
BRDA:336,23,0,0
BRDA:336,23,1,0
BRDA:340,24,0,0
BRDA:340,24,1,0
BRDA:356,25,0,0
BRDA:356,25,1,0
BRDA:356,26,0,0
BRDA:356,26,1,0
BRDA:361,27,0,0
BRDA:361,27,1,0
BRDA:372,28,0,0
BRDA:372,28,1,0
BRDA:394,29,0,1
BRDA:394,29,1,2
BRDA:394,30,0,3
BRDA:394,30,1,2
BRDA:429,31,0,1
BRDA:429,31,1,1
BRDA:434,32,0,0
BRDA:434,32,1,1
BRDA:465,33,0,0
BRDA:465,33,1,1
BRDA:489,34,0,0
BRDA:489,34,1,0
BRDA:489,35,0,0
BRDA:489,35,1,0
BRDA:489,35,2,0
BRDA:491,36,0,0
BRDA:491,36,1,0
BRDA:501,37,0,0
BRDA:501,37,1,0
BRDA:503,38,0,0
BRDA:503,38,1,0
BRDA:524,39,0,2
BRDA:524,39,1,2
BRDA:524,40,0,4
BRDA:524,40,1,3
BRDA:534,41,0,1
BRDA:534,41,1,1
BRDA:554,42,0,0
BRDA:554,42,1,2
BRDA:571,43,0,1
BRDA:571,43,1,1
BRDA:588,44,0,1
BRDA:588,44,1,0
BRDA:588,45,0,1
BRDA:588,45,1,1
BRDA:588,45,2,1
BRDA:616,46,0,2
BRDA:616,46,1,3
BRDA:616,47,0,5
BRDA:616,47,1,4
BRDA:633,48,0,1
BRDA:633,48,1,2
BRDA:638,49,0,0
BRDA:638,49,1,2
BRDA:649,50,0,0
BRDA:649,50,1,0
BRDA:649,51,0,0
BRDA:649,51,1,0
BRDA:649,51,2,0
BRDA:664,52,0,1
BRDA:664,52,1,1
BRDA:688,53,0,0
BRDA:688,53,1,6
BRDA:688,54,0,6
BRDA:688,54,1,6
BRDA:705,55,0,1
BRDA:705,55,1,5
BRDA:708,56,0,1
BRDA:708,56,1,4
BRDA:711,57,0,3
BRDA:711,57,1,1
BRDA:714,58,0,0
BRDA:714,58,1,1
BRDA:723,59,0,0
BRDA:723,59,1,0
BRDA:733,60,0,0
BRDA:733,60,1,0
BRDA:734,61,0,0
BRDA:734,61,1,0
BRDA:734,62,0,0
BRDA:734,62,1,0
BRDA:734,62,2,0
BRDA:784,63,0,1
BRDA:784,63,1,3
BRDA:790,64,0,0
BRDA:790,64,1,2
BRDA:792,65,0,1
BRDA:792,65,1,1
BRDA:806,66,0,1
BRDA:806,66,1,2
BRDA:814,67,0,1
BRDA:814,67,1,1
BRDA:828,68,0,0
BRDA:828,68,1,0
BRDA:836,69,0,0
BRDA:836,69,1,0
BRF:144
BRH:64
end_of_record
TN:
SF:E:\Bitbuckets\socioboard-4.0-nodejs\apis\user\utils\logger.js
FN:45,(anonymous_0)
FNF:1
FNH:0
FNDA:0,(anonymous_0)
DA:1,8
DA:2,8
DA:3,8
DA:4,8
DA:6,8
DA:7,0
DA:9,8
DA:11,8
DA:35,8
DA:44,8
DA:46,0
DA:50,8
LF:12
LH:10
BRDA:6,0,0,0
BRDA:6,0,1,8
BRDA:13,1,0,0
BRDA:13,1,1,8
BRF:4
BRH:2
end_of_record
